Vivado Simulator 2018.3
Time resolution is 1 ps
Stopped at time : 0 fs : File "C:/Users/FoersterGame/Documents/GitHub/ENES246/10Latches/10_SR_Latch/SR_Latch.srcs/sources_1/imports/lab5_1_1/SR_latch_dataflow.v" Line 13
Stopped at time : 0 fs : File "C:/Users/FoersterGame/Documents/GitHub/ENES246/10Latches/10_SR_Latch/SR_Latch.srcs/sources_1/imports/lab5_1_1/SR_latch_dataflow.v" Line 14
Stopped at time : 0 fs : File "C:/Users/FoersterGame/Documents/GitHub/ENES246/10Latches/10_SR_Latch/SR_Latch.srcs/sources_1/imports/lab5_1_1/SR_latch_dataflow.v" Line 15
Stopped at time : 0 fs : File "C:/Users/FoersterGame/Documents/GitHub/ENES246/10Latches/10_SR_Latch/SR_Latch.srcs/sources_1/imports/lab5_1_1/SR_latch_dataflow.v" Line 16
Stopped at time : 0 fs : File "C:/Users/FoersterGame/Documents/GitHub/ENES246/10Latches/10_SR_Latch/SR_Latch.srcs/sources_1/imports/lab5_1_1/SR_latch_dataflow.v" Line 15
Stopped at time : 0 fs : File "C:/Users/FoersterGame/Documents/GitHub/ENES246/10Latches/10_SR_Latch/SR_Latch.srcs/sources_1/imports/lab5_1_1/SR_latch_dataflow.v" Line 16
Stopped at time : 10 ns : File "C:/Users/FoersterGame/Documents/GitHub/ENES246/10Latches/10_SR_Latch/SR_Latch.srcs/sources_1/imports/lab5_1_1/SR_latch_dataflow.v" Line 16
Stopped at time : 12 ns : File "C:/Users/FoersterGame/Documents/GitHub/ENES246/10Latches/10_SR_Latch/SR_Latch.srcs/sources_1/imports/lab5_1_1/SR_latch_dataflow.v" Line 14
Stopped at time : 14 ns : File "C:/Users/FoersterGame/Documents/GitHub/ENES246/10Latches/10_SR_Latch/SR_Latch.srcs/sources_1/imports/lab5_1_1/SR_latch_dataflow.v" Line 15
Stopped at time : 16 ns : File "C:/Users/FoersterGame/Documents/GitHub/ENES246/10Latches/10_SR_Latch/SR_Latch.srcs/sources_1/imports/lab5_1_1/SR_latch_dataflow.v" Line 13
Stopped at time : 18 ns : File "C:/Users/FoersterGame/Documents/GitHub/ENES246/10Latches/10_SR_Latch/SR_Latch.srcs/sources_1/imports/lab5_1_1/SR_latch_dataflow.v" Line 16
Stopped at time : 20 ns : File "C:/Users/FoersterGame/Documents/GitHub/ENES246/10Latches/10_SR_Latch/SR_Latch.srcs/sources_1/imports/lab5_1_1/SR_latch_dataflow.v" Line 16
Stopped at time : 30 ns : File "C:/Users/FoersterGame/Documents/GitHub/ENES246/10Latches/10_SR_Latch/SR_Latch.srcs/sources_1/imports/lab5_1_1/SR_latch_dataflow.v" Line 15
Stopped at time : 32 ns : File "C:/Users/FoersterGame/Documents/GitHub/ENES246/10Latches/10_SR_Latch/SR_Latch.srcs/sources_1/imports/lab5_1_1/SR_latch_dataflow.v" Line 13
Stopped at time : 34 ns : File "C:/Users/FoersterGame/Documents/GitHub/ENES246/10Latches/10_SR_Latch/SR_Latch.srcs/sources_1/imports/lab5_1_1/SR_latch_dataflow.v" Line 16
Stopped at time : 36 ns : File "C:/Users/FoersterGame/Documents/GitHub/ENES246/10Latches/10_SR_Latch/SR_Latch.srcs/sources_1/imports/lab5_1_1/SR_latch_dataflow.v" Line 14
Stopped at time : 38 ns : File "C:/Users/FoersterGame/Documents/GitHub/ENES246/10Latches/10_SR_Latch/SR_Latch.srcs/sources_1/imports/lab5_1_1/SR_latch_dataflow.v" Line 15
Stopped at time : 40 ns : File "C:/Users/FoersterGame/Documents/GitHub/ENES246/10Latches/10_SR_Latch/SR_Latch.srcs/sources_1/imports/lab5_1_1/SR_latch_dataflow.v" Line 15
Stopped at time : 40 ns : File "C:/Users/FoersterGame/Documents/GitHub/ENES246/10Latches/10_SR_Latch/SR_Latch.srcs/sources_1/imports/lab5_1_1/SR_latch_dataflow.v" Line 16
Stopped at time : 42 ns : File "C:/Users/FoersterGame/Documents/GitHub/ENES246/10Latches/10_SR_Latch/SR_Latch.srcs/sources_1/imports/lab5_1_1/SR_latch_dataflow.v" Line 14
Stopped at time : 44 ns : File "C:/Users/FoersterGame/Documents/GitHub/ENES246/10Latches/10_SR_Latch/SR_Latch.srcs/sources_1/imports/lab5_1_1/SR_latch_dataflow.v" Line 15
Stopped at time : 46 ns : File "C:/Users/FoersterGame/Documents/GitHub/ENES246/10Latches/10_SR_Latch/SR_Latch.srcs/sources_1/imports/lab5_1_1/SR_latch_dataflow.v" Line 13
Stopped at time : 48 ns : File "C:/Users/FoersterGame/Documents/GitHub/ENES246/10Latches/10_SR_Latch/SR_Latch.srcs/sources_1/imports/lab5_1_1/SR_latch_dataflow.v" Line 16
Stopped at time : 50 ns : File "C:/Users/FoersterGame/Documents/GitHub/ENES246/10Latches/10_SR_Latch/SR_Latch.srcs/sim_1/imports/lab5_1_1/SR_latch_dataflow_tb.v" Line 23
Stopped at time : 50 ns : File "C:/Users/FoersterGame/Documents/GitHub/ENES246/10Latches/10_SR_Latch/SR_Latch.srcs/sources_1/imports/lab5_1_1/SR_latch_dataflow.v" Line 15
Stopped at time : 50 ns : File "C:/Users/FoersterGame/Documents/GitHub/ENES246/10Latches/10_SR_Latch/SR_Latch.srcs/sources_1/imports/lab5_1_1/SR_latch_dataflow.v" Line 16
Stopped at time : 52 ns : File "C:/Users/FoersterGame/Documents/GitHub/ENES246/10Latches/10_SR_Latch/SR_Latch.srcs/sources_1/imports/lab5_1_1/SR_latch_dataflow.v" Line 13
Stopped at time : 54 ns : File "C:/Users/FoersterGame/Documents/GitHub/ENES246/10Latches/10_SR_Latch/SR_Latch.srcs/sources_1/imports/lab5_1_1/SR_latch_dataflow.v" Line 16
Stopped at time : 56 ns : File "C:/Users/FoersterGame/Documents/GitHub/ENES246/10Latches/10_SR_Latch/SR_Latch.srcs/sources_1/imports/lab5_1_1/SR_latch_dataflow.v" Line 14
Stopped at time : 58 ns : File "C:/Users/FoersterGame/Documents/GitHub/ENES246/10Latches/10_SR_Latch/SR_Latch.srcs/sources_1/imports/lab5_1_1/SR_latch_dataflow.v" Line 15
Stopped at time : 60 ns : File "C:/Users/FoersterGame/Documents/GitHub/ENES246/10Latches/10_SR_Latch/SR_Latch.srcs/sim_1/imports/lab5_1_1/SR_latch_dataflow_tb.v" Line 23
Stopped at time : 60 ns : File "C:/Users/FoersterGame/Documents/GitHub/ENES246/10Latches/10_SR_Latch/SR_Latch.srcs/sim_1/imports/lab5_1_1/SR_latch_dataflow_tb.v" Line 23
Stopped at time : 60 ns : File "C:/Users/FoersterGame/Documents/GitHub/ENES246/10Latches/10_SR_Latch/SR_Latch.srcs/sim_1/imports/lab5_1_1/SR_latch_dataflow_tb.v" Line 24
Stopped at time : 60 ns : File "C:/Users/FoersterGame/Documents/GitHub/ENES246/10Latches/10_SR_Latch/SR_Latch.srcs/sources_1/imports/lab5_1_1/SR_latch_dataflow.v" Line 15
Stopped at time : 60 ns : File "C:/Users/FoersterGame/Documents/GitHub/ENES246/10Latches/10_SR_Latch/SR_Latch.srcs/sources_1/imports/lab5_1_1/SR_latch_dataflow.v" Line 16
Stopped at time : 62 ns : File "C:/Users/FoersterGame/Documents/GitHub/ENES246/10Latches/10_SR_Latch/SR_Latch.srcs/sources_1/imports/lab5_1_1/SR_latch_dataflow.v" Line 14
Stopped at time : 64 ns : File "C:/Users/FoersterGame/Documents/GitHub/ENES246/10Latches/10_SR_Latch/SR_Latch.srcs/sources_1/imports/lab5_1_1/SR_latch_dataflow.v" Line 15
Stopped at time : 66 ns : File "C:/Users/FoersterGame/Documents/GitHub/ENES246/10Latches/10_SR_Latch/SR_Latch.srcs/sources_1/imports/lab5_1_1/SR_latch_dataflow.v" Line 13
Stopped at time : 68 ns : File "C:/Users/FoersterGame/Documents/GitHub/ENES246/10Latches/10_SR_Latch/SR_Latch.srcs/sources_1/imports/lab5_1_1/SR_latch_dataflow.v" Line 16
Stopped at time : 70 ns : File "C:/Users/FoersterGame/Documents/GitHub/ENES246/10Latches/10_SR_Latch/SR_Latch.srcs/sim_1/imports/lab5_1_1/SR_latch_dataflow_tb.v" Line 24
Stopped at time : 70 ns : File "C:/Users/FoersterGame/Documents/GitHub/ENES246/10Latches/10_SR_Latch/SR_Latch.srcs/sim_1/imports/lab5_1_1/SR_latch_dataflow_tb.v" Line 24
Stopped at time : 70 ns : File "C:/Users/FoersterGame/Documents/GitHub/ENES246/10Latches/10_SR_Latch/SR_Latch.srcs/sim_1/imports/lab5_1_1/SR_latch_dataflow_tb.v" Line 25
Stopped at time : 70 ns : File "C:/Users/FoersterGame/Documents/GitHub/ENES246/10Latches/10_SR_Latch/SR_Latch.srcs/sources_1/imports/lab5_1_1/SR_latch_dataflow.v" Line 15
Stopped at time : 70 ns : File "C:/Users/FoersterGame/Documents/GitHub/ENES246/10Latches/10_SR_Latch/SR_Latch.srcs/sources_1/imports/lab5_1_1/SR_latch_dataflow.v" Line 16
Stopped at time : 72 ns : File "C:/Users/FoersterGame/Documents/GitHub/ENES246/10Latches/10_SR_Latch/SR_Latch.srcs/sources_1/imports/lab5_1_1/SR_latch_dataflow.v" Line 13
Stopped at time : 74 ns : File "C:/Users/FoersterGame/Documents/GitHub/ENES246/10Latches/10_SR_Latch/SR_Latch.srcs/sources_1/imports/lab5_1_1/SR_latch_dataflow.v" Line 16
Stopped at time : 76 ns : File "C:/Users/FoersterGame/Documents/GitHub/ENES246/10Latches/10_SR_Latch/SR_Latch.srcs/sources_1/imports/lab5_1_1/SR_latch_dataflow.v" Line 14
Stopped at time : 78 ns : File "C:/Users/FoersterGame/Documents/GitHub/ENES246/10Latches/10_SR_Latch/SR_Latch.srcs/sources_1/imports/lab5_1_1/SR_latch_dataflow.v" Line 15
Stopped at time : 80 ns : File "C:/Users/FoersterGame/Documents/GitHub/ENES246/10Latches/10_SR_Latch/SR_Latch.srcs/sim_1/imports/lab5_1_1/SR_latch_dataflow_tb.v" Line 25
Stopped at time : 80 ns : File "C:/Users/FoersterGame/Documents/GitHub/ENES246/10Latches/10_SR_Latch/SR_Latch.srcs/sim_1/imports/lab5_1_1/SR_latch_dataflow_tb.v" Line 25
Stopped at time : 80 ns : File "C:/Users/FoersterGame/Documents/GitHub/ENES246/10Latches/10_SR_Latch/SR_Latch.srcs/sources_1/imports/lab5_1_1/SR_latch_dataflow.v" Line 16
Stopped at time : 82 ns : File "C:/Users/FoersterGame/Documents/GitHub/ENES246/10Latches/10_SR_Latch/SR_Latch.srcs/sources_1/imports/lab5_1_1/SR_latch_dataflow.v" Line 14
Stopped at time : 84 ns : File "C:/Users/FoersterGame/Documents/GitHub/ENES246/10Latches/10_SR_Latch/SR_Latch.srcs/sources_1/imports/lab5_1_1/SR_latch_dataflow.v" Line 15
Stopped at time : 0 fs : File "C:/Users/FoersterGame/Documents/GitHub/ENES246/10Latches/10_SR_Latch/SR_Latch.srcs/sources_1/imports/lab5_1_1/SR_latch_dataflow.v" Line 13
Stopped at time : 0 fs : File "C:/Users/FoersterGame/Documents/GitHub/ENES246/10Latches/10_SR_Latch/SR_Latch.srcs/sources_1/imports/lab5_1_1/SR_latch_dataflow.v" Line 14
Stopped at time : 0 fs : File "C:/Users/FoersterGame/Documents/GitHub/ENES246/10Latches/10_SR_Latch/SR_Latch.srcs/sources_1/imports/lab5_1_1/SR_latch_dataflow.v" Line 15
Stopped at time : 0 fs : File "C:/Users/FoersterGame/Documents/GitHub/ENES246/10Latches/10_SR_Latch/SR_Latch.srcs/sources_1/imports/lab5_1_1/SR_latch_dataflow.v" Line 16
Stopped at time : 0 fs : File "C:/Users/FoersterGame/Documents/GitHub/ENES246/10Latches/10_SR_Latch/SR_Latch.srcs/sim_1/imports/lab5_1_1/SR_latch_dataflow_tb.v" Line 18
Stopped at time : 0 fs : File "C:/Users/FoersterGame/Documents/GitHub/ENES246/10Latches/10_SR_Latch/SR_Latch.srcs/sources_1/imports/lab5_1_1/SR_latch_dataflow.v" Line 15
Stopped at time : 0 fs : File "C:/Users/FoersterGame/Documents/GitHub/ENES246/10Latches/10_SR_Latch/SR_Latch.srcs/sources_1/imports/lab5_1_1/SR_latch_dataflow.v" Line 16
Stopped at time : 10 ns : File "C:/Users/FoersterGame/Documents/GitHub/ENES246/10Latches/10_SR_Latch/SR_Latch.srcs/sim_1/imports/lab5_1_1/SR_latch_dataflow_tb.v" Line 18
Stopped at time : 10 ns : File "C:/Users/FoersterGame/Documents/GitHub/ENES246/10Latches/10_SR_Latch/SR_Latch.srcs/sim_1/imports/lab5_1_1/SR_latch_dataflow_tb.v" Line 19
Stopped at time : 10 ns : File "C:/Users/FoersterGame/Documents/GitHub/ENES246/10Latches/10_SR_Latch/SR_Latch.srcs/sources_1/imports/lab5_1_1/SR_latch_dataflow.v" Line 16
Stopped at time : 12 ns : File "C:/Users/FoersterGame/Documents/GitHub/ENES246/10Latches/10_SR_Latch/SR_Latch.srcs/sources_1/imports/lab5_1_1/SR_latch_dataflow.v" Line 14
Stopped at time : 14 ns : File "C:/Users/FoersterGame/Documents/GitHub/ENES246/10Latches/10_SR_Latch/SR_Latch.srcs/sources_1/imports/lab5_1_1/SR_latch_dataflow.v" Line 15
Stopped at time : 16 ns : File "C:/Users/FoersterGame/Documents/GitHub/ENES246/10Latches/10_SR_Latch/SR_Latch.srcs/sources_1/imports/lab5_1_1/SR_latch_dataflow.v" Line 13
Stopped at time : 18 ns : File "C:/Users/FoersterGame/Documents/GitHub/ENES246/10Latches/10_SR_Latch/SR_Latch.srcs/sources_1/imports/lab5_1_1/SR_latch_dataflow.v" Line 16
Stopped at time : 20 ns : File "C:/Users/FoersterGame/Documents/GitHub/ENES246/10Latches/10_SR_Latch/SR_Latch.srcs/sim_1/imports/lab5_1_1/SR_latch_dataflow_tb.v" Line 19
Stopped at time : 20 ns : File "C:/Users/FoersterGame/Documents/GitHub/ENES246/10Latches/10_SR_Latch/SR_Latch.srcs/sim_1/imports/lab5_1_1/SR_latch_dataflow_tb.v" Line 20
Stopped at time : 20 ns : File "C:/Users/FoersterGame/Documents/GitHub/ENES246/10Latches/10_SR_Latch/SR_Latch.srcs/sources_1/imports/lab5_1_1/SR_latch_dataflow.v" Line 16
Stopped at time : 30 ns : File "C:/Users/FoersterGame/Documents/GitHub/ENES246/10Latches/10_SR_Latch/SR_Latch.srcs/sim_1/imports/lab5_1_1/SR_latch_dataflow_tb.v" Line 20
Stopped at time : 30 ns : File "C:/Users/FoersterGame/Documents/GitHub/ENES246/10Latches/10_SR_Latch/SR_Latch.srcs/sim_1/imports/lab5_1_1/SR_latch_dataflow_tb.v" Line 21
Stopped at time : 30 ns : File "C:/Users/FoersterGame/Documents/GitHub/ENES246/10Latches/10_SR_Latch/SR_Latch.srcs/sources_1/imports/lab5_1_1/SR_latch_dataflow.v" Line 15
Stopped at time : 32 ns : File "C:/Users/FoersterGame/Documents/GitHub/ENES246/10Latches/10_SR_Latch/SR_Latch.srcs/sources_1/imports/lab5_1_1/SR_latch_dataflow.v" Line 13
Stopped at time : 34 ns : File "C:/Users/FoersterGame/Documents/GitHub/ENES246/10Latches/10_SR_Latch/SR_Latch.srcs/sources_1/imports/lab5_1_1/SR_latch_dataflow.v" Line 16
Stopped at time : 36 ns : File "C:/Users/FoersterGame/Documents/GitHub/ENES246/10Latches/10_SR_Latch/SR_Latch.srcs/sources_1/imports/lab5_1_1/SR_latch_dataflow.v" Line 14
Stopped at time : 38 ns : File "C:/Users/FoersterGame/Documents/GitHub/ENES246/10Latches/10_SR_Latch/SR_Latch.srcs/sources_1/imports/lab5_1_1/SR_latch_dataflow.v" Line 15
Stopped at time : 40 ns : File "C:/Users/FoersterGame/Documents/GitHub/ENES246/10Latches/10_SR_Latch/SR_Latch.srcs/sim_1/imports/lab5_1_1/SR_latch_dataflow_tb.v" Line 21
Stopped at time : 40 ns : File "C:/Users/FoersterGame/Documents/GitHub/ENES246/10Latches/10_SR_Latch/SR_Latch.srcs/sim_1/imports/lab5_1_1/SR_latch_dataflow_tb.v" Line 21
Stopped at time : 40 ns : File "C:/Users/FoersterGame/Documents/GitHub/ENES246/10Latches/10_SR_Latch/SR_Latch.srcs/sim_1/imports/lab5_1_1/SR_latch_dataflow_tb.v" Line 22
Stopped at time : 40 ns : File "C:/Users/FoersterGame/Documents/GitHub/ENES246/10Latches/10_SR_Latch/SR_Latch.srcs/sources_1/imports/lab5_1_1/SR_latch_dataflow.v" Line 15
Stopped at time : 40 ns : File "C:/Users/FoersterGame/Documents/GitHub/ENES246/10Latches/10_SR_Latch/SR_Latch.srcs/sources_1/imports/lab5_1_1/SR_latch_dataflow.v" Line 16
Stopped at time : 42 ns : File "C:/Users/FoersterGame/Documents/GitHub/ENES246/10Latches/10_SR_Latch/SR_Latch.srcs/sources_1/imports/lab5_1_1/SR_latch_dataflow.v" Line 14
Stopped at time : 44 ns : File "C:/Users/FoersterGame/Documents/GitHub/ENES246/10Latches/10_SR_Latch/SR_Latch.srcs/sources_1/imports/lab5_1_1/SR_latch_dataflow.v" Line 15
Stopped at time : 46 ns : File "C:/Users/FoersterGame/Documents/GitHub/ENES246/10Latches/10_SR_Latch/SR_Latch.srcs/sources_1/imports/lab5_1_1/SR_latch_dataflow.v" Line 13
