#-----------------------------------------------------------
# Vivado v2018.3 (64-bit)
# SW Build 2405991 on Thu Dec  6 23:38:27 MST 2018
# IP Build 2404404 on Fri Dec  7 01:43:56 MST 2018
# Start of session at: Fri May  3 12:47:29 2019
# Process ID: 11448
# Current directory: C:/Users/SET253-04U.HCCMAIN/Documents/GitHub/Jordan-s-ENES246/13Debounce_Shift/6_CliffClassic
# Command line: vivado.exe -gui_launcher_event rodinguilauncherevent3208 C:\Users\SET253-04U.HCCMAIN\Documents\GitHub\Jordan-s-ENES246\13Debounce_Shift\6_CliffClassic\cliff_classic.xpr
# Log file: C:/Users/SET253-04U.HCCMAIN/Documents/GitHub/Jordan-s-ENES246/13Debounce_Shift/6_CliffClassic/vivado.log
# Journal file: C:/Users/SET253-04U.HCCMAIN/Documents/GitHub/Jordan-s-ENES246/13Debounce_Shift/6_CliffClassic\vivado.jou
#-----------------------------------------------------------
start_gui
open_project C:/Users/SET253-04U.HCCMAIN/Documents/GitHub/Jordan-s-ENES246/13Debounce_Shift/6_CliffClassic/cliff_classic.xpr
INFO: [ProjectBase 1-489] The host OS only allows 260 characters in a normal path. The project is stored in a path with more than 80 characters. If you experience issues with IP, Block Designs, or files not being found, please consider moving the project to a location with a shorter path. Alternately consider using the OS subst command to map part of the path to a drive letter.
Current project path is 'C:/Users/SET253-04U.HCCMAIN/Documents/GitHub/Jordan-s-ENES246/13Debounce_Shift/6_CliffClassic'
Scanning sources...
Finished scanning sources
WARNING: [filemgmt 56-3] IPUserFilesDir: Could not find the directory 'C:/Users/SET253-04U.HCCMAIN/Documents/GitHub/Jordan-s-ENES246/13Debounce_Shift/6_CliffClassic/cliff_classic.ip_user_files'.
INFO: [IP_Flow 19-234] Refreshing IP repositories
INFO: [IP_Flow 19-1704] No user IP repositories specified
INFO: [IP_Flow 19-2313] Loaded Vivado IP repository 'C:/Xilinx/Vivado/2018.3/data/ip'.
open_project: Time (s): cpu = 00:00:12 ; elapsed = 00:00:07 . Memory (MB): peak = 757.102 ; gain = 165.691
update_compile_order -fileset sources_1
synth_design -rtl -name rtl_1
Command: synth_design -rtl -name rtl_1
Starting synth_design
Using part: xc7a100tcsg324-1
Top: cliff_classic
---------------------------------------------------------------------------------
Starting RTL Elaboration : Time (s): cpu = 00:00:02 ; elapsed = 00:00:02 . Memory (MB): peak = 854.316 ; gain = 32.242
---------------------------------------------------------------------------------
INFO: [Synth 8-6157] synthesizing module 'cliff_classic' [C:/Users/SET253-04U.HCCMAIN/Documents/GitHub/Jordan-s-ENES246/13Debounce_Shift/6_CliffClassic/cliff_classic.srcs/sources_1/imports/project2/cliff_classic.sv:3]
INFO: [Synth 8-155] case statement is not full and has no default [C:/Users/SET253-04U.HCCMAIN/Documents/GitHub/Jordan-s-ENES246/13Debounce_Shift/6_CliffClassic/cliff_classic.srcs/sources_1/imports/project2/cliff_classic.sv:25]
INFO: [Synth 8-6155] done synthesizing module 'cliff_classic' (1#1) [C:/Users/SET253-04U.HCCMAIN/Documents/GitHub/Jordan-s-ENES246/13Debounce_Shift/6_CliffClassic/cliff_classic.srcs/sources_1/imports/project2/cliff_classic.sv:3]
---------------------------------------------------------------------------------
Finished RTL Elaboration : Time (s): cpu = 00:00:03 ; elapsed = 00:00:03 . Memory (MB): peak = 854.316 ; gain = 32.242
---------------------------------------------------------------------------------

Report Check Netlist: 
+------+------------------+-------+---------+-------+------------------+
|      |Item              |Errors |Warnings |Status |Description       |
+------+------------------+-------+---------+-------+------------------+
|1     |multi_driven_nets |      0|        0|Passed |Multi driven nets |
+------+------------------+-------+---------+-------+------------------+
---------------------------------------------------------------------------------
Start Handling Custom Attributes
---------------------------------------------------------------------------------
---------------------------------------------------------------------------------
Finished Handling Custom Attributes : Time (s): cpu = 00:00:03 ; elapsed = 00:00:03 . Memory (MB): peak = 854.316 ; gain = 32.242
---------------------------------------------------------------------------------
---------------------------------------------------------------------------------
Finished RTL Optimization Phase 1 : Time (s): cpu = 00:00:03 ; elapsed = 00:00:03 . Memory (MB): peak = 854.316 ; gain = 32.242
---------------------------------------------------------------------------------
INFO: [Device 21-403] Loading part xc7a100tcsg324-1
INFO: [Project 1-570] Preparing netlist for logic optimization

Processing XDC Constraints
Initializing timing engine
Parsing XDC File [C:/Users/SET253-04U.HCCMAIN/Documents/GitHub/Jordan-s-ENES246/13Debounce_Shift/6_CliffClassic/cliff_classic.srcs/constrs_1/imports/ENES246/Nexys4DDR_Master.xdc]
Finished Parsing XDC File [C:/Users/SET253-04U.HCCMAIN/Documents/GitHub/Jordan-s-ENES246/13Debounce_Shift/6_CliffClassic/cliff_classic.srcs/constrs_1/imports/ENES246/Nexys4DDR_Master.xdc]
Completed Processing XDC Constraints

INFO: [Opt 31-138] Pushed 0 inverter(s) to 0 load pin(s).
Netlist sorting complete. Time (s): cpu = 00:00:00 ; elapsed = 00:00:00 . Memory (MB): peak = 1116.324 ; gain = 0.000
INFO: [Project 1-111] Unisim Transformation Summary:
No Unisim elements were transformed.

RTL Elaboration Complete:  : Time (s): cpu = 00:00:16 ; elapsed = 00:00:13 . Memory (MB): peak = 1207.992 ; gain = 385.918
7 Infos, 0 Warnings, 0 Critical Warnings and 0 Errors encountered.
synth_design completed successfully
synth_design: Time (s): cpu = 00:00:16 ; elapsed = 00:00:13 . Memory (MB): peak = 1207.992 ; gain = 385.918
open_hw
connect_hw_server
INFO: [Labtools 27-2285] Connecting to hw_server url TCP:localhost:3121
open_hw_target
INFO: [Labtoolstcl 44-466] Opening hw_target localhost:3121/xilinx_tcf/Digilent/210292A8B159A
set_property PROGRAM.FILE {C:/Users/SET253-04U.HCCMAIN/Documents/GitHub/Jordan-s-ENES246/13Debounce_Shift/6_CliffClassic/cliff_classic.runs/impl_1/cliff_classic.bit} [get_hw_devices xc7a100t_0]
current_hw_device [get_hw_devices xc7a100t_0]
refresh_hw_device -update_hw_probes false [lindex [get_hw_devices xc7a100t_0] 0]
INFO: [Labtools 27-1434] Device xc7a100t (JTAG device index = 0) is programmed with a design that has no supported debug core(s) in it.
set_property PROBES.FILE {} [get_hw_devices xc7a100t_0]
set_property FULL_PROBES.FILE {} [get_hw_devices xc7a100t_0]
set_property PROGRAM.FILE {C:/Users/SET253-04U.HCCMAIN/Documents/GitHub/Jordan-s-ENES246/13Debounce_Shift/6_CliffClassic/cliff_classic.runs/impl_1/cliff_classic.bit} [get_hw_devices xc7a100t_0]
program_hw_devices [get_hw_devices xc7a100t_0]
INFO: [Labtools 27-3164] End of startup status: HIGH
refresh_hw_device [lindex [get_hw_devices xc7a100t_0] 0]
INFO: [Labtools 27-1434] Device xc7a100t (JTAG device index = 0) is programmed with a design that has no supported debug core(s) in it.
set_property PROBES.FILE {} [get_hw_devices xc7a100t_0]
set_property FULL_PROBES.FILE {} [get_hw_devices xc7a100t_0]
set_property PROGRAM.FILE {C:/Users/SET253-04U.HCCMAIN/Documents/GitHub/Jordan-s-ENES246/13Debounce_Shift/6_CliffClassic/cliff_classic.runs/impl_1/cliff_classic.bit} [get_hw_devices xc7a100t_0]
program_hw_devices [get_hw_devices xc7a100t_0]
INFO: [Labtools 27-3164] End of startup status: HIGH
refresh_hw_device [lindex [get_hw_devices xc7a100t_0] 0]
INFO: [Labtools 27-1434] Device xc7a100t (JTAG device index = 0) is programmed with a design that has no supported debug core(s) in it.
set_property PROBES.FILE {} [get_hw_devices xc7a100t_0]
set_property FULL_PROBES.FILE {} [get_hw_devices xc7a100t_0]
set_property PROGRAM.FILE {C:/Users/SET253-04U.HCCMAIN/Documents/GitHub/Jordan-s-ENES246/13Debounce_Shift/6_CliffClassic/cliff_classic.runs/impl_1/cliff_classic.bit} [get_hw_devices xc7a100t_0]
program_hw_devices [get_hw_devices xc7a100t_0]
INFO: [Labtools 27-3164] End of startup status: HIGH
refresh_hw_device [lindex [get_hw_devices xc7a100t_0] 0]
INFO: [Labtools 27-1434] Device xc7a100t (JTAG device index = 0) is programmed with a design that has no supported debug core(s) in it.
close_project
exit
INFO: [Common 17-206] Exiting Vivado at Fri May  3 13:24:35 2019...
