
*** Running vivado
    with args -log split16to32Display.vds -m64 -product Vivado -mode batch -messageDb vivado.pb -notrace -source split16to32Display.tcl


****** Vivado v2018.3 (64-bit)
  **** SW Build 2405991 on Thu Dec  6 23:38:27 MST 2018
  **** IP Build 2404404 on Fri Dec  7 01:43:56 MST 2018
    ** Copyright 1986-2018 Xilinx, Inc. All Rights Reserved.

source split16to32Display.tcl -notrace
Command: synth_design -top split16to32Display -part xc7a100tcsg324-1
Starting synth_design
Attempting to get a license for feature 'Synthesis' and/or device 'xc7a100t'
INFO: [Common 17-349] Got license for feature 'Synthesis' and/or device 'xc7a100t'
INFO: Launching helper process for spawning children vivado processes
INFO: Helper process launched with PID 5492 
WARNING: [Synth 8-976] L has already been declared [C:/Users/FoersterGame/Documents/GitHub/ENES246/-8SevenSegDisplays/6_7SegDoubleBlanking/7segSplit.srcs/sources_1/imports/6_7SegDoubleBlanking/7SegDisplaySplit.sv:135]
WARNING: [Synth 8-2654] second declaration of L ignored [C:/Users/FoersterGame/Documents/GitHub/ENES246/-8SevenSegDisplays/6_7SegDoubleBlanking/7segSplit.srcs/sources_1/imports/6_7SegDoubleBlanking/7SegDisplaySplit.sv:135]
INFO: [Synth 8-994] L is declared here [C:/Users/FoersterGame/Documents/GitHub/ENES246/-8SevenSegDisplays/6_7SegDoubleBlanking/7segSplit.srcs/sources_1/imports/6_7SegDoubleBlanking/7SegDisplaySplit.sv:126]
WARNING: [Synth 8-976] L has already been declared [C:/Users/FoersterGame/Documents/GitHub/ENES246/-8SevenSegDisplays/6_7SegDoubleBlanking/7segSplit.srcs/sources_1/imports/6_7SegDoubleBlanking/7SegDisplaySplit.sv:145]
WARNING: [Synth 8-2654] second declaration of L ignored [C:/Users/FoersterGame/Documents/GitHub/ENES246/-8SevenSegDisplays/6_7SegDoubleBlanking/7segSplit.srcs/sources_1/imports/6_7SegDoubleBlanking/7SegDisplaySplit.sv:145]
INFO: [Synth 8-994] L is declared here [C:/Users/FoersterGame/Documents/GitHub/ENES246/-8SevenSegDisplays/6_7SegDoubleBlanking/7segSplit.srcs/sources_1/imports/6_7SegDoubleBlanking/7SegDisplaySplit.sv:126]
---------------------------------------------------------------------------------
Starting RTL Elaboration : Time (s): cpu = 00:00:02 ; elapsed = 00:00:02 . Memory (MB): peak = 360.117 ; gain = 107.391
---------------------------------------------------------------------------------
INFO: [Synth 8-6157] synthesizing module 'split16to32Display' [C:/Users/FoersterGame/Documents/GitHub/ENES246/-8SevenSegDisplays/6_7SegDoubleBlanking/7segSplit.srcs/sources_1/new/split16to32Display.v:3]
INFO: [Synth 8-6157] synthesizing module 'Eight7SegDisplay' [C:/Users/FoersterGame/Documents/GitHub/ENES246/-8SevenSegDisplays/6_7SegDoubleBlanking/7segSplit.srcs/sources_1/imports/6_7SegDoubleBlanking/7SegDisplaySplit.sv:2]
WARNING: [Synth 8-87] always_comb on 'abc_reg' did not result in combinational logic [C:/Users/FoersterGame/Documents/GitHub/ENES246/-8SevenSegDisplays/6_7SegDoubleBlanking/7segSplit.srcs/sources_1/imports/6_7SegDoubleBlanking/7SegDisplaySplit.sv:128]
WARNING: [Synth 8-87] always_comb on 'abc1_reg' did not result in combinational logic [C:/Users/FoersterGame/Documents/GitHub/ENES246/-8SevenSegDisplays/6_7SegDoubleBlanking/7segSplit.srcs/sources_1/imports/6_7SegDoubleBlanking/7SegDisplaySplit.sv:137]
WARNING: [Synth 8-87] always_comb on 'abc2_reg' did not result in combinational logic [C:/Users/FoersterGame/Documents/GitHub/ENES246/-8SevenSegDisplays/6_7SegDoubleBlanking/7segSplit.srcs/sources_1/imports/6_7SegDoubleBlanking/7SegDisplaySplit.sv:147]
WARNING: [Synth 8-3848] Net display_o in module/entity Eight7SegDisplay does not have driver. [C:/Users/FoersterGame/Documents/GitHub/ENES246/-8SevenSegDisplays/6_7SegDoubleBlanking/7segSplit.srcs/sources_1/imports/6_7SegDoubleBlanking/7SegDisplaySplit.sv:12]
INFO: [Synth 8-6155] done synthesizing module 'Eight7SegDisplay' (1#1) [C:/Users/FoersterGame/Documents/GitHub/ENES246/-8SevenSegDisplays/6_7SegDoubleBlanking/7segSplit.srcs/sources_1/imports/6_7SegDoubleBlanking/7SegDisplaySplit.sv:2]
INFO: [Synth 8-6155] done synthesizing module 'split16to32Display' (2#1) [C:/Users/FoersterGame/Documents/GitHub/ENES246/-8SevenSegDisplays/6_7SegDoubleBlanking/7segSplit.srcs/sources_1/new/split16to32Display.v:3]
WARNING: [Synth 8-3331] design Eight7SegDisplay has unconnected port display_o[15]
WARNING: [Synth 8-3331] design Eight7SegDisplay has unconnected port display_o[14]
WARNING: [Synth 8-3331] design Eight7SegDisplay has unconnected port display_o[13]
WARNING: [Synth 8-3331] design Eight7SegDisplay has unconnected port display_o[12]
WARNING: [Synth 8-3331] design Eight7SegDisplay has unconnected port display_o[11]
WARNING: [Synth 8-3331] design Eight7SegDisplay has unconnected port display_o[10]
WARNING: [Synth 8-3331] design Eight7SegDisplay has unconnected port display_o[9]
WARNING: [Synth 8-3331] design Eight7SegDisplay has unconnected port display_o[8]
WARNING: [Synth 8-3331] design Eight7SegDisplay has unconnected port display_o[7]
WARNING: [Synth 8-3331] design Eight7SegDisplay has unconnected port display_o[6]
WARNING: [Synth 8-3331] design Eight7SegDisplay has unconnected port display_o[5]
WARNING: [Synth 8-3331] design Eight7SegDisplay has unconnected port display_o[4]
WARNING: [Synth 8-3331] design Eight7SegDisplay has unconnected port display_o[3]
WARNING: [Synth 8-3331] design Eight7SegDisplay has unconnected port display_o[2]
WARNING: [Synth 8-3331] design Eight7SegDisplay has unconnected port display_o[1]
WARNING: [Synth 8-3331] design Eight7SegDisplay has unconnected port display_o[0]
WARNING: [Synth 8-3331] design Eight7SegDisplay has unconnected port bankSwitch
---------------------------------------------------------------------------------
Finished RTL Elaboration : Time (s): cpu = 00:00:04 ; elapsed = 00:00:04 . Memory (MB): peak = 412.773 ; gain = 160.047
---------------------------------------------------------------------------------

Report Check Netlist: 
+------+------------------+-------+---------+-------+------------------+
|      |Item              |Errors |Warnings |Status |Description       |
+------+------------------+-------+---------+-------+------------------+
|1     |multi_driven_nets |      0|        0|Passed |Multi driven nets |
+------+------------------+-------+---------+-------+------------------+
---------------------------------------------------------------------------------
Start Handling Custom Attributes
---------------------------------------------------------------------------------
---------------------------------------------------------------------------------
Finished Handling Custom Attributes : Time (s): cpu = 00:00:04 ; elapsed = 00:00:04 . Memory (MB): peak = 412.773 ; gain = 160.047
---------------------------------------------------------------------------------
---------------------------------------------------------------------------------
Finished RTL Optimization Phase 1 : Time (s): cpu = 00:00:04 ; elapsed = 00:00:04 . Memory (MB): peak = 412.773 ; gain = 160.047
---------------------------------------------------------------------------------
INFO: [Device 21-403] Loading part xc7a100tcsg324-1
INFO: [Project 1-570] Preparing netlist for logic optimization

Processing XDC Constraints
Initializing timing engine
Parsing XDC File [C:/Users/FoersterGame/Documents/GitHub/ENES246/-8SevenSegDisplays/6_7SegDoubleBlanking/7segSplit.srcs/constrs_1/imports/6_7SegDoubleBlanking/Nexys4DDR_Master.xdc]
Finished Parsing XDC File [C:/Users/FoersterGame/Documents/GitHub/ENES246/-8SevenSegDisplays/6_7SegDoubleBlanking/7segSplit.srcs/constrs_1/imports/6_7SegDoubleBlanking/Nexys4DDR_Master.xdc]
INFO: [Project 1-236] Implementation specific constraints were found while reading constraint file [C:/Users/FoersterGame/Documents/GitHub/ENES246/-8SevenSegDisplays/6_7SegDoubleBlanking/7segSplit.srcs/constrs_1/imports/6_7SegDoubleBlanking/Nexys4DDR_Master.xdc]. These constraints will be ignored for synthesis but will be used in implementation. Impacted constraints are listed in the file [.Xil/split16to32Display_propImpl.xdc].
Resolution: To avoid this warning, move constraints listed in [.Xil/split16to32Display_propImpl.xdc] to another XDC file and exclude this new file from synthesis with the used_in_synthesis property (File Properties dialog in GUI) and re-run elaboration/synthesis.
Netlist sorting complete. Time (s): cpu = 00:00:00 ; elapsed = 00:00:00 . Memory (MB): peak = 761.621 ; gain = 0.000
Completed Processing XDC Constraints

Netlist sorting complete. Time (s): cpu = 00:00:00 ; elapsed = 00:00:00 . Memory (MB): peak = 761.621 ; gain = 0.000
INFO: [Project 1-111] Unisim Transformation Summary:
No Unisim elements were transformed.

Netlist sorting complete. Time (s): cpu = 00:00:00 ; elapsed = 00:00:00 . Memory (MB): peak = 761.621 ; gain = 0.000
Constraint Validation Runtime : Time (s): cpu = 00:00:00 ; elapsed = 00:00:00.003 . Memory (MB): peak = 761.621 ; gain = 0.000
---------------------------------------------------------------------------------
Finished Constraint Validation : Time (s): cpu = 00:00:10 ; elapsed = 00:00:10 . Memory (MB): peak = 761.621 ; gain = 508.895
---------------------------------------------------------------------------------
---------------------------------------------------------------------------------
Start Loading Part and Timing Information
---------------------------------------------------------------------------------
Loading part: xc7a100tcsg324-1
---------------------------------------------------------------------------------
Finished Loading Part and Timing Information : Time (s): cpu = 00:00:10 ; elapsed = 00:00:10 . Memory (MB): peak = 761.621 ; gain = 508.895
---------------------------------------------------------------------------------
---------------------------------------------------------------------------------
Start Applying 'set_property' XDC Constraints
---------------------------------------------------------------------------------
---------------------------------------------------------------------------------
Finished applying 'set_property' XDC Constraints : Time (s): cpu = 00:00:10 ; elapsed = 00:00:10 . Memory (MB): peak = 761.621 ; gain = 508.895
---------------------------------------------------------------------------------
INFO: [Synth 8-5545] ROM "anode_clk" won't be mapped to RAM because address size (32) is larger than maximum supported(25)
INFO: [Synth 8-5545] ROM "dp" won't be mapped to RAM because address size (32) is larger than maximum supported(25)
INFO: [Synth 8-5545] ROM "anode_clk" won't be mapped to RAM because address size (32) is larger than maximum supported(25)
INFO: [Synth 8-5545] ROM "dp" won't be mapped to RAM because address size (32) is larger than maximum supported(25)
INFO: [Synth 8-5544] ROM "abc1" won't be mapped to Block RAM because address size (1) smaller than threshold (5)
INFO: [Synth 8-5544] ROM "abc2" won't be mapped to Block RAM because address size (1) smaller than threshold (5)
WARNING: [Synth 8-327] inferring latch for variable 'abc2_reg' [C:/Users/FoersterGame/Documents/GitHub/ENES246/-8SevenSegDisplays/6_7SegDoubleBlanking/7segSplit.srcs/sources_1/imports/6_7SegDoubleBlanking/7SegDisplaySplit.sv:147]
WARNING: [Synth 8-327] inferring latch for variable 'abc1_reg' [C:/Users/FoersterGame/Documents/GitHub/ENES246/-8SevenSegDisplays/6_7SegDoubleBlanking/7segSplit.srcs/sources_1/imports/6_7SegDoubleBlanking/7SegDisplaySplit.sv:137]
WARNING: [Synth 8-327] inferring latch for variable 'abc_reg' [C:/Users/FoersterGame/Documents/GitHub/ENES246/-8SevenSegDisplays/6_7SegDoubleBlanking/7segSplit.srcs/sources_1/imports/6_7SegDoubleBlanking/7SegDisplaySplit.sv:128]
---------------------------------------------------------------------------------
Finished RTL Optimization Phase 2 : Time (s): cpu = 00:00:11 ; elapsed = 00:00:12 . Memory (MB): peak = 761.621 ; gain = 508.895
---------------------------------------------------------------------------------

Report RTL Partitions: 
+-+--------------+------------+----------+
| |RTL Partition |Replication |Instances |
+-+--------------+------------+----------+
+-+--------------+------------+----------+
---------------------------------------------------------------------------------
Start RTL Component Statistics 
---------------------------------------------------------------------------------
Detailed RTL Component Info : 
+---Adders : 
	   2 Input     32 Bit       Adders := 1     
	   2 Input      4 Bit       Adders := 198   
	   2 Input      3 Bit       Adders := 4     
+---Registers : 
	               32 Bit    Registers := 1     
	                3 Bit    Registers := 1     
	                1 Bit    Registers := 1     
+---Muxes : 
	   2 Input     32 Bit        Muxes := 2     
	   2 Input      8 Bit        Muxes := 8     
	   2 Input      4 Bit        Muxes := 169   
	   8 Input      3 Bit        Muxes := 1     
	   2 Input      2 Bit        Muxes := 4     
	   2 Input      1 Bit        Muxes := 9     
	   8 Input      1 Bit        Muxes := 1     
---------------------------------------------------------------------------------
Finished RTL Component Statistics 
---------------------------------------------------------------------------------
---------------------------------------------------------------------------------
Start RTL Hierarchical Component Statistics 
---------------------------------------------------------------------------------
Hierarchical RTL Component report 
Module Eight7SegDisplay 
Detailed RTL Component Info : 
+---Adders : 
	   2 Input     32 Bit       Adders := 1     
	   2 Input      4 Bit       Adders := 198   
	   2 Input      3 Bit       Adders := 4     
+---Registers : 
	               32 Bit    Registers := 1     
	                3 Bit    Registers := 1     
	                1 Bit    Registers := 1     
+---Muxes : 
	   2 Input     32 Bit        Muxes := 2     
	   2 Input      8 Bit        Muxes := 8     
	   2 Input      4 Bit        Muxes := 169   
	   8 Input      3 Bit        Muxes := 1     
	   2 Input      2 Bit        Muxes := 4     
	   2 Input      1 Bit        Muxes := 9     
	   8 Input      1 Bit        Muxes := 1     
---------------------------------------------------------------------------------
Finished RTL Hierarchical Component Statistics
---------------------------------------------------------------------------------
---------------------------------------------------------------------------------
Start Part Resource Summary
---------------------------------------------------------------------------------
Part Resources:
DSPs: 240 (col length:80)
BRAMs: 270 (col length: RAMB18 80 RAMB36 40)
---------------------------------------------------------------------------------
Finished Part Resource Summary
---------------------------------------------------------------------------------
---------------------------------------------------------------------------------
Start Cross Boundary and Area Optimization
---------------------------------------------------------------------------------
Warning: Parallel synthesis criteria is not met 
INFO: [Synth 8-5545] ROM "anode_clk" won't be mapped to RAM because address size (32) is larger than maximum supported(25)
INFO: [Synth 8-5545] ROM "dp" won't be mapped to RAM because address size (32) is larger than maximum supported(25)
WARNING: [Synth 8-3331] design Eight7SegDisplay has unconnected port display_o[15]
WARNING: [Synth 8-3331] design Eight7SegDisplay has unconnected port display_o[14]
WARNING: [Synth 8-3331] design Eight7SegDisplay has unconnected port display_o[13]
WARNING: [Synth 8-3331] design Eight7SegDisplay has unconnected port display_o[12]
WARNING: [Synth 8-3331] design Eight7SegDisplay has unconnected port display_o[11]
WARNING: [Synth 8-3331] design Eight7SegDisplay has unconnected port display_o[10]
WARNING: [Synth 8-3331] design Eight7SegDisplay has unconnected port display_o[9]
WARNING: [Synth 8-3331] design Eight7SegDisplay has unconnected port display_o[8]
WARNING: [Synth 8-3331] design Eight7SegDisplay has unconnected port display_o[7]
WARNING: [Synth 8-3331] design Eight7SegDisplay has unconnected port display_o[6]
WARNING: [Synth 8-3331] design Eight7SegDisplay has unconnected port display_o[5]
WARNING: [Synth 8-3331] design Eight7SegDisplay has unconnected port display_o[4]
WARNING: [Synth 8-3331] design Eight7SegDisplay has unconnected port display_o[3]
WARNING: [Synth 8-3331] design Eight7SegDisplay has unconnected port display_o[2]
WARNING: [Synth 8-3331] design Eight7SegDisplay has unconnected port display_o[1]
WARNING: [Synth 8-3331] design Eight7SegDisplay has unconnected port display_o[0]
WARNING: [Synth 8-3331] design Eight7SegDisplay has unconnected port bankSwitch
WARNING: [Synth 8-3332] Sequential element (instanciation/abc_reg[2]) is unused and will be removed from module split16to32Display.
WARNING: [Synth 8-3332] Sequential element (instanciation/abc_reg[1]) is unused and will be removed from module split16to32Display.
WARNING: [Synth 8-3332] Sequential element (instanciation/abc_reg[0]) is unused and will be removed from module split16to32Display.
---------------------------------------------------------------------------------
Finished Cross Boundary and Area Optimization : Time (s): cpu = 00:00:20 ; elapsed = 00:00:21 . Memory (MB): peak = 761.621 ; gain = 508.895
---------------------------------------------------------------------------------

Report RTL Partitions: 
+-+--------------+------------+----------+
| |RTL Partition |Replication |Instances |
+-+--------------+------------+----------+
+-+--------------+------------+----------+
---------------------------------------------------------------------------------
Start Applying XDC Timing Constraints
---------------------------------------------------------------------------------
---------------------------------------------------------------------------------
Finished Applying XDC Timing Constraints : Time (s): cpu = 00:00:25 ; elapsed = 00:00:26 . Memory (MB): peak = 761.621 ; gain = 508.895
---------------------------------------------------------------------------------
---------------------------------------------------------------------------------
Start Timing Optimization
---------------------------------------------------------------------------------
---------------------------------------------------------------------------------
Finished Timing Optimization : Time (s): cpu = 00:00:26 ; elapsed = 00:00:26 . Memory (MB): peak = 761.621 ; gain = 508.895
---------------------------------------------------------------------------------

Report RTL Partitions: 
+-+--------------+------------+----------+
| |RTL Partition |Replication |Instances |
+-+--------------+------------+----------+
+-+--------------+------------+----------+
---------------------------------------------------------------------------------
Start Technology Mapping
---------------------------------------------------------------------------------
---------------------------------------------------------------------------------
Finished Technology Mapping : Time (s): cpu = 00:00:26 ; elapsed = 00:00:26 . Memory (MB): peak = 781.328 ; gain = 528.602
---------------------------------------------------------------------------------

Report RTL Partitions: 
+-+--------------+------------+----------+
| |RTL Partition |Replication |Instances |
+-+--------------+------------+----------+
+-+--------------+------------+----------+
---------------------------------------------------------------------------------
Start IO Insertion
---------------------------------------------------------------------------------
---------------------------------------------------------------------------------
Start Flattening Before IO Insertion
---------------------------------------------------------------------------------
---------------------------------------------------------------------------------
Finished Flattening Before IO Insertion
---------------------------------------------------------------------------------
---------------------------------------------------------------------------------
Start Final Netlist Cleanup
---------------------------------------------------------------------------------
---------------------------------------------------------------------------------
Finished Final Netlist Cleanup
---------------------------------------------------------------------------------
---------------------------------------------------------------------------------
Finished IO Insertion : Time (s): cpu = 00:00:26 ; elapsed = 00:00:27 . Memory (MB): peak = 781.328 ; gain = 528.602
---------------------------------------------------------------------------------

Report Check Netlist: 
+------+------------------+-------+---------+-------+------------------+
|      |Item              |Errors |Warnings |Status |Description       |
+------+------------------+-------+---------+-------+------------------+
|1     |multi_driven_nets |      0|        0|Passed |Multi driven nets |
+------+------------------+-------+---------+-------+------------------+
---------------------------------------------------------------------------------
Start Renaming Generated Instances
---------------------------------------------------------------------------------
---------------------------------------------------------------------------------
Finished Renaming Generated Instances : Time (s): cpu = 00:00:26 ; elapsed = 00:00:27 . Memory (MB): peak = 781.328 ; gain = 528.602
---------------------------------------------------------------------------------

Report RTL Partitions: 
+-+--------------+------------+----------+
| |RTL Partition |Replication |Instances |
+-+--------------+------------+----------+
+-+--------------+------------+----------+
---------------------------------------------------------------------------------
Start Rebuilding User Hierarchy
---------------------------------------------------------------------------------
---------------------------------------------------------------------------------
Finished Rebuilding User Hierarchy : Time (s): cpu = 00:00:26 ; elapsed = 00:00:27 . Memory (MB): peak = 781.328 ; gain = 528.602
---------------------------------------------------------------------------------
---------------------------------------------------------------------------------
Start Renaming Generated Ports
---------------------------------------------------------------------------------
---------------------------------------------------------------------------------
Finished Renaming Generated Ports : Time (s): cpu = 00:00:26 ; elapsed = 00:00:27 . Memory (MB): peak = 781.328 ; gain = 528.602
---------------------------------------------------------------------------------
---------------------------------------------------------------------------------
Start Handling Custom Attributes
---------------------------------------------------------------------------------
---------------------------------------------------------------------------------
Finished Handling Custom Attributes : Time (s): cpu = 00:00:26 ; elapsed = 00:00:27 . Memory (MB): peak = 781.328 ; gain = 528.602
---------------------------------------------------------------------------------
---------------------------------------------------------------------------------
Start Renaming Generated Nets
---------------------------------------------------------------------------------
---------------------------------------------------------------------------------
Finished Renaming Generated Nets : Time (s): cpu = 00:00:26 ; elapsed = 00:00:27 . Memory (MB): peak = 781.328 ; gain = 528.602
---------------------------------------------------------------------------------
---------------------------------------------------------------------------------
Start Writing Synthesis Report
---------------------------------------------------------------------------------

Report BlackBoxes: 
+-+--------------+----------+
| |BlackBox name |Instances |
+-+--------------+----------+
+-+--------------+----------+

Report Cell Usage: 
+------+-------+------+
|      |Cell   |Count |
+------+-------+------+
|1     |BUFG   |     1|
|2     |CARRY4 |     8|
|3     |LUT1   |     2|
|4     |LUT2   |    40|
|5     |LUT3   |    10|
|6     |LUT4   |    17|
|7     |LUT5   |    31|
|8     |LUT6   |   273|
|9     |MUXF7  |    89|
|10    |MUXF8  |    30|
|11    |FDRE   |    36|
|12    |LD     |     4|
|13    |IBUF   |    15|
|14    |OBUF   |    16|
|15    |OBUFT  |    16|
+------+-------+------+

Report Instance Areas: 
+------+----------------+-----------------+------+
|      |Instance        |Module           |Cells |
+------+----------------+-----------------+------+
|1     |top             |                 |   588|
|2     |  instanciation |Eight7SegDisplay |   182|
+------+----------------+-----------------+------+
---------------------------------------------------------------------------------
Finished Writing Synthesis Report : Time (s): cpu = 00:00:26 ; elapsed = 00:00:27 . Memory (MB): peak = 781.328 ; gain = 528.602
---------------------------------------------------------------------------------
Synthesis finished with 0 errors, 0 critical warnings and 23 warnings.
Synthesis Optimization Runtime : Time (s): cpu = 00:00:19 ; elapsed = 00:00:23 . Memory (MB): peak = 781.328 ; gain = 179.754
Synthesis Optimization Complete : Time (s): cpu = 00:00:27 ; elapsed = 00:00:27 . Memory (MB): peak = 781.328 ; gain = 528.602
INFO: [Project 1-571] Translating synthesized netlist
INFO: [Netlist 29-17] Analyzing 131 Unisim elements for replacement
INFO: [Netlist 29-28] Unisim Transformation completed in 0 CPU seconds
INFO: [Project 1-570] Preparing netlist for logic optimization
INFO: [Opt 31-138] Pushed 0 inverter(s) to 0 load pin(s).
Netlist sorting complete. Time (s): cpu = 00:00:00 ; elapsed = 00:00:00 . Memory (MB): peak = 781.328 ; gain = 0.000
INFO: [Project 1-111] Unisim Transformation Summary:
  A total of 4 instances were transformed.
  LD => LDCE: 4 instances

INFO: [Common 17-83] Releasing license: Synthesis
26 Infos, 48 Warnings, 0 Critical Warnings and 0 Errors encountered.
synth_design completed successfully
synth_design: Time (s): cpu = 00:00:28 ; elapsed = 00:00:29 . Memory (MB): peak = 781.328 ; gain = 528.602
Netlist sorting complete. Time (s): cpu = 00:00:00 ; elapsed = 00:00:00.001 . Memory (MB): peak = 781.328 ; gain = 0.000
WARNING: [Constraints 18-5210] No constraints selected for write.
Resolution: This message can indicate that there are no constraints for the design, or it can indicate that the used_in flags are set such that the constraints are ignored. This later case is used when running synth_design to not write synthesis constraints to the resulting checkpoint. Instead, project constraints are read when the synthesized design is opened.
INFO: [Common 17-1381] The checkpoint 'C:/Users/FoersterGame/Documents/GitHub/ENES246/-8SevenSegDisplays/6_7SegDoubleBlanking/7segSplit.runs/synth_1/split16to32Display.dcp' has been generated.
INFO: [runtcl-4] Executing : report_utilization -file split16to32Display_utilization_synth.rpt -pb split16to32Display_utilization_synth.pb
INFO: [Common 17-206] Exiting Vivado at Sat Mar  9 14:01:58 2019...
