#-----------------------------------------------------------
# Vivado v2018.3 (64-bit)
# SW Build 2405991 on Thu Dec  6 23:38:27 MST 2018
# IP Build 2404404 on Fri Dec  7 01:43:56 MST 2018
# Start of session at: Thu Feb 21 09:43:46 2019
# Process ID: 9600
# Current directory: C:/Users/Scott Foerster/Documents/GitHub/ENES246/-7ControlPath/2_3_NestedForLoopsWithShift
# Command line: vivado.exe -gui_launcher_event rodinguilauncherevent9476 C:\Users\Scott Foerster\Documents\GitHub\ENES246\-7ControlPath\2_3_NestedForLoopsWithShift\NestedForLoops.xpr
# Log file: C:/Users/Scott Foerster/Documents/GitHub/ENES246/-7ControlPath/2_3_NestedForLoopsWithShift/vivado.log
# Journal file: C:/Users/Scott Foerster/Documents/GitHub/ENES246/-7ControlPath/2_3_NestedForLoopsWithShift\vivado.jou
#-----------------------------------------------------------
start_gui
open_project {C:/Users/Scott Foerster/Documents/GitHub/ENES246/-7ControlPath/2_3_NestedForLoopsWithShift/NestedForLoops.xpr}
INFO: [ProjectBase 1-489] The host OS only allows 260 characters in a normal path. The project is stored in a path with more than 80 characters. If you experience issues with IP, Block Designs, or files not being found, please consider moving the project to a location with a shorter path. Alternately consider using the OS subst command to map part of the path to a drive letter.
Current project path is 'C:/Users/Scott Foerster/Documents/GitHub/ENES246/-7ControlPath/2_3_NestedForLoopsWithShift'
INFO: [Project 1-313] Project file moved from 'C:/Users/FoersterGame/Documents/GitHub/ENES247/lab3-ReusableBCDhex7segDisplayCode/3_32bitHexToBCDto16LEDs/NestedForLoops' since last save.
Scanning sources...
Finished scanning sources
WARNING: [filemgmt 56-2] IPUserFilesDir: Could not find the directory 'C:/Users/Scott Foerster/Documents/GitHub/ENES246/-7ControlPath/2_3_NestedForLoopsWithShift/NestedForLoops.ip_user_files', nor could it be found using path 'C:/Users/FoersterGame/Documents/GitHub/ENES247/lab3-ReusableBCDhex7segDisplayCode/3_32bitHexToBCDto16LEDs/NestedForLoops/NestedForLoops.ip_user_files'.
INFO: [IP_Flow 19-234] Refreshing IP repositories
INFO: [IP_Flow 19-1704] No user IP repositories specified
INFO: [IP_Flow 19-2313] Loaded Vivado IP repository 'C:/Xilinx/Vivado/2018.3/data/ip'.
open_project: Time (s): cpu = 00:00:09 ; elapsed = 00:00:06 . Memory (MB): peak = 648.031 ; gain = 64.727
update_compile_order -fileset sources_1
synth_design -rtl -name rtl_1
Command: synth_design -rtl -name rtl_1
Starting synth_design
Using part: xc7a100tcsg324-1
Top: nestedFor
---------------------------------------------------------------------------------
Starting RTL Elaboration : Time (s): cpu = 00:00:02 ; elapsed = 00:00:02 . Memory (MB): peak = 755.734 ; gain = 70.750
---------------------------------------------------------------------------------
INFO: [Synth 8-6157] synthesizing module 'nestedFor' [C:/Users/Scott Foerster/Documents/GitHub/ENES246/-7ControlPath/2_3_NestedForLoopsWithShift/NestedForLoops.srcs/sources_1/imports/NestedForLoops/NestedFor.sv:3]
INFO: [Synth 8-6155] done synthesizing module 'nestedFor' (1#1) [C:/Users/Scott Foerster/Documents/GitHub/ENES246/-7ControlPath/2_3_NestedForLoopsWithShift/NestedForLoops.srcs/sources_1/imports/NestedForLoops/NestedFor.sv:3]
---------------------------------------------------------------------------------
Finished RTL Elaboration : Time (s): cpu = 00:00:03 ; elapsed = 00:00:03 . Memory (MB): peak = 783.742 ; gain = 98.758
---------------------------------------------------------------------------------

Report Check Netlist: 
+------+------------------+-------+---------+-------+------------------+
|      |Item              |Errors |Warnings |Status |Description       |
+------+------------------+-------+---------+-------+------------------+
|1     |multi_driven_nets |      0|        0|Passed |Multi driven nets |
+------+------------------+-------+---------+-------+------------------+
---------------------------------------------------------------------------------
Start Handling Custom Attributes
---------------------------------------------------------------------------------
---------------------------------------------------------------------------------
Finished Handling Custom Attributes : Time (s): cpu = 00:00:03 ; elapsed = 00:00:03 . Memory (MB): peak = 783.742 ; gain = 98.758
---------------------------------------------------------------------------------
---------------------------------------------------------------------------------
Finished RTL Optimization Phase 1 : Time (s): cpu = 00:00:03 ; elapsed = 00:00:03 . Memory (MB): peak = 783.742 ; gain = 98.758
---------------------------------------------------------------------------------
INFO: [Device 21-403] Loading part xc7a100tcsg324-1
INFO: [Project 1-570] Preparing netlist for logic optimization

Processing XDC Constraints
Initializing timing engine
Parsing XDC File [C:/Users/Scott Foerster/Documents/GitHub/ENES246/-7ControlPath/2_3_NestedForLoopsWithShift/NestedForLoops.srcs/constrs_1/imports/NestedForLoops/Nexys4DDR_Master.xdc]
Finished Parsing XDC File [C:/Users/Scott Foerster/Documents/GitHub/ENES246/-7ControlPath/2_3_NestedForLoopsWithShift/NestedForLoops.srcs/constrs_1/imports/NestedForLoops/Nexys4DDR_Master.xdc]
Completed Processing XDC Constraints

INFO: [Opt 31-138] Pushed 0 inverter(s) to 0 load pin(s).
Netlist sorting complete. Time (s): cpu = 00:00:00 ; elapsed = 00:00:00 . Memory (MB): peak = 1071.930 ; gain = 0.000
INFO: [Project 1-111] Unisim Transformation Summary:
No Unisim elements were transformed.

RTL Elaboration Complete:  : Time (s): cpu = 00:00:14 ; elapsed = 00:00:11 . Memory (MB): peak = 1152.824 ; gain = 467.840
6 Infos, 0 Warnings, 0 Critical Warnings and 0 Errors encountered.
synth_design completed successfully
synth_design: Time (s): cpu = 00:00:14 ; elapsed = 00:00:12 . Memory (MB): peak = 1152.824 ; gain = 467.840
reset_run synth_1
launch_runs impl_1 -to_step write_bitstream -jobs 3
[Thu Feb 21 09:59:02 2019] Launched synth_1...
Run output will be captured here: C:/Users/Scott Foerster/Documents/GitHub/ENES246/-7ControlPath/2_3_NestedForLoopsWithShift/NestedForLoops.runs/synth_1/runme.log
[Thu Feb 21 09:59:02 2019] Launched impl_1...
Run output will be captured here: C:/Users/Scott Foerster/Documents/GitHub/ENES246/-7ControlPath/2_3_NestedForLoopsWithShift/NestedForLoops.runs/impl_1/runme.log
close_project
exit
INFO: [Common 17-206] Exiting Vivado at Thu Feb 21 10:02:30 2019...
