#-----------------------------------------------------------
# Vivado v2018.3 (64-bit)
# SW Build 2405991 on Thu Dec  6 23:38:27 MST 2018
# IP Build 2404404 on Fri Dec  7 01:43:56 MST 2018
# Start of session at: Mon May 13 13:27:31 2019
# Process ID: 14784
# Current directory: C:/Users/SET253-04U.HCCMAIN/Documents/GitHub/Jordan-s-ENES246/LEDCube/LEDCube6
# Command line: vivado.exe -gui_launcher_event rodinguilauncherevent11132 C:\Users\SET253-04U.HCCMAIN\Documents\GitHub\Jordan-s-ENES246\LEDCube\LEDCube6\LEDCube6.xpr
# Log file: C:/Users/SET253-04U.HCCMAIN/Documents/GitHub/Jordan-s-ENES246/LEDCube/LEDCube6/vivado.log
# Journal file: C:/Users/SET253-04U.HCCMAIN/Documents/GitHub/Jordan-s-ENES246/LEDCube/LEDCube6\vivado.jou
#-----------------------------------------------------------
start_gui
open_project C:/Users/SET253-04U.HCCMAIN/Documents/GitHub/Jordan-s-ENES246/LEDCube/LEDCube6/LEDCube6.xpr
INFO: [Project 1-313] Project file moved from 'C:/Users/SET253-04U.HCCMAIN/LEDCube6' since last save.
WARNING: [Project 1-312] File not found as 'C:/Users/SET253-04U.HCCMAIN/Documents/GitHub/Jordan-s-ENES246/LEDCube/Documents/GitHub/Jordan-s-ENES246/Nexys4DDR_Master.xdc'; using path 'C:/Users/SET253-04U.HCCMAIN/Documents/GitHub/Jordan-s-ENES246/Nexys4DDR_Master.xdc' instead.
Scanning sources...
Finished scanning sources
WARNING: [Project 1-312] File not found as 'C:/Users/SET253-04U.HCCMAIN/Documents/GitHub/Jordan-s-ENES246/LEDCube/Documents/GitHub/Jordan-s-ENES246/Nexys4DDR_Master.xdc'; using path 'C:/Users/SET253-04U.HCCMAIN/Documents/GitHub/Jordan-s-ENES246/Nexys4DDR_Master.xdc' instead.
WARNING: [Project 1-312] File not found as 'C:/Users/SET253-04U.HCCMAIN/Documents/GitHub/Jordan-s-ENES246/LEDCube/Documents/GitHub/Jordan-s-ENES246/Nexys4DDR_Master.xdc'; using path 'C:/Users/SET253-04U.HCCMAIN/Documents/GitHub/Jordan-s-ENES246/Nexys4DDR_Master.xdc' instead.
WARNING: [filemgmt 56-2] IPUserFilesDir: Could not find the directory 'C:/Users/SET253-04U.HCCMAIN/Documents/GitHub/Jordan-s-ENES246/LEDCube/LEDCube6/LEDCube6.ip_user_files', nor could it be found using path 'C:/Users/SET253-04U.HCCMAIN/LEDCube6/LEDCube6.ip_user_files'.
INFO: [IP_Flow 19-234] Refreshing IP repositories
INFO: [IP_Flow 19-1704] No user IP repositories specified
INFO: [IP_Flow 19-2313] Loaded Vivado IP repository 'C:/Xilinx/Vivado/2018.3/data/ip'.
open_project: Time (s): cpu = 00:00:12 ; elapsed = 00:00:06 . Memory (MB): peak = 755.012 ; gain = 163.621
update_compile_order -fileset sources_1
file mkdir C:/Users/SET253-04U.HCCMAIN/Documents/GitHub/Jordan-s-ENES246/LEDCube/LEDCube6/LEDCube6.srcs/constrs_1
file mkdir C:/Users/SET253-04U.HCCMAIN/Documents/GitHub/Jordan-s-ENES246/LEDCube/LEDCube6/LEDCube6.srcs/constrs_1/new
close [ open C:/Users/SET253-04U.HCCMAIN/Documents/GitHub/Jordan-s-ENES246/LEDCube/LEDCube6/LEDCube6.srcs/constrs_1/new/Nexys4DDR_Master.xdc w ]
add_files -fileset constrs_1 C:/Users/SET253-04U.HCCMAIN/Documents/GitHub/Jordan-s-ENES246/LEDCube/LEDCube6/LEDCube6.srcs/constrs_1/new/Nexys4DDR_Master.xdc
export_ip_user_files -of_objects  [get_files C:/Users/SET253-04U.HCCMAIN/Documents/GitHub/Jordan-s-ENES246/Nexys4DDR_Master.xdc] -no_script -reset -force -quiet
remove_files  -fileset constrs_1 C:/Users/SET253-04U.HCCMAIN/Documents/GitHub/Jordan-s-ENES246/Nexys4DDR_Master.xdc
close_project
exit
INFO: [Common 17-206] Exiting Vivado at Mon May 13 13:30:34 2019...
