#-----------------------------------------------------------
# Vivado v2018.3 (64-bit)
# SW Build 2405991 on Thu Dec  6 23:38:27 MST 2018
# IP Build 2404404 on Fri Dec  7 01:43:56 MST 2018
# Start of session at: Mon May 20 15:38:13 2019
# Process ID: 3544
# Current directory: C:/Users/SET253-04U.HCCMAIN/Documents/GitHub/Jordan-s-ENES246/LEDCube/LEDCube6
# Command line: vivado.exe -gui_launcher_event rodinguilauncherevent11520 C:\Users\SET253-04U.HCCMAIN\Documents\GitHub\Jordan-s-ENES246\LEDCube\LEDCube6\LEDCube6.xpr
# Log file: C:/Users/SET253-04U.HCCMAIN/Documents/GitHub/Jordan-s-ENES246/LEDCube/LEDCube6/vivado.log
# Journal file: C:/Users/SET253-04U.HCCMAIN/Documents/GitHub/Jordan-s-ENES246/LEDCube/LEDCube6\vivado.jou
#-----------------------------------------------------------
start_gui
open_project C:/Users/SET253-04U.HCCMAIN/Documents/GitHub/Jordan-s-ENES246/LEDCube/LEDCube6/LEDCube6.xpr
Scanning sources...
Finished scanning sources
INFO: [IP_Flow 19-234] Refreshing IP repositories
INFO: [IP_Flow 19-1704] No user IP repositories specified
INFO: [IP_Flow 19-2313] Loaded Vivado IP repository 'C:/Xilinx/Vivado/2018.3/data/ip'.
open_project: Time (s): cpu = 00:00:13 ; elapsed = 00:00:07 . Memory (MB): peak = 706.004 ; gain = 120.695
update_compile_order -fileset sources_1
update_compile_order -fileset sources_1
update_compile_order -fileset sources_1
update_compile_order -fileset sources_1
update_compile_order -fileset sources_1
synth_design -rtl -name rtl_1
Command: synth_design -rtl -name rtl_1
Starting synth_design
Using part: xc7a100tcsg324-1
Top: eightPlanes
---------------------------------------------------------------------------------
Starting RTL Elaboration : Time (s): cpu = 00:00:02 ; elapsed = 00:00:02 . Memory (MB): peak = 815.984 ; gain = 83.840
---------------------------------------------------------------------------------
INFO: [Synth 8-6157] synthesizing module 'eightPlanes' [C:/Users/SET253-04U.HCCMAIN/Documents/GitHub/Jordan-s-ENES246/LEDCube/LEDCube6/LEDCube6.srcs/sources_1/new/main.v:23]
INFO: [Synth 8-6157] synthesizing module 'onePlane' [C:/Users/SET253-04U.HCCMAIN/Documents/GitHub/Jordan-s-ENES246/LEDCube/LEDCube6/LEDCube6.srcs/sources_1/new/onePlane.v:23]
WARNING: [Synth 8-4446] all outputs are unconnected for this instance and logic may be removed [C:/Users/SET253-04U.HCCMAIN/Documents/GitHub/Jordan-s-ENES246/LEDCube/LEDCube6/LEDCube6.srcs/sources_1/new/onePlane.v:27]
INFO: [Synth 8-6157] synthesizing module 'DeMux' [C:/Users/SET253-04U.HCCMAIN/Documents/GitHub/Jordan-s-ENES246/LEDCube/LEDCube6/LEDCube6.srcs/sources_1/new/DeMux.v:1]
INFO: [Synth 8-226] default block is never used [C:/Users/SET253-04U.HCCMAIN/Documents/GitHub/Jordan-s-ENES246/LEDCube/LEDCube6/LEDCube6.srcs/sources_1/new/DeMux.v:13]
WARNING: [Synth 8-4446] all outputs are unconnected for this instance and logic may be removed [C:/Users/SET253-04U.HCCMAIN/Documents/GitHub/Jordan-s-ENES246/LEDCube/LEDCube6/LEDCube6.srcs/sources_1/new/DeMux.v:49]
INFO: [Synth 8-6157] synthesizing module 'Latch' [C:/Users/SET253-04U.HCCMAIN/Documents/GitHub/Jordan-s-ENES246/LEDCube/LEDCube6/LEDCube6.srcs/sources_1/new/Latch.v:23]
INFO: [Synth 8-6155] done synthesizing module 'Latch' (1#1) [C:/Users/SET253-04U.HCCMAIN/Documents/GitHub/Jordan-s-ENES246/LEDCube/LEDCube6/LEDCube6.srcs/sources_1/new/Latch.v:23]
ERROR: [Synth 8-448] named port connection 'LED' does not exist for instance 'latch0' of module 'Latch' [C:/Users/SET253-04U.HCCMAIN/Documents/GitHub/Jordan-s-ENES246/LEDCube/LEDCube6/LEDCube6.srcs/sources_1/new/DeMux.v:53]
WARNING: [Synth 8-350] instance 'latch0' of module 'Latch' requires 5 connections, but only 3 given [C:/Users/SET253-04U.HCCMAIN/Documents/GitHub/Jordan-s-ENES246/LEDCube/LEDCube6/LEDCube6.srcs/sources_1/new/DeMux.v:49]
WARNING: [Synth 8-4446] all outputs are unconnected for this instance and logic may be removed [C:/Users/SET253-04U.HCCMAIN/Documents/GitHub/Jordan-s-ENES246/LEDCube/LEDCube6/LEDCube6.srcs/sources_1/new/DeMux.v:56]
ERROR: [Synth 8-448] named port connection 'LED' does not exist for instance 'latch1' of module 'Latch' [C:/Users/SET253-04U.HCCMAIN/Documents/GitHub/Jordan-s-ENES246/LEDCube/LEDCube6/LEDCube6.srcs/sources_1/new/DeMux.v:60]
WARNING: [Synth 8-350] instance 'latch1' of module 'Latch' requires 5 connections, but only 3 given [C:/Users/SET253-04U.HCCMAIN/Documents/GitHub/Jordan-s-ENES246/LEDCube/LEDCube6/LEDCube6.srcs/sources_1/new/DeMux.v:56]
WARNING: [Synth 8-4446] all outputs are unconnected for this instance and logic may be removed [C:/Users/SET253-04U.HCCMAIN/Documents/GitHub/Jordan-s-ENES246/LEDCube/LEDCube6/LEDCube6.srcs/sources_1/new/DeMux.v:63]
ERROR: [Synth 8-448] named port connection 'LED' does not exist for instance 'latch2' of module 'Latch' [C:/Users/SET253-04U.HCCMAIN/Documents/GitHub/Jordan-s-ENES246/LEDCube/LEDCube6/LEDCube6.srcs/sources_1/new/DeMux.v:67]
WARNING: [Synth 8-350] instance 'latch2' of module 'Latch' requires 5 connections, but only 3 given [C:/Users/SET253-04U.HCCMAIN/Documents/GitHub/Jordan-s-ENES246/LEDCube/LEDCube6/LEDCube6.srcs/sources_1/new/DeMux.v:63]
WARNING: [Synth 8-4446] all outputs are unconnected for this instance and logic may be removed [C:/Users/SET253-04U.HCCMAIN/Documents/GitHub/Jordan-s-ENES246/LEDCube/LEDCube6/LEDCube6.srcs/sources_1/new/DeMux.v:70]
ERROR: [Synth 8-448] named port connection 'LED' does not exist for instance 'latch3' of module 'Latch' [C:/Users/SET253-04U.HCCMAIN/Documents/GitHub/Jordan-s-ENES246/LEDCube/LEDCube6/LEDCube6.srcs/sources_1/new/DeMux.v:74]
WARNING: [Synth 8-350] instance 'latch3' of module 'Latch' requires 5 connections, but only 3 given [C:/Users/SET253-04U.HCCMAIN/Documents/GitHub/Jordan-s-ENES246/LEDCube/LEDCube6/LEDCube6.srcs/sources_1/new/DeMux.v:70]
WARNING: [Synth 8-4446] all outputs are unconnected for this instance and logic may be removed [C:/Users/SET253-04U.HCCMAIN/Documents/GitHub/Jordan-s-ENES246/LEDCube/LEDCube6/LEDCube6.srcs/sources_1/new/DeMux.v:77]
ERROR: [Synth 8-448] named port connection 'LED' does not exist for instance 'latch4' of module 'Latch' [C:/Users/SET253-04U.HCCMAIN/Documents/GitHub/Jordan-s-ENES246/LEDCube/LEDCube6/LEDCube6.srcs/sources_1/new/DeMux.v:81]
WARNING: [Synth 8-350] instance 'latch4' of module 'Latch' requires 5 connections, but only 3 given [C:/Users/SET253-04U.HCCMAIN/Documents/GitHub/Jordan-s-ENES246/LEDCube/LEDCube6/LEDCube6.srcs/sources_1/new/DeMux.v:77]
WARNING: [Synth 8-4446] all outputs are unconnected for this instance and logic may be removed [C:/Users/SET253-04U.HCCMAIN/Documents/GitHub/Jordan-s-ENES246/LEDCube/LEDCube6/LEDCube6.srcs/sources_1/new/DeMux.v:84]
ERROR: [Synth 8-448] named port connection 'LED' does not exist for instance 'latch5' of module 'Latch' [C:/Users/SET253-04U.HCCMAIN/Documents/GitHub/Jordan-s-ENES246/LEDCube/LEDCube6/LEDCube6.srcs/sources_1/new/DeMux.v:88]
WARNING: [Synth 8-350] instance 'latch5' of module 'Latch' requires 5 connections, but only 3 given [C:/Users/SET253-04U.HCCMAIN/Documents/GitHub/Jordan-s-ENES246/LEDCube/LEDCube6/LEDCube6.srcs/sources_1/new/DeMux.v:84]
WARNING: [Synth 8-4446] all outputs are unconnected for this instance and logic may be removed [C:/Users/SET253-04U.HCCMAIN/Documents/GitHub/Jordan-s-ENES246/LEDCube/LEDCube6/LEDCube6.srcs/sources_1/new/DeMux.v:91]
ERROR: [Synth 8-448] named port connection 'LED' does not exist for instance 'latch6' of module 'Latch' [C:/Users/SET253-04U.HCCMAIN/Documents/GitHub/Jordan-s-ENES246/LEDCube/LEDCube6/LEDCube6.srcs/sources_1/new/DeMux.v:95]
WARNING: [Synth 8-350] instance 'latch6' of module 'Latch' requires 5 connections, but only 3 given [C:/Users/SET253-04U.HCCMAIN/Documents/GitHub/Jordan-s-ENES246/LEDCube/LEDCube6/LEDCube6.srcs/sources_1/new/DeMux.v:91]
WARNING: [Synth 8-4446] all outputs are unconnected for this instance and logic may be removed [C:/Users/SET253-04U.HCCMAIN/Documents/GitHub/Jordan-s-ENES246/LEDCube/LEDCube6/LEDCube6.srcs/sources_1/new/DeMux.v:98]
ERROR: [Synth 8-448] named port connection 'LED' does not exist for instance 'latch7' of module 'Latch' [C:/Users/SET253-04U.HCCMAIN/Documents/GitHub/Jordan-s-ENES246/LEDCube/LEDCube6/LEDCube6.srcs/sources_1/new/DeMux.v:102]
WARNING: [Synth 8-350] instance 'latch7' of module 'Latch' requires 5 connections, but only 3 given [C:/Users/SET253-04U.HCCMAIN/Documents/GitHub/Jordan-s-ENES246/LEDCube/LEDCube6/LEDCube6.srcs/sources_1/new/DeMux.v:98]
WARNING: [Synth 8-4446] all outputs are unconnected for this instance and logic may be removed [C:/Users/SET253-04U.HCCMAIN/Documents/GitHub/Jordan-s-ENES246/LEDCube/LEDCube6/LEDCube6.srcs/sources_1/new/DeMux.v:105]
ERROR: [Synth 8-448] named port connection 'LED' does not exist for instance 'latch8' of module 'Latch' [C:/Users/SET253-04U.HCCMAIN/Documents/GitHub/Jordan-s-ENES246/LEDCube/LEDCube6/LEDCube6.srcs/sources_1/new/DeMux.v:109]
WARNING: [Synth 8-350] instance 'latch8' of module 'Latch' requires 5 connections, but only 3 given [C:/Users/SET253-04U.HCCMAIN/Documents/GitHub/Jordan-s-ENES246/LEDCube/LEDCube6/LEDCube6.srcs/sources_1/new/DeMux.v:105]
WARNING: [Synth 8-4446] all outputs are unconnected for this instance and logic may be removed [C:/Users/SET253-04U.HCCMAIN/Documents/GitHub/Jordan-s-ENES246/LEDCube/LEDCube6/LEDCube6.srcs/sources_1/new/DeMux.v:112]
ERROR: [Synth 8-448] named port connection 'LED' does not exist for instance 'latch9' of module 'Latch' [C:/Users/SET253-04U.HCCMAIN/Documents/GitHub/Jordan-s-ENES246/LEDCube/LEDCube6/LEDCube6.srcs/sources_1/new/DeMux.v:116]
WARNING: [Synth 8-350] instance 'latch9' of module 'Latch' requires 5 connections, but only 3 given [C:/Users/SET253-04U.HCCMAIN/Documents/GitHub/Jordan-s-ENES246/LEDCube/LEDCube6/LEDCube6.srcs/sources_1/new/DeMux.v:112]
WARNING: [Synth 8-4446] all outputs are unconnected for this instance and logic may be removed [C:/Users/SET253-04U.HCCMAIN/Documents/GitHub/Jordan-s-ENES246/LEDCube/LEDCube6/LEDCube6.srcs/sources_1/new/DeMux.v:119]
ERROR: [Synth 8-448] named port connection 'LED' does not exist for instance 'latch10' of module 'Latch' [C:/Users/SET253-04U.HCCMAIN/Documents/GitHub/Jordan-s-ENES246/LEDCube/LEDCube6/LEDCube6.srcs/sources_1/new/DeMux.v:123]
WARNING: [Synth 8-350] instance 'latch10' of module 'Latch' requires 5 connections, but only 3 given [C:/Users/SET253-04U.HCCMAIN/Documents/GitHub/Jordan-s-ENES246/LEDCube/LEDCube6/LEDCube6.srcs/sources_1/new/DeMux.v:119]
WARNING: [Synth 8-4446] all outputs are unconnected for this instance and logic may be removed [C:/Users/SET253-04U.HCCMAIN/Documents/GitHub/Jordan-s-ENES246/LEDCube/LEDCube6/LEDCube6.srcs/sources_1/new/DeMux.v:126]
ERROR: [Synth 8-448] named port connection 'LED' does not exist for instance 'latch11' of module 'Latch' [C:/Users/SET253-04U.HCCMAIN/Documents/GitHub/Jordan-s-ENES246/LEDCube/LEDCube6/LEDCube6.srcs/sources_1/new/DeMux.v:130]
WARNING: [Synth 8-350] instance 'latch11' of module 'Latch' requires 5 connections, but only 3 given [C:/Users/SET253-04U.HCCMAIN/Documents/GitHub/Jordan-s-ENES246/LEDCube/LEDCube6/LEDCube6.srcs/sources_1/new/DeMux.v:126]
WARNING: [Synth 8-4446] all outputs are unconnected for this instance and logic may be removed [C:/Users/SET253-04U.HCCMAIN/Documents/GitHub/Jordan-s-ENES246/LEDCube/LEDCube6/LEDCube6.srcs/sources_1/new/DeMux.v:133]
ERROR: [Synth 8-448] named port connection 'LED' does not exist for instance 'latch12' of module 'Latch' [C:/Users/SET253-04U.HCCMAIN/Documents/GitHub/Jordan-s-ENES246/LEDCube/LEDCube6/LEDCube6.srcs/sources_1/new/DeMux.v:137]
WARNING: [Synth 8-350] instance 'latch12' of module 'Latch' requires 5 connections, but only 3 given [C:/Users/SET253-04U.HCCMAIN/Documents/GitHub/Jordan-s-ENES246/LEDCube/LEDCube6/LEDCube6.srcs/sources_1/new/DeMux.v:133]
WARNING: [Synth 8-4446] all outputs are unconnected for this instance and logic may be removed [C:/Users/SET253-04U.HCCMAIN/Documents/GitHub/Jordan-s-ENES246/LEDCube/LEDCube6/LEDCube6.srcs/sources_1/new/DeMux.v:140]
ERROR: [Synth 8-448] named port connection 'LED' does not exist for instance 'latch13' of module 'Latch' [C:/Users/SET253-04U.HCCMAIN/Documents/GitHub/Jordan-s-ENES246/LEDCube/LEDCube6/LEDCube6.srcs/sources_1/new/DeMux.v:144]
WARNING: [Synth 8-350] instance 'latch13' of module 'Latch' requires 5 connections, but only 3 given [C:/Users/SET253-04U.HCCMAIN/Documents/GitHub/Jordan-s-ENES246/LEDCube/LEDCube6/LEDCube6.srcs/sources_1/new/DeMux.v:140]
WARNING: [Synth 8-4446] all outputs are unconnected for this instance and logic may be removed [C:/Users/SET253-04U.HCCMAIN/Documents/GitHub/Jordan-s-ENES246/LEDCube/LEDCube6/LEDCube6.srcs/sources_1/new/DeMux.v:147]
ERROR: [Synth 8-448] named port connection 'LED' does not exist for instance 'latch14' of module 'Latch' [C:/Users/SET253-04U.HCCMAIN/Documents/GitHub/Jordan-s-ENES246/LEDCube/LEDCube6/LEDCube6.srcs/sources_1/new/DeMux.v:151]
WARNING: [Synth 8-350] instance 'latch14' of module 'Latch' requires 5 connections, but only 3 given [C:/Users/SET253-04U.HCCMAIN/Documents/GitHub/Jordan-s-ENES246/LEDCube/LEDCube6/LEDCube6.srcs/sources_1/new/DeMux.v:147]
WARNING: [Synth 8-4446] all outputs are unconnected for this instance and logic may be removed [C:/Users/SET253-04U.HCCMAIN/Documents/GitHub/Jordan-s-ENES246/LEDCube/LEDCube6/LEDCube6.srcs/sources_1/new/DeMux.v:154]
ERROR: [Synth 8-448] named port connection 'LED' does not exist for instance 'latch15' of module 'Latch' [C:/Users/SET253-04U.HCCMAIN/Documents/GitHub/Jordan-s-ENES246/LEDCube/LEDCube6/LEDCube6.srcs/sources_1/new/DeMux.v:158]
WARNING: [Synth 8-350] instance 'latch15' of module 'Latch' requires 5 connections, but only 3 given [C:/Users/SET253-04U.HCCMAIN/Documents/GitHub/Jordan-s-ENES246/LEDCube/LEDCube6/LEDCube6.srcs/sources_1/new/DeMux.v:154]
WARNING: [Synth 8-4446] all outputs are unconnected for this instance and logic may be removed [C:/Users/SET253-04U.HCCMAIN/Documents/GitHub/Jordan-s-ENES246/LEDCube/LEDCube6/LEDCube6.srcs/sources_1/new/DeMux.v:161]
ERROR: [Synth 8-448] named port connection 'LED' does not exist for instance 'latch16' of module 'Latch' [C:/Users/SET253-04U.HCCMAIN/Documents/GitHub/Jordan-s-ENES246/LEDCube/LEDCube6/LEDCube6.srcs/sources_1/new/DeMux.v:165]
WARNING: [Synth 8-350] instance 'latch16' of module 'Latch' requires 5 connections, but only 3 given [C:/Users/SET253-04U.HCCMAIN/Documents/GitHub/Jordan-s-ENES246/LEDCube/LEDCube6/LEDCube6.srcs/sources_1/new/DeMux.v:161]
WARNING: [Synth 8-4446] all outputs are unconnected for this instance and logic may be removed [C:/Users/SET253-04U.HCCMAIN/Documents/GitHub/Jordan-s-ENES246/LEDCube/LEDCube6/LEDCube6.srcs/sources_1/new/DeMux.v:168]
ERROR: [Synth 8-448] named port connection 'LED' does not exist for instance 'latch17' of module 'Latch' [C:/Users/SET253-04U.HCCMAIN/Documents/GitHub/Jordan-s-ENES246/LEDCube/LEDCube6/LEDCube6.srcs/sources_1/new/DeMux.v:172]
WARNING: [Synth 8-350] instance 'latch17' of module 'Latch' requires 5 connections, but only 3 given [C:/Users/SET253-04U.HCCMAIN/Documents/GitHub/Jordan-s-ENES246/LEDCube/LEDCube6/LEDCube6.srcs/sources_1/new/DeMux.v:168]
WARNING: [Synth 8-4446] all outputs are unconnected for this instance and logic may be removed [C:/Users/SET253-04U.HCCMAIN/Documents/GitHub/Jordan-s-ENES246/LEDCube/LEDCube6/LEDCube6.srcs/sources_1/new/DeMux.v:175]
ERROR: [Synth 8-448] named port connection 'LED' does not exist for instance 'latch18' of module 'Latch' [C:/Users/SET253-04U.HCCMAIN/Documents/GitHub/Jordan-s-ENES246/LEDCube/LEDCube6/LEDCube6.srcs/sources_1/new/DeMux.v:179]
WARNING: [Synth 8-350] instance 'latch18' of module 'Latch' requires 5 connections, but only 3 given [C:/Users/SET253-04U.HCCMAIN/Documents/GitHub/Jordan-s-ENES246/LEDCube/LEDCube6/LEDCube6.srcs/sources_1/new/DeMux.v:175]
WARNING: [Synth 8-4446] all outputs are unconnected for this instance and logic may be removed [C:/Users/SET253-04U.HCCMAIN/Documents/GitHub/Jordan-s-ENES246/LEDCube/LEDCube6/LEDCube6.srcs/sources_1/new/DeMux.v:182]
ERROR: [Synth 8-448] named port connection 'LED' does not exist for instance 'latch19' of module 'Latch' [C:/Users/SET253-04U.HCCMAIN/Documents/GitHub/Jordan-s-ENES246/LEDCube/LEDCube6/LEDCube6.srcs/sources_1/new/DeMux.v:186]
WARNING: [Synth 8-350] instance 'latch19' of module 'Latch' requires 5 connections, but only 3 given [C:/Users/SET253-04U.HCCMAIN/Documents/GitHub/Jordan-s-ENES246/LEDCube/LEDCube6/LEDCube6.srcs/sources_1/new/DeMux.v:182]
WARNING: [Synth 8-4446] all outputs are unconnected for this instance and logic may be removed [C:/Users/SET253-04U.HCCMAIN/Documents/GitHub/Jordan-s-ENES246/LEDCube/LEDCube6/LEDCube6.srcs/sources_1/new/DeMux.v:189]
ERROR: [Synth 8-448] named port connection 'LED' does not exist for instance 'latch20' of module 'Latch' [C:/Users/SET253-04U.HCCMAIN/Documents/GitHub/Jordan-s-ENES246/LEDCube/LEDCube6/LEDCube6.srcs/sources_1/new/DeMux.v:193]
WARNING: [Synth 8-350] instance 'latch20' of module 'Latch' requires 5 connections, but only 3 given [C:/Users/SET253-04U.HCCMAIN/Documents/GitHub/Jordan-s-ENES246/LEDCube/LEDCube6/LEDCube6.srcs/sources_1/new/DeMux.v:189]
WARNING: [Synth 8-4446] all outputs are unconnected for this instance and logic may be removed [C:/Users/SET253-04U.HCCMAIN/Documents/GitHub/Jordan-s-ENES246/LEDCube/LEDCube6/LEDCube6.srcs/sources_1/new/DeMux.v:196]
ERROR: [Synth 8-448] named port connection 'LED' does not exist for instance 'latch21' of module 'Latch' [C:/Users/SET253-04U.HCCMAIN/Documents/GitHub/Jordan-s-ENES246/LEDCube/LEDCube6/LEDCube6.srcs/sources_1/new/DeMux.v:200]
WARNING: [Synth 8-350] instance 'latch21' of module 'Latch' requires 5 connections, but only 3 given [C:/Users/SET253-04U.HCCMAIN/Documents/GitHub/Jordan-s-ENES246/LEDCube/LEDCube6/LEDCube6.srcs/sources_1/new/DeMux.v:196]
WARNING: [Synth 8-4446] all outputs are unconnected for this instance and logic may be removed [C:/Users/SET253-04U.HCCMAIN/Documents/GitHub/Jordan-s-ENES246/LEDCube/LEDCube6/LEDCube6.srcs/sources_1/new/DeMux.v:203]
ERROR: [Synth 8-448] named port connection 'LED' does not exist for instance 'latch22' of module 'Latch' [C:/Users/SET253-04U.HCCMAIN/Documents/GitHub/Jordan-s-ENES246/LEDCube/LEDCube6/LEDCube6.srcs/sources_1/new/DeMux.v:207]
WARNING: [Synth 8-350] instance 'latch22' of module 'Latch' requires 5 connections, but only 3 given [C:/Users/SET253-04U.HCCMAIN/Documents/GitHub/Jordan-s-ENES246/LEDCube/LEDCube6/LEDCube6.srcs/sources_1/new/DeMux.v:203]
WARNING: [Synth 8-4446] all outputs are unconnected for this instance and logic may be removed [C:/Users/SET253-04U.HCCMAIN/Documents/GitHub/Jordan-s-ENES246/LEDCube/LEDCube6/LEDCube6.srcs/sources_1/new/DeMux.v:210]
ERROR: [Synth 8-448] named port connection 'LED' does not exist for instance 'latch23' of module 'Latch' [C:/Users/SET253-04U.HCCMAIN/Documents/GitHub/Jordan-s-ENES246/LEDCube/LEDCube6/LEDCube6.srcs/sources_1/new/DeMux.v:214]
WARNING: [Synth 8-350] instance 'latch23' of module 'Latch' requires 5 connections, but only 3 given [C:/Users/SET253-04U.HCCMAIN/Documents/GitHub/Jordan-s-ENES246/LEDCube/LEDCube6/LEDCube6.srcs/sources_1/new/DeMux.v:210]
WARNING: [Synth 8-4446] all outputs are unconnected for this instance and logic may be removed [C:/Users/SET253-04U.HCCMAIN/Documents/GitHub/Jordan-s-ENES246/LEDCube/LEDCube6/LEDCube6.srcs/sources_1/new/DeMux.v:217]
ERROR: [Synth 8-448] named port connection 'LED' does not exist for instance 'latch24' of module 'Latch' [C:/Users/SET253-04U.HCCMAIN/Documents/GitHub/Jordan-s-ENES246/LEDCube/LEDCube6/LEDCube6.srcs/sources_1/new/DeMux.v:221]
WARNING: [Synth 8-350] instance 'latch24' of module 'Latch' requires 5 connections, but only 3 given [C:/Users/SET253-04U.HCCMAIN/Documents/GitHub/Jordan-s-ENES246/LEDCube/LEDCube6/LEDCube6.srcs/sources_1/new/DeMux.v:217]
WARNING: [Synth 8-4446] all outputs are unconnected for this instance and logic may be removed [C:/Users/SET253-04U.HCCMAIN/Documents/GitHub/Jordan-s-ENES246/LEDCube/LEDCube6/LEDCube6.srcs/sources_1/new/DeMux.v:224]
ERROR: [Synth 8-448] named port connection 'LED' does not exist for instance 'latch25' of module 'Latch' [C:/Users/SET253-04U.HCCMAIN/Documents/GitHub/Jordan-s-ENES246/LEDCube/LEDCube6/LEDCube6.srcs/sources_1/new/DeMux.v:228]
WARNING: [Synth 8-350] instance 'latch25' of module 'Latch' requires 5 connections, but only 3 given [C:/Users/SET253-04U.HCCMAIN/Documents/GitHub/Jordan-s-ENES246/LEDCube/LEDCube6/LEDCube6.srcs/sources_1/new/DeMux.v:224]
WARNING: [Synth 8-4446] all outputs are unconnected for this instance and logic may be removed [C:/Users/SET253-04U.HCCMAIN/Documents/GitHub/Jordan-s-ENES246/LEDCube/LEDCube6/LEDCube6.srcs/sources_1/new/DeMux.v:231]
ERROR: [Synth 8-448] named port connection 'LED' does not exist for instance 'latch26' of module 'Latch' [C:/Users/SET253-04U.HCCMAIN/Documents/GitHub/Jordan-s-ENES246/LEDCube/LEDCube6/LEDCube6.srcs/sources_1/new/DeMux.v:235]
WARNING: [Synth 8-350] instance 'latch26' of module 'Latch' requires 5 connections, but only 3 given [C:/Users/SET253-04U.HCCMAIN/Documents/GitHub/Jordan-s-ENES246/LEDCube/LEDCube6/LEDCube6.srcs/sources_1/new/DeMux.v:231]
WARNING: [Synth 8-4446] all outputs are unconnected for this instance and logic may be removed [C:/Users/SET253-04U.HCCMAIN/Documents/GitHub/Jordan-s-ENES246/LEDCube/LEDCube6/LEDCube6.srcs/sources_1/new/DeMux.v:238]
ERROR: [Synth 8-448] named port connection 'LED' does not exist for instance 'latch27' of module 'Latch' [C:/Users/SET253-04U.HCCMAIN/Documents/GitHub/Jordan-s-ENES246/LEDCube/LEDCube6/LEDCube6.srcs/sources_1/new/DeMux.v:242]
WARNING: [Synth 8-350] instance 'latch27' of module 'Latch' requires 5 connections, but only 3 given [C:/Users/SET253-04U.HCCMAIN/Documents/GitHub/Jordan-s-ENES246/LEDCube/LEDCube6/LEDCube6.srcs/sources_1/new/DeMux.v:238]
WARNING: [Synth 8-4446] all outputs are unconnected for this instance and logic may be removed [C:/Users/SET253-04U.HCCMAIN/Documents/GitHub/Jordan-s-ENES246/LEDCube/LEDCube6/LEDCube6.srcs/sources_1/new/DeMux.v:245]
ERROR: [Synth 8-448] named port connection 'LED' does not exist for instance 'latch28' of module 'Latch' [C:/Users/SET253-04U.HCCMAIN/Documents/GitHub/Jordan-s-ENES246/LEDCube/LEDCube6/LEDCube6.srcs/sources_1/new/DeMux.v:249]
WARNING: [Synth 8-350] instance 'latch28' of module 'Latch' requires 5 connections, but only 3 given [C:/Users/SET253-04U.HCCMAIN/Documents/GitHub/Jordan-s-ENES246/LEDCube/LEDCube6/LEDCube6.srcs/sources_1/new/DeMux.v:245]
WARNING: [Synth 8-4446] all outputs are unconnected for this instance and logic may be removed [C:/Users/SET253-04U.HCCMAIN/Documents/GitHub/Jordan-s-ENES246/LEDCube/LEDCube6/LEDCube6.srcs/sources_1/new/DeMux.v:252]
ERROR: [Synth 8-448] named port connection 'LED' does not exist for instance 'latch29' of module 'Latch' [C:/Users/SET253-04U.HCCMAIN/Documents/GitHub/Jordan-s-ENES246/LEDCube/LEDCube6/LEDCube6.srcs/sources_1/new/DeMux.v:256]
WARNING: [Synth 8-350] instance 'latch29' of module 'Latch' requires 5 connections, but only 3 given [C:/Users/SET253-04U.HCCMAIN/Documents/GitHub/Jordan-s-ENES246/LEDCube/LEDCube6/LEDCube6.srcs/sources_1/new/DeMux.v:252]
WARNING: [Synth 8-4446] all outputs are unconnected for this instance and logic may be removed [C:/Users/SET253-04U.HCCMAIN/Documents/GitHub/Jordan-s-ENES246/LEDCube/LEDCube6/LEDCube6.srcs/sources_1/new/DeMux.v:259]
ERROR: [Synth 8-448] named port connection 'LED' does not exist for instance 'latch30' of module 'Latch' [C:/Users/SET253-04U.HCCMAIN/Documents/GitHub/Jordan-s-ENES246/LEDCube/LEDCube6/LEDCube6.srcs/sources_1/new/DeMux.v:263]
WARNING: [Synth 8-350] instance 'latch30' of module 'Latch' requires 5 connections, but only 3 given [C:/Users/SET253-04U.HCCMAIN/Documents/GitHub/Jordan-s-ENES246/LEDCube/LEDCube6/LEDCube6.srcs/sources_1/new/DeMux.v:259]
WARNING: [Synth 8-4446] all outputs are unconnected for this instance and logic may be removed [C:/Users/SET253-04U.HCCMAIN/Documents/GitHub/Jordan-s-ENES246/LEDCube/LEDCube6/LEDCube6.srcs/sources_1/new/DeMux.v:266]
ERROR: [Synth 8-448] named port connection 'LED' does not exist for instance 'latch31' of module 'Latch' [C:/Users/SET253-04U.HCCMAIN/Documents/GitHub/Jordan-s-ENES246/LEDCube/LEDCube6/LEDCube6.srcs/sources_1/new/DeMux.v:270]
WARNING: [Synth 8-350] instance 'latch31' of module 'Latch' requires 5 connections, but only 3 given [C:/Users/SET253-04U.HCCMAIN/Documents/GitHub/Jordan-s-ENES246/LEDCube/LEDCube6/LEDCube6.srcs/sources_1/new/DeMux.v:266]
ERROR: [Synth 8-6156] failed synthesizing module 'DeMux' [C:/Users/SET253-04U.HCCMAIN/Documents/GitHub/Jordan-s-ENES246/LEDCube/LEDCube6/LEDCube6.srcs/sources_1/new/DeMux.v:1]
ERROR: [Synth 8-6156] failed synthesizing module 'onePlane' [C:/Users/SET253-04U.HCCMAIN/Documents/GitHub/Jordan-s-ENES246/LEDCube/LEDCube6/LEDCube6.srcs/sources_1/new/onePlane.v:23]
ERROR: [Synth 8-6156] failed synthesizing module 'eightPlanes' [C:/Users/SET253-04U.HCCMAIN/Documents/GitHub/Jordan-s-ENES246/LEDCube/LEDCube6/LEDCube6.srcs/sources_1/new/main.v:23]
---------------------------------------------------------------------------------
Finished RTL Elaboration : Time (s): cpu = 00:00:02 ; elapsed = 00:00:03 . Memory (MB): peak = 851.324 ; gain = 119.180
---------------------------------------------------------------------------------
RTL Elaboration failed
6 Infos, 65 Warnings, 0 Critical Warnings and 36 Errors encountered.
synth_design failed
ERROR: [Vivado_Tcl 4-5] Elaboration failed - please see the console for details
synth_design -rtl -name rtl_1
Command: synth_design -rtl -name rtl_1
Starting synth_design
Using part: xc7a100tcsg324-1
Top: eightPlanes
---------------------------------------------------------------------------------
Starting RTL Elaboration : Time (s): cpu = 00:00:02 ; elapsed = 00:00:02 . Memory (MB): peak = 851.324 ; gain = 0.000
---------------------------------------------------------------------------------
INFO: [Synth 8-6157] synthesizing module 'eightPlanes' [C:/Users/SET253-04U.HCCMAIN/Documents/GitHub/Jordan-s-ENES246/LEDCube/LEDCube6/LEDCube6.srcs/sources_1/new/main.v:23]
INFO: [Synth 8-6157] synthesizing module 'onePlane' [C:/Users/SET253-04U.HCCMAIN/Documents/GitHub/Jordan-s-ENES246/LEDCube/LEDCube6/LEDCube6.srcs/sources_1/new/onePlane.v:23]
WARNING: [Synth 8-4446] all outputs are unconnected for this instance and logic may be removed [C:/Users/SET253-04U.HCCMAIN/Documents/GitHub/Jordan-s-ENES246/LEDCube/LEDCube6/LEDCube6.srcs/sources_1/new/onePlane.v:27]
INFO: [Synth 8-6157] synthesizing module 'DeMux' [C:/Users/SET253-04U.HCCMAIN/Documents/GitHub/Jordan-s-ENES246/LEDCube/LEDCube6/LEDCube6.srcs/sources_1/new/DeMux.v:1]
INFO: [Synth 8-226] default block is never used [C:/Users/SET253-04U.HCCMAIN/Documents/GitHub/Jordan-s-ENES246/LEDCube/LEDCube6/LEDCube6.srcs/sources_1/new/DeMux.v:13]
WARNING: [Synth 8-4446] all outputs are unconnected for this instance and logic may be removed [C:/Users/SET253-04U.HCCMAIN/Documents/GitHub/Jordan-s-ENES246/LEDCube/LEDCube6/LEDCube6.srcs/sources_1/new/DeMux.v:49]
INFO: [Synth 8-6157] synthesizing module 'Latch' [C:/Users/SET253-04U.HCCMAIN/Documents/GitHub/Jordan-s-ENES246/LEDCube/LEDCube6/LEDCube6.srcs/sources_1/new/Latch.v:23]
INFO: [Synth 8-6155] done synthesizing module 'Latch' (1#1) [C:/Users/SET253-04U.HCCMAIN/Documents/GitHub/Jordan-s-ENES246/LEDCube/LEDCube6/LEDCube6.srcs/sources_1/new/Latch.v:23]
ERROR: [Synth 8-448] named port connection 'LED' does not exist for instance 'latch0' of module 'Latch' [C:/Users/SET253-04U.HCCMAIN/Documents/GitHub/Jordan-s-ENES246/LEDCube/LEDCube6/LEDCube6.srcs/sources_1/new/DeMux.v:53]
WARNING: [Synth 8-350] instance 'latch0' of module 'Latch' requires 5 connections, but only 3 given [C:/Users/SET253-04U.HCCMAIN/Documents/GitHub/Jordan-s-ENES246/LEDCube/LEDCube6/LEDCube6.srcs/sources_1/new/DeMux.v:49]
WARNING: [Synth 8-4446] all outputs are unconnected for this instance and logic may be removed [C:/Users/SET253-04U.HCCMAIN/Documents/GitHub/Jordan-s-ENES246/LEDCube/LEDCube6/LEDCube6.srcs/sources_1/new/DeMux.v:56]
ERROR: [Synth 8-448] named port connection 'LED' does not exist for instance 'latch1' of module 'Latch' [C:/Users/SET253-04U.HCCMAIN/Documents/GitHub/Jordan-s-ENES246/LEDCube/LEDCube6/LEDCube6.srcs/sources_1/new/DeMux.v:60]
WARNING: [Synth 8-350] instance 'latch1' of module 'Latch' requires 5 connections, but only 3 given [C:/Users/SET253-04U.HCCMAIN/Documents/GitHub/Jordan-s-ENES246/LEDCube/LEDCube6/LEDCube6.srcs/sources_1/new/DeMux.v:56]
WARNING: [Synth 8-4446] all outputs are unconnected for this instance and logic may be removed [C:/Users/SET253-04U.HCCMAIN/Documents/GitHub/Jordan-s-ENES246/LEDCube/LEDCube6/LEDCube6.srcs/sources_1/new/DeMux.v:63]
ERROR: [Synth 8-448] named port connection 'LED' does not exist for instance 'latch2' of module 'Latch' [C:/Users/SET253-04U.HCCMAIN/Documents/GitHub/Jordan-s-ENES246/LEDCube/LEDCube6/LEDCube6.srcs/sources_1/new/DeMux.v:67]
WARNING: [Synth 8-350] instance 'latch2' of module 'Latch' requires 5 connections, but only 3 given [C:/Users/SET253-04U.HCCMAIN/Documents/GitHub/Jordan-s-ENES246/LEDCube/LEDCube6/LEDCube6.srcs/sources_1/new/DeMux.v:63]
WARNING: [Synth 8-4446] all outputs are unconnected for this instance and logic may be removed [C:/Users/SET253-04U.HCCMAIN/Documents/GitHub/Jordan-s-ENES246/LEDCube/LEDCube6/LEDCube6.srcs/sources_1/new/DeMux.v:70]
ERROR: [Synth 8-448] named port connection 'LED' does not exist for instance 'latch3' of module 'Latch' [C:/Users/SET253-04U.HCCMAIN/Documents/GitHub/Jordan-s-ENES246/LEDCube/LEDCube6/LEDCube6.srcs/sources_1/new/DeMux.v:74]
WARNING: [Synth 8-350] instance 'latch3' of module 'Latch' requires 5 connections, but only 3 given [C:/Users/SET253-04U.HCCMAIN/Documents/GitHub/Jordan-s-ENES246/LEDCube/LEDCube6/LEDCube6.srcs/sources_1/new/DeMux.v:70]
WARNING: [Synth 8-4446] all outputs are unconnected for this instance and logic may be removed [C:/Users/SET253-04U.HCCMAIN/Documents/GitHub/Jordan-s-ENES246/LEDCube/LEDCube6/LEDCube6.srcs/sources_1/new/DeMux.v:77]
ERROR: [Synth 8-448] named port connection 'LED' does not exist for instance 'latch4' of module 'Latch' [C:/Users/SET253-04U.HCCMAIN/Documents/GitHub/Jordan-s-ENES246/LEDCube/LEDCube6/LEDCube6.srcs/sources_1/new/DeMux.v:81]
WARNING: [Synth 8-350] instance 'latch4' of module 'Latch' requires 5 connections, but only 3 given [C:/Users/SET253-04U.HCCMAIN/Documents/GitHub/Jordan-s-ENES246/LEDCube/LEDCube6/LEDCube6.srcs/sources_1/new/DeMux.v:77]
WARNING: [Synth 8-4446] all outputs are unconnected for this instance and logic may be removed [C:/Users/SET253-04U.HCCMAIN/Documents/GitHub/Jordan-s-ENES246/LEDCube/LEDCube6/LEDCube6.srcs/sources_1/new/DeMux.v:84]
ERROR: [Synth 8-448] named port connection 'LED' does not exist for instance 'latch5' of module 'Latch' [C:/Users/SET253-04U.HCCMAIN/Documents/GitHub/Jordan-s-ENES246/LEDCube/LEDCube6/LEDCube6.srcs/sources_1/new/DeMux.v:88]
WARNING: [Synth 8-350] instance 'latch5' of module 'Latch' requires 5 connections, but only 3 given [C:/Users/SET253-04U.HCCMAIN/Documents/GitHub/Jordan-s-ENES246/LEDCube/LEDCube6/LEDCube6.srcs/sources_1/new/DeMux.v:84]
WARNING: [Synth 8-4446] all outputs are unconnected for this instance and logic may be removed [C:/Users/SET253-04U.HCCMAIN/Documents/GitHub/Jordan-s-ENES246/LEDCube/LEDCube6/LEDCube6.srcs/sources_1/new/DeMux.v:91]
ERROR: [Synth 8-448] named port connection 'LED' does not exist for instance 'latch6' of module 'Latch' [C:/Users/SET253-04U.HCCMAIN/Documents/GitHub/Jordan-s-ENES246/LEDCube/LEDCube6/LEDCube6.srcs/sources_1/new/DeMux.v:95]
WARNING: [Synth 8-350] instance 'latch6' of module 'Latch' requires 5 connections, but only 3 given [C:/Users/SET253-04U.HCCMAIN/Documents/GitHub/Jordan-s-ENES246/LEDCube/LEDCube6/LEDCube6.srcs/sources_1/new/DeMux.v:91]
WARNING: [Synth 8-4446] all outputs are unconnected for this instance and logic may be removed [C:/Users/SET253-04U.HCCMAIN/Documents/GitHub/Jordan-s-ENES246/LEDCube/LEDCube6/LEDCube6.srcs/sources_1/new/DeMux.v:98]
ERROR: [Synth 8-448] named port connection 'LED' does not exist for instance 'latch7' of module 'Latch' [C:/Users/SET253-04U.HCCMAIN/Documents/GitHub/Jordan-s-ENES246/LEDCube/LEDCube6/LEDCube6.srcs/sources_1/new/DeMux.v:102]
WARNING: [Synth 8-350] instance 'latch7' of module 'Latch' requires 5 connections, but only 3 given [C:/Users/SET253-04U.HCCMAIN/Documents/GitHub/Jordan-s-ENES246/LEDCube/LEDCube6/LEDCube6.srcs/sources_1/new/DeMux.v:98]
WARNING: [Synth 8-4446] all outputs are unconnected for this instance and logic may be removed [C:/Users/SET253-04U.HCCMAIN/Documents/GitHub/Jordan-s-ENES246/LEDCube/LEDCube6/LEDCube6.srcs/sources_1/new/DeMux.v:105]
ERROR: [Synth 8-448] named port connection 'LED' does not exist for instance 'latch8' of module 'Latch' [C:/Users/SET253-04U.HCCMAIN/Documents/GitHub/Jordan-s-ENES246/LEDCube/LEDCube6/LEDCube6.srcs/sources_1/new/DeMux.v:109]
WARNING: [Synth 8-350] instance 'latch8' of module 'Latch' requires 5 connections, but only 3 given [C:/Users/SET253-04U.HCCMAIN/Documents/GitHub/Jordan-s-ENES246/LEDCube/LEDCube6/LEDCube6.srcs/sources_1/new/DeMux.v:105]
WARNING: [Synth 8-4446] all outputs are unconnected for this instance and logic may be removed [C:/Users/SET253-04U.HCCMAIN/Documents/GitHub/Jordan-s-ENES246/LEDCube/LEDCube6/LEDCube6.srcs/sources_1/new/DeMux.v:112]
ERROR: [Synth 8-448] named port connection 'LED' does not exist for instance 'latch9' of module 'Latch' [C:/Users/SET253-04U.HCCMAIN/Documents/GitHub/Jordan-s-ENES246/LEDCube/LEDCube6/LEDCube6.srcs/sources_1/new/DeMux.v:116]
WARNING: [Synth 8-350] instance 'latch9' of module 'Latch' requires 5 connections, but only 3 given [C:/Users/SET253-04U.HCCMAIN/Documents/GitHub/Jordan-s-ENES246/LEDCube/LEDCube6/LEDCube6.srcs/sources_1/new/DeMux.v:112]
WARNING: [Synth 8-4446] all outputs are unconnected for this instance and logic may be removed [C:/Users/SET253-04U.HCCMAIN/Documents/GitHub/Jordan-s-ENES246/LEDCube/LEDCube6/LEDCube6.srcs/sources_1/new/DeMux.v:119]
ERROR: [Synth 8-448] named port connection 'LED' does not exist for instance 'latch10' of module 'Latch' [C:/Users/SET253-04U.HCCMAIN/Documents/GitHub/Jordan-s-ENES246/LEDCube/LEDCube6/LEDCube6.srcs/sources_1/new/DeMux.v:123]
WARNING: [Synth 8-350] instance 'latch10' of module 'Latch' requires 5 connections, but only 3 given [C:/Users/SET253-04U.HCCMAIN/Documents/GitHub/Jordan-s-ENES246/LEDCube/LEDCube6/LEDCube6.srcs/sources_1/new/DeMux.v:119]
WARNING: [Synth 8-4446] all outputs are unconnected for this instance and logic may be removed [C:/Users/SET253-04U.HCCMAIN/Documents/GitHub/Jordan-s-ENES246/LEDCube/LEDCube6/LEDCube6.srcs/sources_1/new/DeMux.v:126]
ERROR: [Synth 8-448] named port connection 'LED' does not exist for instance 'latch11' of module 'Latch' [C:/Users/SET253-04U.HCCMAIN/Documents/GitHub/Jordan-s-ENES246/LEDCube/LEDCube6/LEDCube6.srcs/sources_1/new/DeMux.v:130]
WARNING: [Synth 8-350] instance 'latch11' of module 'Latch' requires 5 connections, but only 3 given [C:/Users/SET253-04U.HCCMAIN/Documents/GitHub/Jordan-s-ENES246/LEDCube/LEDCube6/LEDCube6.srcs/sources_1/new/DeMux.v:126]
WARNING: [Synth 8-4446] all outputs are unconnected for this instance and logic may be removed [C:/Users/SET253-04U.HCCMAIN/Documents/GitHub/Jordan-s-ENES246/LEDCube/LEDCube6/LEDCube6.srcs/sources_1/new/DeMux.v:133]
ERROR: [Synth 8-448] named port connection 'LED' does not exist for instance 'latch12' of module 'Latch' [C:/Users/SET253-04U.HCCMAIN/Documents/GitHub/Jordan-s-ENES246/LEDCube/LEDCube6/LEDCube6.srcs/sources_1/new/DeMux.v:137]
WARNING: [Synth 8-350] instance 'latch12' of module 'Latch' requires 5 connections, but only 3 given [C:/Users/SET253-04U.HCCMAIN/Documents/GitHub/Jordan-s-ENES246/LEDCube/LEDCube6/LEDCube6.srcs/sources_1/new/DeMux.v:133]
WARNING: [Synth 8-4446] all outputs are unconnected for this instance and logic may be removed [C:/Users/SET253-04U.HCCMAIN/Documents/GitHub/Jordan-s-ENES246/LEDCube/LEDCube6/LEDCube6.srcs/sources_1/new/DeMux.v:140]
ERROR: [Synth 8-448] named port connection 'LED' does not exist for instance 'latch13' of module 'Latch' [C:/Users/SET253-04U.HCCMAIN/Documents/GitHub/Jordan-s-ENES246/LEDCube/LEDCube6/LEDCube6.srcs/sources_1/new/DeMux.v:144]
WARNING: [Synth 8-350] instance 'latch13' of module 'Latch' requires 5 connections, but only 3 given [C:/Users/SET253-04U.HCCMAIN/Documents/GitHub/Jordan-s-ENES246/LEDCube/LEDCube6/LEDCube6.srcs/sources_1/new/DeMux.v:140]
WARNING: [Synth 8-4446] all outputs are unconnected for this instance and logic may be removed [C:/Users/SET253-04U.HCCMAIN/Documents/GitHub/Jordan-s-ENES246/LEDCube/LEDCube6/LEDCube6.srcs/sources_1/new/DeMux.v:147]
ERROR: [Synth 8-448] named port connection 'LED' does not exist for instance 'latch14' of module 'Latch' [C:/Users/SET253-04U.HCCMAIN/Documents/GitHub/Jordan-s-ENES246/LEDCube/LEDCube6/LEDCube6.srcs/sources_1/new/DeMux.v:151]
WARNING: [Synth 8-350] instance 'latch14' of module 'Latch' requires 5 connections, but only 3 given [C:/Users/SET253-04U.HCCMAIN/Documents/GitHub/Jordan-s-ENES246/LEDCube/LEDCube6/LEDCube6.srcs/sources_1/new/DeMux.v:147]
WARNING: [Synth 8-4446] all outputs are unconnected for this instance and logic may be removed [C:/Users/SET253-04U.HCCMAIN/Documents/GitHub/Jordan-s-ENES246/LEDCube/LEDCube6/LEDCube6.srcs/sources_1/new/DeMux.v:154]
ERROR: [Synth 8-448] named port connection 'LED' does not exist for instance 'latch15' of module 'Latch' [C:/Users/SET253-04U.HCCMAIN/Documents/GitHub/Jordan-s-ENES246/LEDCube/LEDCube6/LEDCube6.srcs/sources_1/new/DeMux.v:158]
WARNING: [Synth 8-350] instance 'latch15' of module 'Latch' requires 5 connections, but only 3 given [C:/Users/SET253-04U.HCCMAIN/Documents/GitHub/Jordan-s-ENES246/LEDCube/LEDCube6/LEDCube6.srcs/sources_1/new/DeMux.v:154]
WARNING: [Synth 8-4446] all outputs are unconnected for this instance and logic may be removed [C:/Users/SET253-04U.HCCMAIN/Documents/GitHub/Jordan-s-ENES246/LEDCube/LEDCube6/LEDCube6.srcs/sources_1/new/DeMux.v:161]
ERROR: [Synth 8-448] named port connection 'LED' does not exist for instance 'latch16' of module 'Latch' [C:/Users/SET253-04U.HCCMAIN/Documents/GitHub/Jordan-s-ENES246/LEDCube/LEDCube6/LEDCube6.srcs/sources_1/new/DeMux.v:165]
WARNING: [Synth 8-350] instance 'latch16' of module 'Latch' requires 5 connections, but only 3 given [C:/Users/SET253-04U.HCCMAIN/Documents/GitHub/Jordan-s-ENES246/LEDCube/LEDCube6/LEDCube6.srcs/sources_1/new/DeMux.v:161]
WARNING: [Synth 8-4446] all outputs are unconnected for this instance and logic may be removed [C:/Users/SET253-04U.HCCMAIN/Documents/GitHub/Jordan-s-ENES246/LEDCube/LEDCube6/LEDCube6.srcs/sources_1/new/DeMux.v:168]
ERROR: [Synth 8-448] named port connection 'LED' does not exist for instance 'latch17' of module 'Latch' [C:/Users/SET253-04U.HCCMAIN/Documents/GitHub/Jordan-s-ENES246/LEDCube/LEDCube6/LEDCube6.srcs/sources_1/new/DeMux.v:172]
WARNING: [Synth 8-350] instance 'latch17' of module 'Latch' requires 5 connections, but only 3 given [C:/Users/SET253-04U.HCCMAIN/Documents/GitHub/Jordan-s-ENES246/LEDCube/LEDCube6/LEDCube6.srcs/sources_1/new/DeMux.v:168]
WARNING: [Synth 8-4446] all outputs are unconnected for this instance and logic may be removed [C:/Users/SET253-04U.HCCMAIN/Documents/GitHub/Jordan-s-ENES246/LEDCube/LEDCube6/LEDCube6.srcs/sources_1/new/DeMux.v:175]
ERROR: [Synth 8-448] named port connection 'LED' does not exist for instance 'latch18' of module 'Latch' [C:/Users/SET253-04U.HCCMAIN/Documents/GitHub/Jordan-s-ENES246/LEDCube/LEDCube6/LEDCube6.srcs/sources_1/new/DeMux.v:179]
WARNING: [Synth 8-350] instance 'latch18' of module 'Latch' requires 5 connections, but only 3 given [C:/Users/SET253-04U.HCCMAIN/Documents/GitHub/Jordan-s-ENES246/LEDCube/LEDCube6/LEDCube6.srcs/sources_1/new/DeMux.v:175]
WARNING: [Synth 8-4446] all outputs are unconnected for this instance and logic may be removed [C:/Users/SET253-04U.HCCMAIN/Documents/GitHub/Jordan-s-ENES246/LEDCube/LEDCube6/LEDCube6.srcs/sources_1/new/DeMux.v:182]
ERROR: [Synth 8-448] named port connection 'LED' does not exist for instance 'latch19' of module 'Latch' [C:/Users/SET253-04U.HCCMAIN/Documents/GitHub/Jordan-s-ENES246/LEDCube/LEDCube6/LEDCube6.srcs/sources_1/new/DeMux.v:186]
WARNING: [Synth 8-350] instance 'latch19' of module 'Latch' requires 5 connections, but only 3 given [C:/Users/SET253-04U.HCCMAIN/Documents/GitHub/Jordan-s-ENES246/LEDCube/LEDCube6/LEDCube6.srcs/sources_1/new/DeMux.v:182]
WARNING: [Synth 8-4446] all outputs are unconnected for this instance and logic may be removed [C:/Users/SET253-04U.HCCMAIN/Documents/GitHub/Jordan-s-ENES246/LEDCube/LEDCube6/LEDCube6.srcs/sources_1/new/DeMux.v:189]
ERROR: [Synth 8-448] named port connection 'LED' does not exist for instance 'latch20' of module 'Latch' [C:/Users/SET253-04U.HCCMAIN/Documents/GitHub/Jordan-s-ENES246/LEDCube/LEDCube6/LEDCube6.srcs/sources_1/new/DeMux.v:193]
WARNING: [Synth 8-350] instance 'latch20' of module 'Latch' requires 5 connections, but only 3 given [C:/Users/SET253-04U.HCCMAIN/Documents/GitHub/Jordan-s-ENES246/LEDCube/LEDCube6/LEDCube6.srcs/sources_1/new/DeMux.v:189]
WARNING: [Synth 8-4446] all outputs are unconnected for this instance and logic may be removed [C:/Users/SET253-04U.HCCMAIN/Documents/GitHub/Jordan-s-ENES246/LEDCube/LEDCube6/LEDCube6.srcs/sources_1/new/DeMux.v:196]
ERROR: [Synth 8-448] named port connection 'LED' does not exist for instance 'latch21' of module 'Latch' [C:/Users/SET253-04U.HCCMAIN/Documents/GitHub/Jordan-s-ENES246/LEDCube/LEDCube6/LEDCube6.srcs/sources_1/new/DeMux.v:200]
WARNING: [Synth 8-350] instance 'latch21' of module 'Latch' requires 5 connections, but only 3 given [C:/Users/SET253-04U.HCCMAIN/Documents/GitHub/Jordan-s-ENES246/LEDCube/LEDCube6/LEDCube6.srcs/sources_1/new/DeMux.v:196]
WARNING: [Synth 8-4446] all outputs are unconnected for this instance and logic may be removed [C:/Users/SET253-04U.HCCMAIN/Documents/GitHub/Jordan-s-ENES246/LEDCube/LEDCube6/LEDCube6.srcs/sources_1/new/DeMux.v:203]
ERROR: [Synth 8-448] named port connection 'LED' does not exist for instance 'latch22' of module 'Latch' [C:/Users/SET253-04U.HCCMAIN/Documents/GitHub/Jordan-s-ENES246/LEDCube/LEDCube6/LEDCube6.srcs/sources_1/new/DeMux.v:207]
WARNING: [Synth 8-350] instance 'latch22' of module 'Latch' requires 5 connections, but only 3 given [C:/Users/SET253-04U.HCCMAIN/Documents/GitHub/Jordan-s-ENES246/LEDCube/LEDCube6/LEDCube6.srcs/sources_1/new/DeMux.v:203]
WARNING: [Synth 8-4446] all outputs are unconnected for this instance and logic may be removed [C:/Users/SET253-04U.HCCMAIN/Documents/GitHub/Jordan-s-ENES246/LEDCube/LEDCube6/LEDCube6.srcs/sources_1/new/DeMux.v:210]
ERROR: [Synth 8-448] named port connection 'LED' does not exist for instance 'latch23' of module 'Latch' [C:/Users/SET253-04U.HCCMAIN/Documents/GitHub/Jordan-s-ENES246/LEDCube/LEDCube6/LEDCube6.srcs/sources_1/new/DeMux.v:214]
WARNING: [Synth 8-350] instance 'latch23' of module 'Latch' requires 5 connections, but only 3 given [C:/Users/SET253-04U.HCCMAIN/Documents/GitHub/Jordan-s-ENES246/LEDCube/LEDCube6/LEDCube6.srcs/sources_1/new/DeMux.v:210]
WARNING: [Synth 8-4446] all outputs are unconnected for this instance and logic may be removed [C:/Users/SET253-04U.HCCMAIN/Documents/GitHub/Jordan-s-ENES246/LEDCube/LEDCube6/LEDCube6.srcs/sources_1/new/DeMux.v:217]
ERROR: [Synth 8-448] named port connection 'LED' does not exist for instance 'latch24' of module 'Latch' [C:/Users/SET253-04U.HCCMAIN/Documents/GitHub/Jordan-s-ENES246/LEDCube/LEDCube6/LEDCube6.srcs/sources_1/new/DeMux.v:221]
WARNING: [Synth 8-350] instance 'latch24' of module 'Latch' requires 5 connections, but only 3 given [C:/Users/SET253-04U.HCCMAIN/Documents/GitHub/Jordan-s-ENES246/LEDCube/LEDCube6/LEDCube6.srcs/sources_1/new/DeMux.v:217]
WARNING: [Synth 8-4446] all outputs are unconnected for this instance and logic may be removed [C:/Users/SET253-04U.HCCMAIN/Documents/GitHub/Jordan-s-ENES246/LEDCube/LEDCube6/LEDCube6.srcs/sources_1/new/DeMux.v:224]
ERROR: [Synth 8-448] named port connection 'LED' does not exist for instance 'latch25' of module 'Latch' [C:/Users/SET253-04U.HCCMAIN/Documents/GitHub/Jordan-s-ENES246/LEDCube/LEDCube6/LEDCube6.srcs/sources_1/new/DeMux.v:228]
WARNING: [Synth 8-350] instance 'latch25' of module 'Latch' requires 5 connections, but only 3 given [C:/Users/SET253-04U.HCCMAIN/Documents/GitHub/Jordan-s-ENES246/LEDCube/LEDCube6/LEDCube6.srcs/sources_1/new/DeMux.v:224]
WARNING: [Synth 8-4446] all outputs are unconnected for this instance and logic may be removed [C:/Users/SET253-04U.HCCMAIN/Documents/GitHub/Jordan-s-ENES246/LEDCube/LEDCube6/LEDCube6.srcs/sources_1/new/DeMux.v:231]
ERROR: [Synth 8-448] named port connection 'LED' does not exist for instance 'latch26' of module 'Latch' [C:/Users/SET253-04U.HCCMAIN/Documents/GitHub/Jordan-s-ENES246/LEDCube/LEDCube6/LEDCube6.srcs/sources_1/new/DeMux.v:235]
WARNING: [Synth 8-350] instance 'latch26' of module 'Latch' requires 5 connections, but only 3 given [C:/Users/SET253-04U.HCCMAIN/Documents/GitHub/Jordan-s-ENES246/LEDCube/LEDCube6/LEDCube6.srcs/sources_1/new/DeMux.v:231]
WARNING: [Synth 8-4446] all outputs are unconnected for this instance and logic may be removed [C:/Users/SET253-04U.HCCMAIN/Documents/GitHub/Jordan-s-ENES246/LEDCube/LEDCube6/LEDCube6.srcs/sources_1/new/DeMux.v:238]
ERROR: [Synth 8-448] named port connection 'LED' does not exist for instance 'latch27' of module 'Latch' [C:/Users/SET253-04U.HCCMAIN/Documents/GitHub/Jordan-s-ENES246/LEDCube/LEDCube6/LEDCube6.srcs/sources_1/new/DeMux.v:242]
WARNING: [Synth 8-350] instance 'latch27' of module 'Latch' requires 5 connections, but only 3 given [C:/Users/SET253-04U.HCCMAIN/Documents/GitHub/Jordan-s-ENES246/LEDCube/LEDCube6/LEDCube6.srcs/sources_1/new/DeMux.v:238]
WARNING: [Synth 8-4446] all outputs are unconnected for this instance and logic may be removed [C:/Users/SET253-04U.HCCMAIN/Documents/GitHub/Jordan-s-ENES246/LEDCube/LEDCube6/LEDCube6.srcs/sources_1/new/DeMux.v:245]
ERROR: [Synth 8-448] named port connection 'LED' does not exist for instance 'latch28' of module 'Latch' [C:/Users/SET253-04U.HCCMAIN/Documents/GitHub/Jordan-s-ENES246/LEDCube/LEDCube6/LEDCube6.srcs/sources_1/new/DeMux.v:249]
WARNING: [Synth 8-350] instance 'latch28' of module 'Latch' requires 5 connections, but only 3 given [C:/Users/SET253-04U.HCCMAIN/Documents/GitHub/Jordan-s-ENES246/LEDCube/LEDCube6/LEDCube6.srcs/sources_1/new/DeMux.v:245]
WARNING: [Synth 8-4446] all outputs are unconnected for this instance and logic may be removed [C:/Users/SET253-04U.HCCMAIN/Documents/GitHub/Jordan-s-ENES246/LEDCube/LEDCube6/LEDCube6.srcs/sources_1/new/DeMux.v:252]
ERROR: [Synth 8-448] named port connection 'LED' does not exist for instance 'latch29' of module 'Latch' [C:/Users/SET253-04U.HCCMAIN/Documents/GitHub/Jordan-s-ENES246/LEDCube/LEDCube6/LEDCube6.srcs/sources_1/new/DeMux.v:256]
WARNING: [Synth 8-350] instance 'latch29' of module 'Latch' requires 5 connections, but only 3 given [C:/Users/SET253-04U.HCCMAIN/Documents/GitHub/Jordan-s-ENES246/LEDCube/LEDCube6/LEDCube6.srcs/sources_1/new/DeMux.v:252]
WARNING: [Synth 8-4446] all outputs are unconnected for this instance and logic may be removed [C:/Users/SET253-04U.HCCMAIN/Documents/GitHub/Jordan-s-ENES246/LEDCube/LEDCube6/LEDCube6.srcs/sources_1/new/DeMux.v:259]
ERROR: [Synth 8-448] named port connection 'LED' does not exist for instance 'latch30' of module 'Latch' [C:/Users/SET253-04U.HCCMAIN/Documents/GitHub/Jordan-s-ENES246/LEDCube/LEDCube6/LEDCube6.srcs/sources_1/new/DeMux.v:263]
WARNING: [Synth 8-350] instance 'latch30' of module 'Latch' requires 5 connections, but only 3 given [C:/Users/SET253-04U.HCCMAIN/Documents/GitHub/Jordan-s-ENES246/LEDCube/LEDCube6/LEDCube6.srcs/sources_1/new/DeMux.v:259]
WARNING: [Synth 8-4446] all outputs are unconnected for this instance and logic may be removed [C:/Users/SET253-04U.HCCMAIN/Documents/GitHub/Jordan-s-ENES246/LEDCube/LEDCube6/LEDCube6.srcs/sources_1/new/DeMux.v:266]
ERROR: [Synth 8-448] named port connection 'LED' does not exist for instance 'latch31' of module 'Latch' [C:/Users/SET253-04U.HCCMAIN/Documents/GitHub/Jordan-s-ENES246/LEDCube/LEDCube6/LEDCube6.srcs/sources_1/new/DeMux.v:270]
WARNING: [Synth 8-350] instance 'latch31' of module 'Latch' requires 5 connections, but only 3 given [C:/Users/SET253-04U.HCCMAIN/Documents/GitHub/Jordan-s-ENES246/LEDCube/LEDCube6/LEDCube6.srcs/sources_1/new/DeMux.v:266]
ERROR: [Synth 8-6156] failed synthesizing module 'DeMux' [C:/Users/SET253-04U.HCCMAIN/Documents/GitHub/Jordan-s-ENES246/LEDCube/LEDCube6/LEDCube6.srcs/sources_1/new/DeMux.v:1]
ERROR: [Synth 8-6156] failed synthesizing module 'onePlane' [C:/Users/SET253-04U.HCCMAIN/Documents/GitHub/Jordan-s-ENES246/LEDCube/LEDCube6/LEDCube6.srcs/sources_1/new/onePlane.v:23]
ERROR: [Synth 8-6156] failed synthesizing module 'eightPlanes' [C:/Users/SET253-04U.HCCMAIN/Documents/GitHub/Jordan-s-ENES246/LEDCube/LEDCube6/LEDCube6.srcs/sources_1/new/main.v:23]
---------------------------------------------------------------------------------
Finished RTL Elaboration : Time (s): cpu = 00:00:03 ; elapsed = 00:00:03 . Memory (MB): peak = 852.973 ; gain = 1.648
---------------------------------------------------------------------------------
RTL Elaboration failed
6 Infos, 65 Warnings, 0 Critical Warnings and 36 Errors encountered.
synth_design failed
ERROR: [Vivado_Tcl 4-5] Elaboration failed - please see the console for details
close_project
exit
INFO: [Common 17-206] Exiting Vivado at Mon May 20 16:22:20 2019...
