#-----------------------------------------------------------
# Vivado v2018.3 (64-bit)
# SW Build 2405991 on Thu Dec  6 23:38:27 MST 2018
# IP Build 2404404 on Fri Dec  7 01:43:56 MST 2018
# Start of session at: Sat Feb  2 20:38:42 2019
# Process ID: 8056
# Current directory: C:/Users/SET165-02U/Documents/GitHub/Jordan-s-ENES246/-1Buffers/BeCreative
# Command line: vivado.exe -gui_launcher_event rodinguilauncherevent3200 C:\Users\SET165-02U\Documents\GitHub\Jordan-s-ENES246\-1Buffers\BeCreative\hw1.xpr
# Log file: C:/Users/SET165-02U/Documents/GitHub/Jordan-s-ENES246/-1Buffers/BeCreative/vivado.log
# Journal file: C:/Users/SET165-02U/Documents/GitHub/Jordan-s-ENES246/-1Buffers/BeCreative\vivado.jou
#-----------------------------------------------------------
start_gui
open_project C:/Users/SET165-02U/Documents/GitHub/Jordan-s-ENES246/-1Buffers/BeCreative/hw1.xpr
INFO: [Project 1-313] Project file moved from 'C:/Users/SET253-INS1U/Documents/hw1' since last save.
Scanning sources...
Finished scanning sources
WARNING: [filemgmt 56-2] IPUserFilesDir: Could not find the directory 'C:/Users/SET165-02U/Documents/GitHub/Jordan-s-ENES246/-1Buffers/BeCreative/hw1.ip_user_files', nor could it be found using path 'C:/Users/SET253-INS1U/Documents/hw1/hw1.ip_user_files'.
INFO: [IP_Flow 19-234] Refreshing IP repositories
INFO: [IP_Flow 19-1704] No user IP repositories specified
INFO: [IP_Flow 19-2313] Loaded Vivado IP repository 'C:/Xilinx/Vivado/2018.3/data/ip'.
open_project: Time (s): cpu = 00:00:11 ; elapsed = 00:00:06 . Memory (MB): peak = 732.059 ; gain = 140.031
update_compile_order -fileset sources_1
synth_design -rtl -name rtl_1
Command: synth_design -rtl -name rtl_1
Starting synth_design
Using part: xc7a100tcsg324-1
Top: hw1
---------------------------------------------------------------------------------
Starting RTL Elaboration : Time (s): cpu = 00:00:03 ; elapsed = 00:00:02 . Memory (MB): peak = 853.324 ; gain = 0.000
---------------------------------------------------------------------------------
INFO: [Synth 8-6157] synthesizing module 'hw1' [C:/Users/SET165-02U/Documents/GitHub/Jordan-s-ENES246/-1Buffers/BeCreative/hw1.srcs/sources_1/new/hw1.v:23]
INFO: [Synth 8-6155] done synthesizing module 'hw1' (1#1) [C:/Users/SET165-02U/Documents/GitHub/Jordan-s-ENES246/-1Buffers/BeCreative/hw1.srcs/sources_1/new/hw1.v:23]
---------------------------------------------------------------------------------
Finished RTL Elaboration : Time (s): cpu = 00:00:03 ; elapsed = 00:00:03 . Memory (MB): peak = 861.750 ; gain = 8.426
---------------------------------------------------------------------------------

Report Check Netlist: 
+------+------------------+-------+---------+-------+------------------+
|      |Item              |Errors |Warnings |Status |Description       |
+------+------------------+-------+---------+-------+------------------+
|1     |multi_driven_nets |      0|        0|Passed |Multi driven nets |
+------+------------------+-------+---------+-------+------------------+
---------------------------------------------------------------------------------
Start Handling Custom Attributes
---------------------------------------------------------------------------------
---------------------------------------------------------------------------------
Finished Handling Custom Attributes : Time (s): cpu = 00:00:03 ; elapsed = 00:00:03 . Memory (MB): peak = 861.750 ; gain = 8.426
---------------------------------------------------------------------------------
---------------------------------------------------------------------------------
Finished RTL Optimization Phase 1 : Time (s): cpu = 00:00:03 ; elapsed = 00:00:03 . Memory (MB): peak = 861.750 ; gain = 8.426
---------------------------------------------------------------------------------
INFO: [Device 21-403] Loading part xc7a100tcsg324-1
INFO: [Project 1-570] Preparing netlist for logic optimization

Processing XDC Constraints
Initializing timing engine
Parsing XDC File [C:/Users/SET165-02U/Documents/GitHub/Jordan-s-ENES246/-1Buffers/BeCreative/hw1.srcs/constrs_1/imports/Xilinx Vivado/Nexys4DDR_Master.xdc]
Finished Parsing XDC File [C:/Users/SET165-02U/Documents/GitHub/Jordan-s-ENES246/-1Buffers/BeCreative/hw1.srcs/constrs_1/imports/Xilinx Vivado/Nexys4DDR_Master.xdc]
Completed Processing XDC Constraints

INFO: [Opt 31-138] Pushed 0 inverter(s) to 0 load pin(s).
Netlist sorting complete. Time (s): cpu = 00:00:00 ; elapsed = 00:00:00.001 . Memory (MB): peak = 1133.648 ; gain = 0.000
INFO: [Project 1-111] Unisim Transformation Summary:
No Unisim elements were transformed.

RTL Elaboration Complete:  : Time (s): cpu = 00:00:16 ; elapsed = 00:00:13 . Memory (MB): peak = 1221.852 ; gain = 368.527
6 Infos, 0 Warnings, 0 Critical Warnings and 0 Errors encountered.
synth_design completed successfully
synth_design: Time (s): cpu = 00:00:16 ; elapsed = 00:00:13 . Memory (MB): peak = 1221.852 ; gain = 368.527
reset_run synth_1
launch_runs synth_1 -jobs 2
[Sat Feb  2 20:49:25 2019] Launched synth_1...
Run output will be captured here: C:/Users/SET165-02U/Documents/GitHub/Jordan-s-ENES246/-1Buffers/BeCreative/hw1.runs/synth_1/runme.log
close_design
open_run synth_1 -name synth_1
Design is defaulting to impl run constrset: constrs_1
Design is defaulting to synth run part: xc7a100tcsg324-1
INFO: [Project 1-479] Netlist was created with Vivado 2018.3
INFO: [Project 1-570] Preparing netlist for logic optimization
Parsing XDC File [C:/Users/SET165-02U/Documents/GitHub/Jordan-s-ENES246/-1Buffers/BeCreative/hw1.srcs/constrs_1/imports/Xilinx Vivado/Nexys4DDR_Master.xdc]
Finished Parsing XDC File [C:/Users/SET165-02U/Documents/GitHub/Jordan-s-ENES246/-1Buffers/BeCreative/hw1.srcs/constrs_1/imports/Xilinx Vivado/Nexys4DDR_Master.xdc]
INFO: [Opt 31-138] Pushed 0 inverter(s) to 0 load pin(s).
Netlist sorting complete. Time (s): cpu = 00:00:00 ; elapsed = 00:00:00 . Memory (MB): peak = 1221.852 ; gain = 0.000
INFO: [Project 1-111] Unisim Transformation Summary:
No Unisim elements were transformed.

synth_design -rtl -name rtl_1
Command: synth_design -rtl -name rtl_1
Starting synth_design
Using part: xc7a100tcsg324-1
Top: hw1
---------------------------------------------------------------------------------
Starting RTL Elaboration : Time (s): cpu = 00:00:03 ; elapsed = 00:00:02 . Memory (MB): peak = 1725.297 ; gain = 29.586
---------------------------------------------------------------------------------
INFO: [Synth 8-6157] synthesizing module 'hw1' [C:/Users/SET165-02U/Documents/GitHub/Jordan-s-ENES246/-1Buffers/BeCreative/hw1.srcs/sources_1/new/hw1.v:23]
INFO: [Synth 8-6155] done synthesizing module 'hw1' (1#1) [C:/Users/SET165-02U/Documents/GitHub/Jordan-s-ENES246/-1Buffers/BeCreative/hw1.srcs/sources_1/new/hw1.v:23]
---------------------------------------------------------------------------------
Finished RTL Elaboration : Time (s): cpu = 00:00:04 ; elapsed = 00:00:03 . Memory (MB): peak = 1764.148 ; gain = 68.438
---------------------------------------------------------------------------------

Report Check Netlist: 
+------+------------------+-------+---------+-------+------------------+
|      |Item              |Errors |Warnings |Status |Description       |
+------+------------------+-------+---------+-------+------------------+
|1     |multi_driven_nets |      0|        0|Passed |Multi driven nets |
+------+------------------+-------+---------+-------+------------------+
---------------------------------------------------------------------------------
Start Handling Custom Attributes
---------------------------------------------------------------------------------
---------------------------------------------------------------------------------
Finished Handling Custom Attributes : Time (s): cpu = 00:00:04 ; elapsed = 00:00:03 . Memory (MB): peak = 1764.148 ; gain = 68.438
---------------------------------------------------------------------------------
---------------------------------------------------------------------------------
Finished RTL Optimization Phase 1 : Time (s): cpu = 00:00:04 ; elapsed = 00:00:03 . Memory (MB): peak = 1764.148 ; gain = 68.438
---------------------------------------------------------------------------------
INFO: [Project 1-570] Preparing netlist for logic optimization

Processing XDC Constraints
Initializing timing engine
Parsing XDC File [C:/Users/SET165-02U/Documents/GitHub/Jordan-s-ENES246/-1Buffers/BeCreative/hw1.srcs/constrs_1/imports/Xilinx Vivado/Nexys4DDR_Master.xdc]
Finished Parsing XDC File [C:/Users/SET165-02U/Documents/GitHub/Jordan-s-ENES246/-1Buffers/BeCreative/hw1.srcs/constrs_1/imports/Xilinx Vivado/Nexys4DDR_Master.xdc]
Completed Processing XDC Constraints

INFO: [Opt 31-138] Pushed 0 inverter(s) to 0 load pin(s).
Netlist sorting complete. Time (s): cpu = 00:00:00 ; elapsed = 00:00:00 . Memory (MB): peak = 1810.402 ; gain = 0.000
INFO: [Project 1-111] Unisim Transformation Summary:
No Unisim elements were transformed.

RTL Elaboration Complete:  : Time (s): cpu = 00:00:09 ; elapsed = 00:00:06 . Memory (MB): peak = 1864.465 ; gain = 168.754
5 Infos, 0 Warnings, 0 Critical Warnings and 0 Errors encountered.
synth_design completed successfully
synth_design: Time (s): cpu = 00:00:09 ; elapsed = 00:00:06 . Memory (MB): peak = 1864.465 ; gain = 168.754
launch_runs impl_1 -jobs 2
Netlist sorting complete. Time (s): cpu = 00:00:00 ; elapsed = 00:00:00 . Memory (MB): peak = 1864.465 ; gain = 0.000
INFO: [Timing 38-480] Writing timing data to binary archive.
Writing placer database...
Writing XDEF routing.
Writing XDEF routing logical nets.
Writing XDEF routing special nets.
Write XDEF Complete: Time (s): cpu = 00:00:00 ; elapsed = 00:00:00.041 . Memory (MB): peak = 1864.945 ; gain = 0.480
Netlist sorting complete. Time (s): cpu = 00:00:00 ; elapsed = 00:00:00 . Memory (MB): peak = 1869.961 ; gain = 0.000
[Sat Feb  2 20:52:24 2019] Launched impl_1...
Run output will be captured here: C:/Users/SET165-02U/Documents/GitHub/Jordan-s-ENES246/-1Buffers/BeCreative/hw1.runs/impl_1/runme.log
close_design
open_run impl_1
INFO: [Project 1-479] Netlist was created with Vivado 2018.3
INFO: [Project 1-570] Preparing netlist for logic optimization
INFO: [Timing 38-478] Restoring timing data from binary archive.
INFO: [Timing 38-479] Binary timing data restore complete.
INFO: [Project 1-856] Restoring constraints from binary archive.
INFO: [Project 1-853] Binary constraint restore complete.
Reading XDEF placement.
Reading placer database...
Reading XDEF routing.
Read XDEF File: Time (s): cpu = 00:00:00 ; elapsed = 00:00:00.043 . Memory (MB): peak = 1894.969 ; gain = 0.000
Restored from archive | CPU: 0.000000 secs | Memory: 0.000000 MB |
Finished XDEF File Restore: Time (s): cpu = 00:00:00 ; elapsed = 00:00:00.043 . Memory (MB): peak = 1894.969 ; gain = 0.000
Netlist sorting complete. Time (s): cpu = 00:00:00 ; elapsed = 00:00:00 . Memory (MB): peak = 1894.969 ; gain = 0.000
INFO: [Project 1-111] Unisim Transformation Summary:
No Unisim elements were transformed.

WARNING: [Timing 38-313] There are no user specified timing constraints. Timing constraints are needed for proper timing analysis.
launch_runs impl_1 -to_step write_bitstream -jobs 2
[Sat Feb  2 20:54:26 2019] Launched impl_1...
Run output will be captured here: C:/Users/SET165-02U/Documents/GitHub/Jordan-s-ENES246/-1Buffers/BeCreative/hw1.runs/impl_1/runme.log
open_hw
connect_hw_server
INFO: [Labtools 27-2285] Connecting to hw_server url TCP:localhost:3121
INFO: [Labtools 27-2222] Launching hw_server...
INFO: [Labtools 27-2221] Launch Output:

****** Xilinx hw_server v2018.3
  **** Build date : Dec  7 2018-00:40:27
    ** Copyright 1986-2018 Xilinx, Inc. All Rights Reserved.


open_hw_target
INFO: [Labtoolstcl 44-466] Opening hw_target localhost:3121/xilinx_tcf/Digilent/210292A8B159A
set_property PROGRAM.FILE {C:/Users/SET165-02U/Documents/GitHub/Jordan-s-ENES246/-1Buffers/BeCreative/hw1.runs/impl_1/hw1.bit} [get_hw_devices xc7a100t_0]
current_hw_device [get_hw_devices xc7a100t_0]
refresh_hw_device -update_hw_probes false [lindex [get_hw_devices xc7a100t_0] 0]
INFO: [Labtools 27-1434] Device xc7a100t (JTAG device index = 0) is programmed with a design that has no supported debug core(s) in it.
set_property PROBES.FILE {} [get_hw_devices xc7a100t_0]
set_property FULL_PROBES.FILE {} [get_hw_devices xc7a100t_0]
set_property PROGRAM.FILE {C:/Users/SET165-02U/Documents/GitHub/Jordan-s-ENES246/-1Buffers/BeCreative/hw1.runs/impl_1/hw1.bit} [get_hw_devices xc7a100t_0]
program_hw_devices [get_hw_devices xc7a100t_0]
INFO: [Labtools 27-3164] End of startup status: HIGH
refresh_hw_device [lindex [get_hw_devices xc7a100t_0] 0]
INFO: [Labtools 27-1434] Device xc7a100t (JTAG device index = 0) is programmed with a design that has no supported debug core(s) in it.
synth_design -rtl -name rtl_1
Command: synth_design -rtl -name rtl_1
Starting synth_design
Using part: xc7a100tcsg324-1
Top: hw1
---------------------------------------------------------------------------------
Starting RTL Elaboration : Time (s): cpu = 00:00:03 ; elapsed = 00:00:02 . Memory (MB): peak = 2989.176 ; gain = 25.609
---------------------------------------------------------------------------------
INFO: [Synth 8-6157] synthesizing module 'hw1' [C:/Users/SET165-02U/Documents/GitHub/Jordan-s-ENES246/-1Buffers/BeCreative/hw1.srcs/sources_1/new/hw1.v:23]
INFO: [Synth 8-6155] done synthesizing module 'hw1' (1#1) [C:/Users/SET165-02U/Documents/GitHub/Jordan-s-ENES246/-1Buffers/BeCreative/hw1.srcs/sources_1/new/hw1.v:23]
---------------------------------------------------------------------------------
Finished RTL Elaboration : Time (s): cpu = 00:00:03 ; elapsed = 00:00:03 . Memory (MB): peak = 3018.465 ; gain = 54.898
---------------------------------------------------------------------------------

Report Check Netlist: 
+------+------------------+-------+---------+-------+------------------+
|      |Item              |Errors |Warnings |Status |Description       |
+------+------------------+-------+---------+-------+------------------+
|1     |multi_driven_nets |      0|        0|Passed |Multi driven nets |
+------+------------------+-------+---------+-------+------------------+
---------------------------------------------------------------------------------
Start Handling Custom Attributes
---------------------------------------------------------------------------------
---------------------------------------------------------------------------------
Finished Handling Custom Attributes : Time (s): cpu = 00:00:03 ; elapsed = 00:00:03 . Memory (MB): peak = 3018.465 ; gain = 54.898
---------------------------------------------------------------------------------
---------------------------------------------------------------------------------
Finished RTL Optimization Phase 1 : Time (s): cpu = 00:00:03 ; elapsed = 00:00:03 . Memory (MB): peak = 3018.465 ; gain = 54.898
---------------------------------------------------------------------------------
INFO: [Project 1-570] Preparing netlist for logic optimization

Processing XDC Constraints
Initializing timing engine
Parsing XDC File [C:/Users/SET165-02U/Documents/GitHub/Jordan-s-ENES246/-1Buffers/BeCreative/hw1.srcs/constrs_1/imports/Xilinx Vivado/Nexys4DDR_Master.xdc]
Finished Parsing XDC File [C:/Users/SET165-02U/Documents/GitHub/Jordan-s-ENES246/-1Buffers/BeCreative/hw1.srcs/constrs_1/imports/Xilinx Vivado/Nexys4DDR_Master.xdc]
Completed Processing XDC Constraints

INFO: [Opt 31-138] Pushed 0 inverter(s) to 0 load pin(s).
Netlist sorting complete. Time (s): cpu = 00:00:00 ; elapsed = 00:00:00 . Memory (MB): peak = 3084.703 ; gain = 0.000
INFO: [Project 1-111] Unisim Transformation Summary:
No Unisim elements were transformed.

RTL Elaboration Complete:  : Time (s): cpu = 00:00:08 ; elapsed = 00:00:06 . Memory (MB): peak = 3138.035 ; gain = 174.469
5 Infos, 0 Warnings, 0 Critical Warnings and 0 Errors encountered.
synth_design completed successfully
synth_design: Time (s): cpu = 00:00:08 ; elapsed = 00:00:06 . Memory (MB): peak = 3138.035 ; gain = 174.469
ERROR: [Labtoolstcl 44-513] HW Target shutdown. Closing target: localhost:3121/xilinx_tcf/Digilent/210292A8B159A
