#-----------------------------------------------------------
# Vivado v2018.3 (64-bit)
# SW Build 2405991 on Thu Dec  6 23:38:27 MST 2018
# IP Build 2404404 on Fri Dec  7 01:43:56 MST 2018
# Start of session at: Wed Mar 27 16:17:37 2019
# Process ID: 2428
# Current directory: C:/Users/SET253-04U.HCCMAIN/Documents/GitHub/Jordan-s-ENES246/11IP/1_Nexys4DDRdemo/proj
# Command line: vivado.exe -gui_launcher_event rodinguilauncherevent2624 C:\Users\SET253-04U.HCCMAIN\Documents\GitHub\Jordan-s-ENES246\11IP\1_Nexys4DDRdemo\proj\User_Demo.xpr
# Log file: C:/Users/SET253-04U.HCCMAIN/Documents/GitHub/Jordan-s-ENES246/11IP/1_Nexys4DDRdemo/proj/vivado.log
# Journal file: C:/Users/SET253-04U.HCCMAIN/Documents/GitHub/Jordan-s-ENES246/11IP/1_Nexys4DDRdemo/proj\vivado.jou
#-----------------------------------------------------------
start_gui
open_project -read_only C:/Users/SET253-04U.HCCMAIN/Documents/GitHub/Jordan-s-ENES246/11IP/1_Nexys4DDRdemo/proj/User_Demo.xpr
INFO: [ProjectBase 1-489] The host OS only allows 260 characters in a normal path. The project is stored in a path with more than 80 characters. If you experience issues with IP, Block Designs, or files not being found, please consider moving the project to a location with a shorter path. Alternately consider using the OS subst command to map part of the path to a drive letter.
Current project path is 'C:/Users/SET253-04U.HCCMAIN/Documents/GitHub/Jordan-s-ENES246/11IP/1_Nexys4DDRdemo/proj'
INFO: [Project 1-313] Project file moved from 'D:/Vivado_Labs/User_Demo/proj' since last save.
Scanning sources...
Finished scanning sources
WARNING: [filemgmt 56-2] IP Repository Path: Could not find the directory 'C:/Users/SET253-04U.HCCMAIN/Documents/GitHub/Jordan-s-ENES246/11IP/1_Nexys4DDRdemo/repo', nor could it be found using path 'D:/Vivado_Labs/User_Demo/repo'.
WARNING: [filemgmt 56-2] IPUserFilesDir: Could not find the directory 'C:/Users/SET253-04U.HCCMAIN/Documents/GitHub/Jordan-s-ENES246/11IP/1_Nexys4DDRdemo/proj/User_Demo.ip_user_files', nor could it be found using path 'D:/Vivado_Labs/User_Demo/proj/User_Demo.ip_user_files'.
INFO: [IP_Flow 19-234] Refreshing IP repositories
WARNING: [IP_Flow 19-2248] Failed to load user IP repository 'c:/Users/SET253-04U.HCCMAIN/Documents/GitHub/Jordan-s-ENES246/11IP/1_Nexys4DDRdemo/repo'; Can't find the specified path.
If this directory should no longer be in your list of user repositories, go to the IP Settings dialog and remove it.
INFO: [IP_Flow 19-2313] Loaded Vivado IP repository 'C:/Xilinx/Vivado/2018.3/data/ip'.
WARNING: [IP_Flow 19-2162] IP 'BRAM_1' is locked:
* Project containing IP 'BRAM_1' is read-only.
* IP definition 'Block Memory Generator (8.3)' for IP 'BRAM_1' (customized with software release 2016.4) has a newer minor version in the IP Catalog.
* IP definition 'Block Memory Generator (8.3)' for IP 'BRAM_1' (customized with software release 2016.4) has a different revision in the IP Catalog.
Please select 'Report IP Status' from the 'Tools/Report' menu or run Tcl command 'report_ip_status' for more information.
WARNING: [IP_Flow 19-2162] IP 'ClkGen' is locked:
* Project containing IP 'ClkGen' is read-only.
* IP definition 'Clocking Wizard (5.3)' for IP 'ClkGen' (customized with software release 2016.4) has a newer major version in the IP Catalog.
Please select 'Report IP Status' from the 'Tools/Report' menu or run Tcl command 'report_ip_status' for more information.
WARNING: [IP_Flow 19-2162] IP 'ddr' is locked:
* Project containing IP 'ddr' is read-only.
* IP definition 'Memory Interface Generator (MIG 7 Series) (4.0)' for IP 'ddr' (customized with software release 2016.4) has a newer minor version in the IP Catalog.
* IP definition 'Memory Interface Generator (MIG 7 Series) (4.0)' for IP 'ddr' (customized with software release 2016.4) has a different revision in the IP Catalog.
Please select 'Report IP Status' from the 'Tools/Report' menu or run Tcl command 'report_ip_status' for more information.
WARNING: [IP_Flow 19-2162] IP 'PxlClkGen' is locked:
* Project containing IP 'PxlClkGen' is read-only.
* IP definition 'Clocking Wizard (5.3)' for IP 'PxlClkGen' (customized with software release 2016.4) has a newer major version in the IP Catalog.
Please select 'Report IP Status' from the 'Tools/Report' menu or run Tcl command 'report_ip_status' for more information.
WARNING: [IP_Flow 19-2162] IP 'Square_Root' is locked:
* Project containing IP 'Square_Root' is read-only.
* IP definition 'CORDIC (6.0)' for IP 'Square_Root' (customized with software release 2016.4) has a different revision in the IP Catalog.
Please select 'Report IP Status' from the 'Tools/Report' menu or run Tcl command 'report_ip_status' for more information.
WARNING: [Project 1-229] Project 'User_Demo.xpr' is read-only and therefore could not be upgraded for this version of Vivado.  Use 'File | Save Project As...' if you wish to save an upgraded copy.
open_project: Time (s): cpu = 00:00:14 ; elapsed = 00:00:09 . Memory (MB): peak = 745.199 ; gain = 147.129
update_compile_order -fileset sources_1
report_ip_status -name ip_status 
exit
INFO: [Common 17-206] Exiting Vivado at Wed Mar 27 16:19:08 2019...
