#-----------------------------------------------------------
# Vivado v2018.3 (64-bit)
# SW Build 2405991 on Thu Dec  6 23:38:27 MST 2018
# IP Build 2404404 on Fri Dec  7 01:43:56 MST 2018
# Start of session at: Wed Mar 27 16:19:11 2019
# Process ID: 708
# Current directory: C:/Users/SET253-04U.HCCMAIN/Documents/GitHub/Jordan-s-ENES246/11IP/1_Nexys4DDRdemo/proj
# Command line: vivado.exe -gui_launcher_event rodinguilauncherevent6072 C:\Users\SET253-04U.HCCMAIN\Documents\GitHub\Jordan-s-ENES246\11IP\1_Nexys4DDRdemo\proj\User_Demo.xpr
# Log file: C:/Users/SET253-04U.HCCMAIN/Documents/GitHub/Jordan-s-ENES246/11IP/1_Nexys4DDRdemo/proj/vivado.log
# Journal file: C:/Users/SET253-04U.HCCMAIN/Documents/GitHub/Jordan-s-ENES246/11IP/1_Nexys4DDRdemo/proj\vivado.jou
#-----------------------------------------------------------
start_gui
open_project C:/Users/SET253-04U.HCCMAIN/Documents/GitHub/Jordan-s-ENES246/11IP/1_Nexys4DDRdemo/proj/User_Demo.xpr
INFO: [ProjectBase 1-489] The host OS only allows 260 characters in a normal path. The project is stored in a path with more than 80 characters. If you experience issues with IP, Block Designs, or files not being found, please consider moving the project to a location with a shorter path. Alternately consider using the OS subst command to map part of the path to a drive letter.
Current project path is 'C:/Users/SET253-04U.HCCMAIN/Documents/GitHub/Jordan-s-ENES246/11IP/1_Nexys4DDRdemo/proj'
INFO: [Project 1-313] Project file moved from 'D:/Vivado_Labs/User_Demo/proj' since last save.
Scanning sources...
Finished scanning sources
WARNING: [filemgmt 56-2] IP Repository Path: Could not find the directory 'C:/Users/SET253-04U.HCCMAIN/Documents/GitHub/Jordan-s-ENES246/11IP/1_Nexys4DDRdemo/repo', nor could it be found using path 'D:/Vivado_Labs/User_Demo/repo'.
WARNING: [filemgmt 56-2] IPUserFilesDir: Could not find the directory 'C:/Users/SET253-04U.HCCMAIN/Documents/GitHub/Jordan-s-ENES246/11IP/1_Nexys4DDRdemo/proj/User_Demo.ip_user_files', nor could it be found using path 'D:/Vivado_Labs/User_Demo/proj/User_Demo.ip_user_files'.
INFO: [IP_Flow 19-234] Refreshing IP repositories
WARNING: [IP_Flow 19-2248] Failed to load user IP repository 'c:/Users/SET253-04U.HCCMAIN/Documents/GitHub/Jordan-s-ENES246/11IP/1_Nexys4DDRdemo/repo'; Can't find the specified path.
If this directory should no longer be in your list of user repositories, go to the IP Settings dialog and remove it.
INFO: [IP_Flow 19-2313] Loaded Vivado IP repository 'C:/Xilinx/Vivado/2018.3/data/ip'.
WARNING: [IP_Flow 19-2162] IP 'BRAM_1' is locked:
* IP definition 'Block Memory Generator (8.3)' for IP 'BRAM_1' (customized with software release 2016.4) has a newer minor version in the IP Catalog.
* IP definition 'Block Memory Generator (8.3)' for IP 'BRAM_1' (customized with software release 2016.4) has a different revision in the IP Catalog.
Please select 'Report IP Status' from the 'Tools/Report' menu or run Tcl command 'report_ip_status' for more information.
WARNING: [IP_Flow 19-2162] IP 'ClkGen' is locked:
* IP definition 'Clocking Wizard (5.3)' for IP 'ClkGen' (customized with software release 2016.4) has a newer major version in the IP Catalog.
Please select 'Report IP Status' from the 'Tools/Report' menu or run Tcl command 'report_ip_status' for more information.
WARNING: [IP_Flow 19-2162] IP 'ddr' is locked:
* IP definition 'Memory Interface Generator (MIG 7 Series) (4.0)' for IP 'ddr' (customized with software release 2016.4) has a newer minor version in the IP Catalog.
* IP definition 'Memory Interface Generator (MIG 7 Series) (4.0)' for IP 'ddr' (customized with software release 2016.4) has a different revision in the IP Catalog.
Please select 'Report IP Status' from the 'Tools/Report' menu or run Tcl command 'report_ip_status' for more information.
WARNING: [IP_Flow 19-2162] IP 'PxlClkGen' is locked:
* IP definition 'Clocking Wizard (5.3)' for IP 'PxlClkGen' (customized with software release 2016.4) has a newer major version in the IP Catalog.
Please select 'Report IP Status' from the 'Tools/Report' menu or run Tcl command 'report_ip_status' for more information.
WARNING: [IP_Flow 19-2162] IP 'Square_Root' is locked:
* IP definition 'CORDIC (6.0)' for IP 'Square_Root' (customized with software release 2016.4) has a different revision in the IP Catalog.
Please select 'Report IP Status' from the 'Tools/Report' menu or run Tcl command 'report_ip_status' for more information.
INFO: [Project 1-230] Project 'User_Demo.xpr' upgraded for this version of Vivado.
open_project: Time (s): cpu = 00:00:15 ; elapsed = 00:00:09 . Memory (MB): peak = 779.574 ; gain = 182.176
report_ip_status -name ip_status 
update_compile_order -fileset sources_1
upgrade_ip -srcset BRAM_1 -vlnv xilinx.com:ip:blk_mem_gen:8.4 [get_ips  BRAM_1] -log ip_upgrade.log
Upgrading 'BRAM_1'
INFO: [Project 1-386] Moving file 'C:/Users/SET253-04U.HCCMAIN/Documents/GitHub/Jordan-s-ENES246/11IP/1_Nexys4DDRdemo/src/ip/BRAM_1/BRAM_1.xci' from fileset 'BRAM_1' to fileset 'sources_1'.
INFO: [Device 21-403] Loading part xc7a100tcsg324-1
INFO: [IP_Flow 19-1972] Upgraded BRAM_1 from Block Memory Generator 8.3 to Block Memory Generator 8.4
WARNING: [IP_Flow 19-4699] Upgrade has removed interface 'BRAM_PORTB'
WARNING: [IP_Flow 19-3670] Detected external interface differences while upgrading 'BRAM_1'.
INFO: [IP_Flow 19-1686] Generating 'Instantiation Template' target for IP 'BRAM_1'...
CRITICAL WARNING: [Coretcl 2-1279] The upgrade of 'BRAM_1' has identified issues that may require user intervention. Please review the upgrade log 'c:/Users/SET253-04U.HCCMAIN/Documents/GitHub/Jordan-s-ENES246/11IP/1_Nexys4DDRdemo/proj/ip_upgrade.log', and verify that the upgraded IP is correctly configured.
INFO: [Coretcl 2-1525] Wrote upgrade log to 'C:/Users/SET253-04U.HCCMAIN/Documents/GitHub/Jordan-s-ENES246/11IP/1_Nexys4DDRdemo/proj/ip_upgrade.log'.
upgrade_ip: Time (s): cpu = 00:00:09 ; elapsed = 00:00:06 . Memory (MB): peak = 1003.805 ; gain = 88.863
export_ip_user_files -of_objects [get_ips BRAM_1] -no_script -sync -force -quiet
update_compile_order -fileset sources_1
close_project
exit
INFO: [Common 17-206] Exiting Vivado at Wed Mar 27 16:44:15 2019...
