#-----------------------------------------------------------
# Vivado v2018.3 (64-bit)
# SW Build 2405991 on Thu Dec  6 23:38:27 MST 2018
# IP Build 2404404 on Fri Dec  7 01:43:56 MST 2018
# Start of session at: Mon Feb 25 15:15:29 2019
# Process ID: 2748
# Current directory: C:/Users/SET253-04U.HCCMAIN/Documents/GitHub/Jordan-s-ENES246/-5MuxOfMux/3m16x4Mux
# Command line: vivado.exe -gui_launcher_event rodinguilauncherevent8920 C:\Users\SET253-04U.HCCMAIN\Documents\GitHub\Jordan-s-ENES246\-5MuxOfMux\3m16x4Mux\m16x4Mux.xpr
# Log file: C:/Users/SET253-04U.HCCMAIN/Documents/GitHub/Jordan-s-ENES246/-5MuxOfMux/3m16x4Mux/vivado.log
# Journal file: C:/Users/SET253-04U.HCCMAIN/Documents/GitHub/Jordan-s-ENES246/-5MuxOfMux/3m16x4Mux\vivado.jou
#-----------------------------------------------------------
start_gui
open_project C:/Users/SET253-04U.HCCMAIN/Documents/GitHub/Jordan-s-ENES246/-5MuxOfMux/3m16x4Mux/m16x4Mux.xpr
INFO: [ProjectBase 1-489] The host OS only allows 260 characters in a normal path. The project is stored in a path with more than 80 characters. If you experience issues with IP, Block Designs, or files not being found, please consider moving the project to a location with a shorter path. Alternately consider using the OS subst command to map part of the path to a drive letter.
Current project path is 'C:/Users/SET253-04U.HCCMAIN/Documents/GitHub/Jordan-s-ENES246/-5MuxOfMux/3m16x4Mux'
INFO: [Project 1-313] Project file moved from 'C:/Users/SET253-23U/Documents/GitHub/Jordan-s-ENES246/-5MuxOfMux/3m16x4Mux' since last save.
Scanning sources...
Finished scanning sources
WARNING: [filemgmt 56-2] IPUserFilesDir: Could not find the directory 'C:/Users/SET253-04U.HCCMAIN/Documents/GitHub/Jordan-s-ENES246/-5MuxOfMux/3m16x4Mux/m16x4Mux.ip_user_files', nor could it be found using path 'C:/Users/SET253-23U/Documents/GitHub/Jordan-s-ENES246/-5MuxOfMux/3m16x4Mux/m16x4Mux.ip_user_files'.
INFO: [IP_Flow 19-234] Refreshing IP repositories
INFO: [IP_Flow 19-1704] No user IP repositories specified
INFO: [IP_Flow 19-2313] Loaded Vivado IP repository 'C:/Xilinx/Vivado/2018.3/data/ip'.
open_project: Time (s): cpu = 00:00:12 ; elapsed = 00:00:06 . Memory (MB): peak = 723.340 ; gain = 132.039
update_compile_order -fileset sources_1
open_hw
connect_hw_server
INFO: [Labtools 27-2285] Connecting to hw_server url TCP:localhost:3121
INFO: [Labtools 27-2222] Launching hw_server...
INFO: [Labtools 27-2221] Launch Output:

****** Xilinx hw_server v2018.3
  **** Build date : Dec  7 2018-00:40:27
    ** Copyright 1986-2018 Xilinx, Inc. All Rights Reserved.


open_hw_target
INFO: [Labtoolstcl 44-466] Opening hw_target localhost:3121/xilinx_tcf/Digilent/210292A8B159A
set_property PROGRAM.FILE {C:/Users/SET253-04U.HCCMAIN/Documents/GitHub/Jordan-s-ENES246/-5MuxOfMux/3m16x4Mux/m16x4Mux.runs/impl_1/m16x4Mux.bit} [get_hw_devices xc7a100t_0]
current_hw_device [get_hw_devices xc7a100t_0]
refresh_hw_device -update_hw_probes false [lindex [get_hw_devices xc7a100t_0] 0]
INFO: [Labtools 27-1434] Device xc7a100t (JTAG device index = 0) is programmed with a design that has no supported debug core(s) in it.
set_property PROBES.FILE {} [get_hw_devices xc7a100t_0]
set_property FULL_PROBES.FILE {} [get_hw_devices xc7a100t_0]
set_property PROGRAM.FILE {C:/Users/SET253-04U.HCCMAIN/Documents/GitHub/Jordan-s-ENES246/-5MuxOfMux/3m16x4Mux/m16x4Mux.runs/impl_1/m16x4Mux.bit} [get_hw_devices xc7a100t_0]
program_hw_devices [get_hw_devices xc7a100t_0]
INFO: [Labtools 27-3164] End of startup status: HIGH
refresh_hw_device [lindex [get_hw_devices xc7a100t_0] 0]
INFO: [Labtools 27-1434] Device xc7a100t (JTAG device index = 0) is programmed with a design that has no supported debug core(s) in it.
synth_design -rtl -name rtl_1
Command: synth_design -rtl -name rtl_1
Starting synth_design
Using part: xc7a100tcsg324-1
Top: m16x4Mux
---------------------------------------------------------------------------------
Starting RTL Elaboration : Time (s): cpu = 00:00:03 ; elapsed = 00:00:02 . Memory (MB): peak = 1806.789 ; gain = 95.375
---------------------------------------------------------------------------------
INFO: [Synth 8-6157] synthesizing module 'm16x4Mux' [C:/Users/SET253-04U.HCCMAIN/Documents/GitHub/Jordan-s-ENES246/-5MuxOfMux/3m16x4Mux/m16x4Mux.srcs/sources_1/new/m16x4Mux.v:3]
INFO: [Synth 8-6157] synthesizing module 'm4x2Mux' [C:/Users/SET253-04U.HCCMAIN/Documents/GitHub/Jordan-s-ENES246/-5MuxOfMux/3m16x4Mux/m16x4Mux.srcs/sources_1/imports/vivado/m4x2Mux/m4x2Mux/m4x2Mux.srcs/sources_1/new/m4x2Mux.v:3]
INFO: [Synth 8-6157] synthesizing module 'm2x1Mux' [C:/Users/SET253-04U.HCCMAIN/Documents/GitHub/Jordan-s-ENES246/-5MuxOfMux/3m16x4Mux/m16x4Mux.srcs/sources_1/imports/vivado/m2x1Mux/m2x1Mux/m2x1Mux.srcs/sources_1/new/m2x1mux.v:2]
INFO: [Synth 8-6155] done synthesizing module 'm2x1Mux' (1#1) [C:/Users/SET253-04U.HCCMAIN/Documents/GitHub/Jordan-s-ENES246/-5MuxOfMux/3m16x4Mux/m16x4Mux.srcs/sources_1/imports/vivado/m2x1Mux/m2x1Mux/m2x1Mux.srcs/sources_1/new/m2x1mux.v:2]
INFO: [Synth 8-6155] done synthesizing module 'm4x2Mux' (2#1) [C:/Users/SET253-04U.HCCMAIN/Documents/GitHub/Jordan-s-ENES246/-5MuxOfMux/3m16x4Mux/m16x4Mux.srcs/sources_1/imports/vivado/m4x2Mux/m4x2Mux/m4x2Mux.srcs/sources_1/new/m4x2Mux.v:3]
INFO: [Synth 8-6155] done synthesizing module 'm16x4Mux' (3#1) [C:/Users/SET253-04U.HCCMAIN/Documents/GitHub/Jordan-s-ENES246/-5MuxOfMux/3m16x4Mux/m16x4Mux.srcs/sources_1/new/m16x4Mux.v:3]
---------------------------------------------------------------------------------
Finished RTL Elaboration : Time (s): cpu = 00:00:03 ; elapsed = 00:00:03 . Memory (MB): peak = 1844.164 ; gain = 132.750
---------------------------------------------------------------------------------

Report Check Netlist: 
+------+------------------+-------+---------+-------+------------------+
|      |Item              |Errors |Warnings |Status |Description       |
+------+------------------+-------+---------+-------+------------------+
|1     |multi_driven_nets |      0|        0|Passed |Multi driven nets |
+------+------------------+-------+---------+-------+------------------+
---------------------------------------------------------------------------------
Start Handling Custom Attributes
---------------------------------------------------------------------------------
---------------------------------------------------------------------------------
Finished Handling Custom Attributes : Time (s): cpu = 00:00:04 ; elapsed = 00:00:03 . Memory (MB): peak = 1844.164 ; gain = 132.750
---------------------------------------------------------------------------------
---------------------------------------------------------------------------------
Finished RTL Optimization Phase 1 : Time (s): cpu = 00:00:04 ; elapsed = 00:00:03 . Memory (MB): peak = 1844.164 ; gain = 132.750
---------------------------------------------------------------------------------
INFO: [Device 21-403] Loading part xc7a100tcsg324-1
INFO: [Project 1-570] Preparing netlist for logic optimization

Processing XDC Constraints
Initializing timing engine
Parsing XDC File [C:/Users/SET253-04U.HCCMAIN/Documents/GitHub/Jordan-s-ENES246/-5MuxOfMux/3m16x4Mux/m16x4Mux.srcs/constrs_1/imports/m16x4Mux/Nexys4DDR_Master.xdc]
Finished Parsing XDC File [C:/Users/SET253-04U.HCCMAIN/Documents/GitHub/Jordan-s-ENES246/-5MuxOfMux/3m16x4Mux/m16x4Mux.srcs/constrs_1/imports/m16x4Mux/Nexys4DDR_Master.xdc]
Completed Processing XDC Constraints

INFO: [Opt 31-138] Pushed 0 inverter(s) to 0 load pin(s).
Netlist sorting complete. Time (s): cpu = 00:00:00 ; elapsed = 00:00:00 . Memory (MB): peak = 2179.609 ; gain = 0.000
INFO: [Project 1-111] Unisim Transformation Summary:
No Unisim elements were transformed.

RTL Elaboration Complete:  : Time (s): cpu = 00:00:23 ; elapsed = 00:00:21 . Memory (MB): peak = 2207.434 ; gain = 496.020
10 Infos, 0 Warnings, 0 Critical Warnings and 0 Errors encountered.
synth_design completed successfully
synth_design: Time (s): cpu = 00:00:23 ; elapsed = 00:00:21 . Memory (MB): peak = 2208.500 ; gain = 497.086
close_project
exit
INFO: [Common 17-206] Exiting Vivado at Mon Feb 25 16:26:41 2019...
