#-----------------------------------------------------------
# Vivado v2018.2.1 (64-bit)
# SW Build 2288692 on Thu Jul 26 18:24:02 MDT 2018
# IP Build 2289599 on Thu Jul 26 21:09:20 MDT 2018
# Start of session at: Wed Oct 24 15:33:10 2018
# Process ID: 340
# Current directory: C:/Users/SET253-05U.HCCMAIN/Desktop/Lab8-Clocks_Rings/vivado/clocked4x7SegDisplay
# Command line: vivado.exe -gui_launcher_event rodinguilauncherevent8904 C:\Users\SET253-05U.HCCMAIN\Desktop\Lab8-Clocks_Rings\vivado\clocked4x7SegDisplay\clocked4x7SegDisplay.xpr
# Log file: C:/Users/SET253-05U.HCCMAIN/Desktop/Lab8-Clocks_Rings/vivado/clocked4x7SegDisplay/vivado.log
# Journal file: C:/Users/SET253-05U.HCCMAIN/Desktop/Lab8-Clocks_Rings/vivado/clocked4x7SegDisplay\vivado.jou
#-----------------------------------------------------------
start_gui
open_project C:/Users/SET253-05U.HCCMAIN/Desktop/Lab8-Clocks_Rings/vivado/clocked4x7SegDisplay/clocked4x7SegDisplay.xpr
INFO: [ProjectBase 1-489] The host OS only allows 260 characters in a normal path. The project is stored in a path with more than 80 characters. If you experience issues with IP, Block Designs, or files not being found, please consider moving the project to a location with a shorter path. Alternately consider using the OS subst command to map part of the path to a drive letter.
Current project path is 'C:/Users/SET253-05U.HCCMAIN/Desktop/Lab8-Clocks_Rings/vivado/clocked4x7SegDisplay'
Scanning sources...
Finished scanning sources
WARNING: [filemgmt 56-3] IPUserFilesDir: Could not find the directory 'C:/Users/SET253-05U.HCCMAIN/Desktop/Lab8-Clocks_Rings/vivado/clocked4x7SegDisplay/clocked4x7SegDisplay.ip_user_files'.
INFO: [IP_Flow 19-234] Refreshing IP repositories
INFO: [IP_Flow 19-1704] No user IP repositories specified
INFO: [IP_Flow 19-2313] Loaded Vivado IP repository 'C:/Xilinx/Vivado/2018.2/data/ip'.
open_project: Time (s): cpu = 00:00:10 ; elapsed = 00:00:06 . Memory (MB): peak = 847.887 ; gain = 131.430
open_hw
connect_hw_server
INFO: [Labtools 27-2285] Connecting to hw_server url TCP:localhost:3121
INFO: [Labtools 27-2222] Launching hw_server...
INFO: [Labtools 27-2221] Launch Output:

****** Xilinx hw_server v2018.2.1
  **** Build date : Jul 26 2018-19:38:10
    ** Copyright 1986-2018 Xilinx, Inc. All Rights Reserved.


open_hw_target
INFO: [Labtoolstcl 44-466] Opening hw_target localhost:3121/xilinx_tcf/Digilent/210292A8B165A
current_hw_device [get_hw_devices xc7a100t_0]
refresh_hw_device -update_hw_probes false [lindex [get_hw_devices xc7a100t_0] 0]
INFO: [Labtools 27-1434] Device xc7a100t (JTAG device index = 0) is programmed with a design that has no supported debug core(s) in it.
WARNING: [Labtools 27-3361] The debug hub core was not detected.
Resolution: 
1. Make sure the clock connected to the debug hub (dbg_hub) core is a free running clock and is active.
2. Make sure the BSCAN_SWITCH_USER_MASK device property in Vivado Hardware Manager reflects the user scan chain setting in the design and refresh the device.  To determine the user scan chain setting in the design, open the implemented design and use 'get_property C_USER_SCAN_CHAIN [get_debug_cores dbg_hub]'.
For more details on setting the scan chain property, consult the Vivado Debug and Programming User Guide (UG908).
launch_runs impl_1 -to_step write_bitstream -jobs 4
[Wed Oct 24 15:34:06 2018] Launched impl_1...
Run output will be captured here: C:/Users/SET253-05U.HCCMAIN/Desktop/Lab8-Clocks_Rings/vivado/clocked4x7SegDisplay/clocked4x7SegDisplay.runs/impl_1/runme.log
ERROR: [Labtoolstcl 44-513] HW Target shutdown. Closing target: localhost:3121/xilinx_tcf/Digilent/210292A8B165A
INFO: [Labtoolstcl 44-466] Opening hw_target localhost:3121/xilinx_tcf/Digilent/210292A8B165A
INFO: [Labtools 27-1435] Device xc7a100t (JTAG device index = 0) is not programmed (DONE status = 0).
WARNING: [Labtoolstcl 44-129] No matching hw_ila_data was found.
refresh_hw_device [lindex [get_hw_devices xc7a100t_0] 0]
INFO: [Labtools 27-1435] Device xc7a100t (JTAG device index = 0) is not programmed (DONE status = 0).
open_run impl_1
INFO: [Netlist 29-17] Analyzing 27 Unisim elements for replacement
INFO: [Netlist 29-28] Unisim Transformation completed in 0 CPU seconds
INFO: [Project 1-479] Netlist was created with Vivado 2018.2.1
INFO: [Device 21-403] Loading part xc7a100tcsg324-1
INFO: [Project 1-570] Preparing netlist for logic optimization
INFO: [Timing 38-478] Restoring timing data from binary archive.
INFO: [Timing 38-479] Binary timing data restore complete.
INFO: [Project 1-856] Restoring constraints from binary archive.
INFO: [Project 1-853] Binary constraint restore complete.
Reading XDEF placement.
Reading placer database...
Reading XDEF routing.
Read XDEF File: Time (s): cpu = 00:00:00 ; elapsed = 00:00:00.054 . Memory (MB): peak = 2376.500 ; gain = 0.000
Restored from archive | CPU: 0.000000 secs | Memory: 0.000000 MB |
Finished XDEF File Restore: Time (s): cpu = 00:00:00 ; elapsed = 00:00:00.054 . Memory (MB): peak = 2376.500 ; gain = 0.000
INFO: [Project 1-111] Unisim Transformation Summary:
No Unisim elements were transformed.

open_run: Time (s): cpu = 00:00:29 ; elapsed = 00:00:28 . Memory (MB): peak = 2474.969 ; gain = 917.074
WARNING: [Timing 38-313] There are no user specified timing constraints. Timing constraints are needed for proper timing analysis.
set_property PROBES.FILE {} [get_hw_devices xc7a100t_0]
set_property FULL_PROBES.FILE {} [get_hw_devices xc7a100t_0]
set_property PROGRAM.FILE {C:/Users/SET253-05U.HCCMAIN/Desktop/Lab8-Clocks_Rings/vivado/clocked4x7SegDisplay/clocked4x7SegDisplay.runs/impl_1/clocked4x7SegDisplay.bit} [get_hw_devices xc7a100t_0]
program_hw_devices [get_hw_devices xc7a100t_0]
INFO: [Labtools 27-3164] End of startup status: HIGH
refresh_hw_device [lindex [get_hw_devices xc7a100t_0] 0]
INFO: [Labtools 27-1434] Device xc7a100t (JTAG device index = 0) is programmed with a design that has no supported debug core(s) in it.
WARNING: [Labtools 27-3361] The debug hub core was not detected.
Resolution: 
1. Make sure the clock connected to the debug hub (dbg_hub) core is a free running clock and is active.
2. Make sure the BSCAN_SWITCH_USER_MASK device property in Vivado Hardware Manager reflects the user scan chain setting in the design and refresh the device.  To determine the user scan chain setting in the design, open the implemented design and use 'get_property C_USER_SCAN_CHAIN [get_debug_cores dbg_hub]'.
For more details on setting the scan chain property, consult the Vivado Debug and Programming User Guide (UG908).
create_ip -name clk_wiz -vendor xilinx.com -library ip -version 6.0 -module_name clk_wiz_0 -dir c:/Users/SET253-05U.HCCMAIN/Desktop/Lab8-Clocks_Rings/vivado/clocked4x7SegDisplay/clocked4x7SegDisplay.srcs/sources_1/ip
set_property -dict [list CONFIG.CLKOUT1_REQUESTED_OUT_FREQ {400} CONFIG.MMCM_DIVCLK_DIVIDE {1} CONFIG.MMCM_CLKOUT0_DIVIDE_F {2.500} CONFIG.CLKOUT1_JITTER {101.114}] [get_ips clk_wiz_0]
generate_target {instantiation_template} [get_files c:/Users/SET253-05U.HCCMAIN/Desktop/Lab8-Clocks_Rings/vivado/clocked4x7SegDisplay/clocked4x7SegDisplay.srcs/sources_1/ip/clk_wiz_0/clk_wiz_0.xci]
INFO: [IP_Flow 19-1686] Generating 'Instantiation Template' target for IP 'clk_wiz_0'...
generate_target all [get_files  c:/Users/SET253-05U.HCCMAIN/Desktop/Lab8-Clocks_Rings/vivado/clocked4x7SegDisplay/clocked4x7SegDisplay.srcs/sources_1/ip/clk_wiz_0/clk_wiz_0.xci]
INFO: [IP_Flow 19-1686] Generating 'Synthesis' target for IP 'clk_wiz_0'...
INFO: [IP_Flow 19-1686] Generating 'Simulation' target for IP 'clk_wiz_0'...
INFO: [IP_Flow 19-1686] Generating 'Implementation' target for IP 'clk_wiz_0'...
INFO: [IP_Flow 19-1686] Generating 'Change Log' target for IP 'clk_wiz_0'...
catch { config_ip_cache -export [get_ips -all clk_wiz_0] }
export_ip_user_files -of_objects [get_files c:/Users/SET253-05U.HCCMAIN/Desktop/Lab8-Clocks_Rings/vivado/clocked4x7SegDisplay/clocked4x7SegDisplay.srcs/sources_1/ip/clk_wiz_0/clk_wiz_0.xci] -no_script -sync -force -quiet
create_ip_run [get_files -of_objects [get_fileset sources_1] c:/Users/SET253-05U.HCCMAIN/Desktop/Lab8-Clocks_Rings/vivado/clocked4x7SegDisplay/clocked4x7SegDisplay.srcs/sources_1/ip/clk_wiz_0/clk_wiz_0.xci]
launch_runs -jobs 4 clk_wiz_0_synth_1
[Wed Oct 24 16:17:19 2018] Launched clk_wiz_0_synth_1...
Run output will be captured here: C:/Users/SET253-05U.HCCMAIN/Desktop/Lab8-Clocks_Rings/vivado/clocked4x7SegDisplay/clocked4x7SegDisplay.runs/clk_wiz_0_synth_1/runme.log
export_simulation -of_objects [get_files c:/Users/SET253-05U.HCCMAIN/Desktop/Lab8-Clocks_Rings/vivado/clocked4x7SegDisplay/clocked4x7SegDisplay.srcs/sources_1/ip/clk_wiz_0/clk_wiz_0.xci] -directory C:/Users/SET253-05U.HCCMAIN/Desktop/Lab8-Clocks_Rings/vivado/clocked4x7SegDisplay/clocked4x7SegDisplay.ip_user_files/sim_scripts -ip_user_files_dir C:/Users/SET253-05U.HCCMAIN/Desktop/Lab8-Clocks_Rings/vivado/clocked4x7SegDisplay/clocked4x7SegDisplay.ip_user_files -ipstatic_source_dir C:/Users/SET253-05U.HCCMAIN/Desktop/Lab8-Clocks_Rings/vivado/clocked4x7SegDisplay/clocked4x7SegDisplay.ip_user_files/ipstatic -lib_map_path [list {modelsim=C:/Users/SET253-05U.HCCMAIN/Desktop/Lab8-Clocks_Rings/vivado/clocked4x7SegDisplay/clocked4x7SegDisplay.cache/compile_simlib/modelsim} {questa=C:/Users/SET253-05U.HCCMAIN/Desktop/Lab8-Clocks_Rings/vivado/clocked4x7SegDisplay/clocked4x7SegDisplay.cache/compile_simlib/questa} {riviera=C:/Users/SET253-05U.HCCMAIN/Desktop/Lab8-Clocks_Rings/vivado/clocked4x7SegDisplay/clocked4x7SegDisplay.cache/compile_simlib/riviera} {activehdl=C:/Users/SET253-05U.HCCMAIN/Desktop/Lab8-Clocks_Rings/vivado/clocked4x7SegDisplay/clocked4x7SegDisplay.cache/compile_simlib/activehdl}] -use_ip_compiled_libs -force -quiet
exit
INFO: [Common 17-206] Exiting Vivado at Wed Oct 24 16:19:03 2018...
