#-----------------------------------------------------------
# Vivado v2018.2.1 (64-bit)
# SW Build 2288692 on Thu Jul 26 18:24:02 MDT 2018
# IP Build 2289599 on Thu Jul 26 21:09:20 MDT 2018
# Start of session at: Wed Oct 24 16:25:30 2018
# Process ID: 3748
# Current directory: C:/Users/SET253-05U.HCCMAIN/Desktop/Lab8-Clocks_Rings/vivado/simpleRing
# Command line: vivado.exe -gui_launcher_event rodinguilauncherevent9316 C:\Users\SET253-05U.HCCMAIN\Desktop\Lab8-Clocks_Rings\vivado\simpleRing\simpleRing.xpr
# Log file: C:/Users/SET253-05U.HCCMAIN/Desktop/Lab8-Clocks_Rings/vivado/simpleRing/vivado.log
# Journal file: C:/Users/SET253-05U.HCCMAIN/Desktop/Lab8-Clocks_Rings/vivado/simpleRing\vivado.jou
#-----------------------------------------------------------
start_gui
open_project C:/Users/SET253-05U.HCCMAIN/Desktop/Lab8-Clocks_Rings/vivado/simpleRing/simpleRing.xpr
INFO: [Project 1-313] Project file moved from 'C:/Users/SET253-17U.HCCMAIN/Desktop/vivado/simpleRing' since last save.
Scanning sources...
Finished scanning sources
INFO: [IP_Flow 19-234] Refreshing IP repositories
INFO: [IP_Flow 19-1704] No user IP repositories specified
INFO: [IP_Flow 19-2313] Loaded Vivado IP repository 'C:/Xilinx/Vivado/2018.2/data/ip'.
open_project: Time (s): cpu = 00:00:10 ; elapsed = 00:00:06 . Memory (MB): peak = 838.750 ; gain = 120.148
update_compile_order -fileset sources_1
reset_run synth_1
launch_runs synth_1 -jobs 4
[Wed Oct 24 16:33:55 2018] Launched synth_1...
Run output will be captured here: C:/Users/SET253-05U.HCCMAIN/Desktop/Lab8-Clocks_Rings/vivado/simpleRing/simpleRing.runs/synth_1/runme.log
launch_runs impl_1 -jobs 4
[Wed Oct 24 16:35:21 2018] Launched impl_1...
Run output will be captured here: C:/Users/SET253-05U.HCCMAIN/Desktop/Lab8-Clocks_Rings/vivado/simpleRing/simpleRing.runs/impl_1/runme.log
open_run impl_1
INFO: [Netlist 29-17] Analyzing 12 Unisim elements for replacement
INFO: [Netlist 29-28] Unisim Transformation completed in 1 CPU seconds
INFO: [Project 1-479] Netlist was created with Vivado 2018.2.1
INFO: [Device 21-403] Loading part xc7a100tcsg324-1
INFO: [Project 1-570] Preparing netlist for logic optimization
INFO: [Timing 38-478] Restoring timing data from binary archive.
INFO: [Timing 38-479] Binary timing data restore complete.
INFO: [Project 1-856] Restoring constraints from binary archive.
INFO: [Project 1-853] Binary constraint restore complete.
Reading XDEF placement.
Reading placer database...
Reading XDEF routing.
Read XDEF File: Time (s): cpu = 00:00:00 ; elapsed = 00:00:00.044 . Memory (MB): peak = 1725.207 ; gain = 0.000
Restored from archive | CPU: 0.000000 secs | Memory: 0.000000 MB |
Finished XDEF File Restore: Time (s): cpu = 00:00:00 ; elapsed = 00:00:00.045 . Memory (MB): peak = 1725.207 ; gain = 0.000
INFO: [Project 1-111] Unisim Transformation Summary:
No Unisim elements were transformed.

open_run: Time (s): cpu = 00:00:26 ; elapsed = 00:00:24 . Memory (MB): peak = 1796.988 ; gain = 908.195
WARNING: [Timing 38-313] There are no user specified timing constraints. Timing constraints are needed for proper timing analysis.
open_hw
connect_hw_server
INFO: [Labtools 27-2285] Connecting to hw_server url TCP:localhost:3121
INFO: [Labtools 27-2222] Launching hw_server...
INFO: [Labtools 27-2221] Launch Output:

****** Xilinx hw_server v2018.2.1
  **** Build date : Jul 26 2018-19:38:10
    ** Copyright 1986-2018 Xilinx, Inc. All Rights Reserved.


open_hw_target
INFO: [Labtoolstcl 44-466] Opening hw_target localhost:3121/xilinx_tcf/Digilent/210292A8B165A
current_hw_device [get_hw_devices xc7a100t_0]
refresh_hw_device -update_hw_probes false [lindex [get_hw_devices xc7a100t_0] 0]
INFO: [Labtools 27-1434] Device xc7a100t (JTAG device index = 0) is programmed with a design that has no supported debug core(s) in it.
WARNING: [Labtools 27-3361] The debug hub core was not detected.
Resolution: 
1. Make sure the clock connected to the debug hub (dbg_hub) core is a free running clock and is active.
2. Make sure the BSCAN_SWITCH_USER_MASK device property in Vivado Hardware Manager reflects the user scan chain setting in the design and refresh the device.  To determine the user scan chain setting in the design, open the implemented design and use 'get_property C_USER_SCAN_CHAIN [get_debug_cores dbg_hub]'.
For more details on setting the scan chain property, consult the Vivado Debug and Programming User Guide (UG908).
refresh_hw_device [lindex [get_hw_devices xc7a100t_0] 0]
INFO: [Labtools 27-1434] Device xc7a100t (JTAG device index = 0) is programmed with a design that has no supported debug core(s) in it.
WARNING: [Labtools 27-3361] The debug hub core was not detected.
Resolution: 
1. Make sure the clock connected to the debug hub (dbg_hub) core is a free running clock and is active.
2. Make sure the BSCAN_SWITCH_USER_MASK device property in Vivado Hardware Manager reflects the user scan chain setting in the design and refresh the device.  To determine the user scan chain setting in the design, open the implemented design and use 'get_property C_USER_SCAN_CHAIN [get_debug_cores dbg_hub]'.
For more details on setting the scan chain property, consult the Vivado Debug and Programming User Guide (UG908).
ERROR: [Labtoolstcl 44-513] HW Target shutdown. Closing target: localhost:3121/xilinx_tcf/Digilent/210292A8B165A
INFO: [Labtoolstcl 44-466] Opening hw_target localhost:3121/xilinx_tcf/Digilent/210292A8B165A
INFO: [Labtools 27-1435] Device xc7a100t (JTAG device index = 0) is not programmed (DONE status = 0).
WARNING: [Labtoolstcl 44-129] No matching hw_ila_data was found.
launch_runs impl_1 -to_step write_bitstream -jobs 4
[Wed Oct 24 16:38:34 2018] Launched impl_1...
Run output will be captured here: C:/Users/SET253-05U.HCCMAIN/Desktop/Lab8-Clocks_Rings/vivado/simpleRing/simpleRing.runs/impl_1/runme.log
ERROR: [Labtoolstcl 44-513] HW Target shutdown. Closing target: localhost:3121/xilinx_tcf/Digilent/210292A8B165A
INFO: [Labtoolstcl 44-466] Opening hw_target localhost:3121/xilinx_tcf/Digilent/210292A8B165A
INFO: [Labtools 27-1435] Device xc7a100t (JTAG device index = 0) is not programmed (DONE status = 0).
WARNING: [Labtoolstcl 44-129] No matching hw_ila_data was found.
set_property PROBES.FILE {} [get_hw_devices xc7a100t_0]
set_property FULL_PROBES.FILE {} [get_hw_devices xc7a100t_0]
set_property PROGRAM.FILE {C:/Users/SET253-05U.HCCMAIN/Desktop/Lab8-Clocks_Rings/vivado/simpleRing/simpleRing.runs/impl_1/simpleRing.bit} [get_hw_devices xc7a100t_0]
program_hw_devices [get_hw_devices xc7a100t_0]
INFO: [Labtools 27-3164] End of startup status: HIGH
refresh_hw_device [lindex [get_hw_devices xc7a100t_0] 0]
INFO: [Labtools 27-1434] Device xc7a100t (JTAG device index = 0) is programmed with a design that has no supported debug core(s) in it.
WARNING: [Labtools 27-3361] The debug hub core was not detected.
Resolution: 
1. Make sure the clock connected to the debug hub (dbg_hub) core is a free running clock and is active.
2. Make sure the BSCAN_SWITCH_USER_MASK device property in Vivado Hardware Manager reflects the user scan chain setting in the design and refresh the device.  To determine the user scan chain setting in the design, open the implemented design and use 'get_property C_USER_SCAN_CHAIN [get_debug_cores dbg_hub]'.
For more details on setting the scan chain property, consult the Vivado Debug and Programming User Guide (UG908).
reset_run synth_1
launch_runs impl_1 -jobs 4
[Wed Oct 24 17:06:03 2018] Launched synth_1...
Run output will be captured here: C:/Users/SET253-05U.HCCMAIN/Desktop/Lab8-Clocks_Rings/vivado/simpleRing/simpleRing.runs/synth_1/runme.log
[Wed Oct 24 17:06:03 2018] Launched impl_1...
Run output will be captured here: C:/Users/SET253-05U.HCCMAIN/Desktop/Lab8-Clocks_Rings/vivado/simpleRing/simpleRing.runs/impl_1/runme.log
refresh_design
INFO: [Netlist 29-17] Analyzing 12 Unisim elements for replacement
INFO: [Netlist 29-28] Unisim Transformation completed in 0 CPU seconds
INFO: [Project 1-479] Netlist was created with Vivado 2018.2.1
INFO: [Project 1-570] Preparing netlist for logic optimization
INFO: [Timing 38-478] Restoring timing data from binary archive.
INFO: [Timing 38-479] Binary timing data restore complete.
INFO: [Project 1-856] Restoring constraints from binary archive.
INFO: [Project 1-853] Binary constraint restore complete.
Reading XDEF placement.
Reading placer database...
Reading XDEF routing.
Read XDEF File: Time (s): cpu = 00:00:00 ; elapsed = 00:00:00.047 . Memory (MB): peak = 2484.645 ; gain = 0.000
Restored from archive | CPU: 0.000000 secs | Memory: 0.000000 MB |
Finished XDEF File Restore: Time (s): cpu = 00:00:00 ; elapsed = 00:00:00.048 . Memory (MB): peak = 2484.645 ; gain = 0.000
WARNING: [Timing 38-313] There are no user specified timing constraints. Timing constraints are needed for proper timing analysis.
launch_runs impl_1 -to_step write_bitstream -jobs 4
[Wed Oct 24 17:13:03 2018] Launched impl_1...
Run output will be captured here: C:/Users/SET253-05U.HCCMAIN/Desktop/Lab8-Clocks_Rings/vivado/simpleRing/simpleRing.runs/impl_1/runme.log
set_property PROBES.FILE {} [get_hw_devices xc7a100t_0]
set_property FULL_PROBES.FILE {} [get_hw_devices xc7a100t_0]
set_property PROGRAM.FILE {C:/Users/SET253-05U.HCCMAIN/Desktop/Lab8-Clocks_Rings/vivado/simpleRing/simpleRing.runs/impl_1/simpleRing.bit} [get_hw_devices xc7a100t_0]
program_hw_devices [get_hw_devices xc7a100t_0]
INFO: [Labtools 27-3164] End of startup status: HIGH
refresh_hw_device [lindex [get_hw_devices xc7a100t_0] 0]
INFO: [Labtools 27-1434] Device xc7a100t (JTAG device index = 0) is programmed with a design that has no supported debug core(s) in it.
WARNING: [Labtools 27-3361] The debug hub core was not detected.
Resolution: 
1. Make sure the clock connected to the debug hub (dbg_hub) core is a free running clock and is active.
2. Make sure the BSCAN_SWITCH_USER_MASK device property in Vivado Hardware Manager reflects the user scan chain setting in the design and refresh the device.  To determine the user scan chain setting in the design, open the implemented design and use 'get_property C_USER_SCAN_CHAIN [get_debug_cores dbg_hub]'.
For more details on setting the scan chain property, consult the Vivado Debug and Programming User Guide (UG908).
reset_run synth_1
launch_runs impl_1 -jobs 4
[Wed Oct 24 17:21:20 2018] Launched synth_1...
Run output will be captured here: C:/Users/SET253-05U.HCCMAIN/Desktop/Lab8-Clocks_Rings/vivado/simpleRing/simpleRing.runs/synth_1/runme.log
[Wed Oct 24 17:21:20 2018] Launched impl_1...
Run output will be captured here: C:/Users/SET253-05U.HCCMAIN/Desktop/Lab8-Clocks_Rings/vivado/simpleRing/simpleRing.runs/impl_1/runme.log
launch_runs impl_1 -to_step write_bitstream -jobs 4
[Wed Oct 24 17:23:42 2018] Launched impl_1...
Run output will be captured here: C:/Users/SET253-05U.HCCMAIN/Desktop/Lab8-Clocks_Rings/vivado/simpleRing/simpleRing.runs/impl_1/runme.log
set_property PROBES.FILE {} [get_hw_devices xc7a100t_0]
set_property FULL_PROBES.FILE {} [get_hw_devices xc7a100t_0]
set_property PROGRAM.FILE {C:/Users/SET253-05U.HCCMAIN/Desktop/Lab8-Clocks_Rings/vivado/simpleRing/simpleRing.runs/impl_1/simpleRing.bit} [get_hw_devices xc7a100t_0]
program_hw_devices [get_hw_devices xc7a100t_0]
INFO: [Labtools 27-3164] End of startup status: HIGH
refresh_hw_device [lindex [get_hw_devices xc7a100t_0] 0]
INFO: [Labtools 27-1434] Device xc7a100t (JTAG device index = 0) is programmed with a design that has no supported debug core(s) in it.
WARNING: [Labtools 27-3361] The debug hub core was not detected.
Resolution: 
1. Make sure the clock connected to the debug hub (dbg_hub) core is a free running clock and is active.
2. Make sure the BSCAN_SWITCH_USER_MASK device property in Vivado Hardware Manager reflects the user scan chain setting in the design and refresh the device.  To determine the user scan chain setting in the design, open the implemented design and use 'get_property C_USER_SCAN_CHAIN [get_debug_cores dbg_hub]'.
For more details on setting the scan chain property, consult the Vivado Debug and Programming User Guide (UG908).
reset_run synth_1
launch_runs impl_1 -jobs 4
[Wed Oct 24 17:39:13 2018] Launched synth_1...
Run output will be captured here: C:/Users/SET253-05U.HCCMAIN/Desktop/Lab8-Clocks_Rings/vivado/simpleRing/simpleRing.runs/synth_1/runme.log
[Wed Oct 24 17:39:13 2018] Launched impl_1...
Run output will be captured here: C:/Users/SET253-05U.HCCMAIN/Desktop/Lab8-Clocks_Rings/vivado/simpleRing/simpleRing.runs/impl_1/runme.log
launch_runs impl_1 -to_step write_bitstream -jobs 4
[Wed Oct 24 17:41:19 2018] Launched impl_1...
Run output will be captured here: C:/Users/SET253-05U.HCCMAIN/Desktop/Lab8-Clocks_Rings/vivado/simpleRing/simpleRing.runs/impl_1/runme.log
reset_run synth_1
launch_runs synth_1 -jobs 4
[Wed Oct 24 17:43:21 2018] Launched synth_1...
Run output will be captured here: C:/Users/SET253-05U.HCCMAIN/Desktop/Lab8-Clocks_Rings/vivado/simpleRing/simpleRing.runs/synth_1/runme.log
launch_runs impl_1 -jobs 4
[Wed Oct 24 17:45:19 2018] Launched impl_1...
Run output will be captured here: C:/Users/SET253-05U.HCCMAIN/Desktop/Lab8-Clocks_Rings/vivado/simpleRing/simpleRing.runs/impl_1/runme.log
launch_runs impl_1 -to_step write_bitstream -jobs 4
[Wed Oct 24 17:46:54 2018] Launched impl_1...
Run output will be captured here: C:/Users/SET253-05U.HCCMAIN/Desktop/Lab8-Clocks_Rings/vivado/simpleRing/simpleRing.runs/impl_1/runme.log
set_property PROBES.FILE {} [get_hw_devices xc7a100t_0]
set_property FULL_PROBES.FILE {} [get_hw_devices xc7a100t_0]
set_property PROGRAM.FILE {C:/Users/SET253-05U.HCCMAIN/Desktop/Lab8-Clocks_Rings/vivado/simpleRing/simpleRing.runs/impl_1/simpleRing.bit} [get_hw_devices xc7a100t_0]
program_hw_devices [get_hw_devices xc7a100t_0]
INFO: [Labtools 27-3164] End of startup status: HIGH
refresh_hw_device [lindex [get_hw_devices xc7a100t_0] 0]
INFO: [Labtools 27-1434] Device xc7a100t (JTAG device index = 0) is programmed with a design that has no supported debug core(s) in it.
WARNING: [Labtools 27-3361] The debug hub core was not detected.
Resolution: 
1. Make sure the clock connected to the debug hub (dbg_hub) core is a free running clock and is active.
2. Make sure the BSCAN_SWITCH_USER_MASK device property in Vivado Hardware Manager reflects the user scan chain setting in the design and refresh the device.  To determine the user scan chain setting in the design, open the implemented design and use 'get_property C_USER_SCAN_CHAIN [get_debug_cores dbg_hub]'.
For more details on setting the scan chain property, consult the Vivado Debug and Programming User Guide (UG908).
reset_run synth_1
launch_runs synth_1 -jobs 4
[Wed Oct 24 17:53:35 2018] Launched synth_1...
Run output will be captured here: C:/Users/SET253-05U.HCCMAIN/Desktop/Lab8-Clocks_Rings/vivado/simpleRing/simpleRing.runs/synth_1/runme.log
launch_runs impl_1 -jobs 4
[Wed Oct 24 17:54:54 2018] Launched impl_1...
Run output will be captured here: C:/Users/SET253-05U.HCCMAIN/Desktop/Lab8-Clocks_Rings/vivado/simpleRing/simpleRing.runs/impl_1/runme.log
launch_runs impl_1 -to_step write_bitstream -jobs 4
[Wed Oct 24 17:56:34 2018] Launched impl_1...
Run output will be captured here: C:/Users/SET253-05U.HCCMAIN/Desktop/Lab8-Clocks_Rings/vivado/simpleRing/simpleRing.runs/impl_1/runme.log
set_property PROBES.FILE {} [get_hw_devices xc7a100t_0]
set_property FULL_PROBES.FILE {} [get_hw_devices xc7a100t_0]
set_property PROGRAM.FILE {C:/Users/SET253-05U.HCCMAIN/Desktop/Lab8-Clocks_Rings/vivado/simpleRing/simpleRing.runs/impl_1/simpleRing.bit} [get_hw_devices xc7a100t_0]
program_hw_devices [get_hw_devices xc7a100t_0]
INFO: [Labtools 27-3164] End of startup status: HIGH
refresh_hw_device [lindex [get_hw_devices xc7a100t_0] 0]
INFO: [Labtools 27-1434] Device xc7a100t (JTAG device index = 0) is programmed with a design that has no supported debug core(s) in it.
WARNING: [Labtools 27-3361] The debug hub core was not detected.
Resolution: 
1. Make sure the clock connected to the debug hub (dbg_hub) core is a free running clock and is active.
2. Make sure the BSCAN_SWITCH_USER_MASK device property in Vivado Hardware Manager reflects the user scan chain setting in the design and refresh the device.  To determine the user scan chain setting in the design, open the implemented design and use 'get_property C_USER_SCAN_CHAIN [get_debug_cores dbg_hub]'.
For more details on setting the scan chain property, consult the Vivado Debug and Programming User Guide (UG908).
exit
INFO: [Common 17-206] Exiting Vivado at Wed Oct 24 18:00:17 2018...
