#-----------------------------------------------------------
# Vivado v2018.2.1 (64-bit)
# SW Build 2288692 on Thu Jul 26 18:24:02 MDT 2018
# IP Build 2289599 on Thu Jul 26 21:09:20 MDT 2018
# Start of session at: Wed Oct 17 13:48:30 2018
# Process ID: 6376
# Current directory: C:/Users/SET253-17U.HCCMAIN/Desktop/vivado/simpleRing
# Command line: vivado.exe -gui_launcher_event rodinguilauncherevent9612 C:\Users\SET253-17U.HCCMAIN\Desktop\vivado\simpleRing\simpleRing.xpr
# Log file: C:/Users/SET253-17U.HCCMAIN/Desktop/vivado/simpleRing/vivado.log
# Journal file: C:/Users/SET253-17U.HCCMAIN/Desktop/vivado/simpleRing\vivado.jou
#-----------------------------------------------------------
start_gui
open_project C:/Users/SET253-17U.HCCMAIN/Desktop/vivado/simpleRing/simpleRing.xpr
Scanning sources...
Finished scanning sources
INFO: [IP_Flow 19-234] Refreshing IP repositories
INFO: [IP_Flow 19-1704] No user IP repositories specified
INFO: [IP_Flow 19-2313] Loaded Vivado IP repository 'C:/Xilinx/Vivado/2018.2/data/ip'.
open_project: Time (s): cpu = 00:00:14 ; elapsed = 00:00:09 . Memory (MB): peak = 849.422 ; gain = 187.277
update_compile_order -fileset sources_1
add_files -fileset constrs_1 -norecurse C:/Users/SET253-17U.HCCMAIN/Desktop/vivado/simpleRing/Nexys4DDR_Master.xdc
reset_run synth_1
WARNING: [Vivado 12-1017] Problems encountered:
1. Failed to delete one or more files in run directory C:/Users/SET253-17U.HCCMAIN/Desktop/vivado/simpleRing/simpleRing.runs/synth_1

launch_runs synth_1 -jobs 2
CRITICAL WARNING: [HDL 9-806] Syntax error near "<<". [C:/Users/SET253-17U.HCCMAIN/Desktop/vivado/simpleRing/simpleRing.srcs/sources_1/new/simpleRing.v:23]
[Wed Oct 17 14:34:32 2018] Launched synth_1...
Run output will be captured here: C:/Users/SET253-17U.HCCMAIN/Desktop/vivado/simpleRing/simpleRing.runs/synth_1/runme.log
reset_run synth_1
WARNING: [Vivado 12exit
INFO: [Common 17-206] Exiting Vivado at Wed Oct 17 14:50:56 2018...
 directory C:/Users/SET253-17U.HCCMAIN/Desktop/vivado/simpleRing/simpleRing.runs/synth_1

launch_runs synth_1 -jobs 2
[Wed Oct 17 14:38:13 2018] Launched synth_1...
Run output will be captured here: C:/Users/SET253-17U.HCCMAIN/Desktop/vivado/simpleRing/simpleRing.runs/synth_1/runme.log
launch_runs impl_1 -jobs 2
[Wed Oct 17 14:39:15 2018] Launched impl_1...
Run output will be captured here: C:/Users/SET253-17U.HCCMAIN/Desktop/vivado/simpleRing/simpleRing.runs/impl_1/runme.log
reset_run synth_1
WARNING: [Vivado 12-1017] Problems encountered:
1. Failed to delete one or more files in run directory C:/Users/SET253-17U.HCCMAIN/Desktop/vivado/simpleRing/simpleRing.runs/synth_1

launch_runs synth_1 -jobs 2
[Wed Oct 17 14:40:45 2018] Launched synth_1...
Run output will be captured here: C:/Users/SET253-17U.HCCMAIN/Desktop/vivado/simpleRing/simpleRing.runs/synth_1/runme.log
launch_runs impl_1 -jobs 2
[Wed Oct 17 14:41:41 2018] Launched impl_1...
Run output will be captured here: C:/Users/SET253-17U.HCCMAIN/Desktop/vivado/simpleRing/simpleRing.runs/impl_1/runme.log
reset_run synth_1
WARNING: [Vivado 12-1017] Problems encountered:
1. Failed to delete one or more files in run directory C:/Users/SET253-17U.HCCMAIN/Desktop/vivado/simpleRing/simpleRing.runs/synth_1

launch_runs synth_1 -jobs 2
[Wed Oct 17 14:42:16 2018] Launched synth_1...
Run output will be captured here: C:/Users/SET253-17U.HCCMAIN/Desktop/vivado/simpleRing/simpleRing.runs/synth_1/runme.log
launch_runs impl_1 -jobs 2
[Wed Oct 17 14:43:14 2018] Launched impl_1...
Run output will be captured here: C:/Users/SET253-17U.HCCMAIN/Desktop/vivado/simpleRing/simpleRing.runs/impl_1/runme.log
reset_run synth_1
WARNING: [Vivado 12-1017] Problems encountered:
1. Failed to delete one or more files in run directory C:/Users/SET253-17U.HCCMAIN/Desktop/vivado/simpleRing/simpleRing.runs/synth_1

launch_runs synth_1 -jobs 4
[Wed Oct 17 14:44:22 2018] Launched synth_1...
Run output will be captured here: C:/Users/SET253-17U.HCCMAIN/Desktop/vivado/simpleRing/simpleRing.runs/synth_1/runme.log
reset_run synth_1
WARNING: [Vivado 12-1017] Problems encountered:
1. Failed to delete one or more files in run directory C:/Users/SET253-17U.HCCMAIN/Desktop/vivado/simpleRing/simpleRing.runs/synth_1

launch_runs synth_1 -jobs 4
[Wed Oct 17 14:45:16 2018] Launched synth_1...
Run output will be captured here: C:/Users/SET253-17U.HCCMAIN/Desktop/vivado/simpleRing/simpleRing.runs/synth_1/runme.log
reset_run synth_1
WARNING: [Vivado 12-1017] Problems encountered:
1. Failed to delete one or more files in run directory C:/Users/SET253-17U.HCCMAIN/Desktop/vivado/simpleRing/simpleRing.runs/synth_1

launch_runs synth_1 -jobs 4
[Wed Oct 17 14:47:16 2018] Launched synth_1...
Run output will be captured here: C:/Users/SET253-17U.HCCMAIN/Desktop/vivado/simpleRing/simpleRing.runs/synth_1/runme.log
launch_runs impl_1 -jobs 4
[Wed Oct 17 14:49:01 2018] Launched impl_1...
Run output will be captured here: C:/Users/SET253-17U.HCCMAIN/Desktop/vivado/simpleRing/simpleRing.runs/impl_1/runme.log
close_project
open_project C:/Users/SET253-17U.HCCMAIN/Desktop/vivado/simpleRing/simpleRing.xpr
Scanning sources...
Finished scanning sources
INFO: [IP_Flow 19-234] Refreshing IP repositories
INFO: [IP_Flow 19-1704] No user IP repositories specified
INFO: [IP_Flow 19-2313] Loaded Vivado IP repository 'C:/Xilinx/Vivado/2018.2/data/ip'.
update_compile_order -fileset sources_1
import_files
INFO: [filemgmt 20-348] Importing the appropriate files for fileset: 'constrs_1'
INFO: [filemgmt 20-334] All file(s) are already imported in fileset: 'sources_1'
INFO: [filemgmt 20-348] Importing the appropriate files for fileset: 'sources_1'
reset_run synth_1
launch_runs synth_1 -jobs 4
[Wed Oct 17 15:56:40 2018] Launched synth_1...
Run output will be captured here: C:/Users/SET253-17U.HCCMAIN/Desktop/vivado/simpleRing/simpleRing.runs/synth_1/runme.log
launch_runs impl_1 -jobs 4
[Wed Oct 17 15:58:26 2018] Launched impl_1...
Run output will be captured here: C:/Users/SET253-17U.HCCMAIN/Desktop/vivado/simpleRing/simpleRing.runs/impl_1/runme.log
reset_run synth_1
launch_runs synth_1 -jobs 4
[Wed Oct 17 16:05:33 2018] Launched synth_1...
Run output will be captured here: C:/Users/SET253-17U.HCCMAIN/Desktop/vivado/simpleRing/simpleRing.runs/synth_1/runme.log
launch_runs impl_1 -jobs 4
[Wed Oct 17 16:06:41 2018] Launched impl_1...
Run output will be captured here: C:/Users/SET253-17U.HCCMAIN/Desktop/vivado/simpleRing/simpleRing.runs/impl_1/runme.log
reset_run synth_1
launch_runs synth_1 -jobs 4
[Wed Oct 17 16:24:20 2018] Launched synth_1...
Run output will be captured here: C:/Users/SET253-17U.HCCMAIN/Desktop/vivado/simpleRing/simpleRing.runs/synth_1/runme.log
reset_run synth_1
launch_runs synth_1 -jobs 4
[Wed Oct 17 16:25:51 2018] Launched synth_1...
Run output will be captured here: C:/Users/SET253-17U.HCCMAIN/Desktop/vivado/simpleRing/simpleRing.runs/synth_1/runme.log
reset_run synth_1
launch_runs synth_1 -jobs 4
[Wed Oct 17 16:26:55 2018] Launched synth_1...
Run output will be captured here: C:/Users/SET253-17U.HCCMAIN/Desktop/vivado/simpleRing/simpleRing.runs/synth_1/runme.log
launch_runs impl_1 -jobs 4
[Wed Oct 17 16:27:38 2018] Launched impl_1...
Run output will be captured here: C:/Users/SET253-17U.HCCMAIN/Desktop/vivado/simpleRing/simpleRing.runs/impl_1/runme.log
reset_run synth_1
launch_runs synth_1 -jobs 4
CRITICAL WARNING: [HDL 9-806] Syntax error near "always". [C:/Users/SET253-17U.HCCMAIN/Desktop/vivado/simpleRing/simpleRing.srcs/sources_1/new/simpleRing.v:28]
CRITICAL WARNING: [HDL 9-806] Syntax error near "always". [C:/Users/SET253-17U.HCCMAIN/Desktop/vivado/simpleRing/simpleRing.srcs/sources_1/new/simpleRing.v:29]
CRITICAL WARNING: [HDL 9-806] Syntax error near "endmodule". [C:/Users/SET253-17U.HCCMAIN/Desktop/vivado/simpleRing/simpleRing.srcs/sources_1/new/simpleRing.v:37]
[Wed Oct 17 16:50:09 2018] Launched synth_1...
Run output will be captured here: C:/Users/SET253-17U.HCCMAIN/Desktop/vivado/simpleRing/simpleRing.runs/synth_1/runme.log
reset_run synth_1
launch_runs synth_1 -jobs 4
[Wed Oct 17 16:50:42 2018] Launched synth_1...
Run output will be captured here: C:/Users/SET253-17U.HCCMAIN/Desktop/vivado/simpleRing/simpleRing.runs/synth_1/runme.log
reset_run synth_1
launch_runs synth_1 -jobs 4
[Wed Oct 17 16:54:22 2018] Launched synth_1...
Run output will be captured here: C:/Users/SET253-17U.HCCMAIN/Desktop/vivado/simpleRing/simpleRing.runs/synth_1/runme.log
reset_run synth_1
launch_runs synth_1 -jobs 4
[Wed Oct 17 16:55:29 2018] Launched synth_1...
Run output will be captured here: C:/Users/SET253-17U.HCCMAIN/Desktop/vivado/simpleRing/simpleRing.runs/synth_1/runme.log
launch_runs impl_1 -jobs 4
[Wed Oct 17 16:56:14 2018] Launched impl_1...
Run output will be captured here: C:/Users/SET253-17U.HCCMAIN/Desktop/vivado/simpleRing/simpleRing.runs/impl_1/runme.log
launch_runs impl_1 -to_step write_bitstream -jobs 4
[Wed Oct 17 16:57:37 2018] Launched impl_1...
Run output will be captured here: C:/Users/SET253-17U.HCCMAIN/Desktop/vivado/simpleRing/simpleRing.runs/impl_1/runme.log
open_hw
connect_hw_server
INFO: [Labtools 27-2285] Connecting to hw_server url TCP:localhost:3121
INFO: [Labtools 27-2222] Launching hw_server...
INFO: [Labtools 27-2221] Launch Output:

****** Xilinx hw_server v2018.2.1
  **** Build date : Jul 26 2018-19:38:10
    ** Copyright 1986-2018 Xilinx, Inc. All Rights Reserved.


open_hw_target
INFO: [Labtoolstcl 44-466] Opening hw_target localhost:3121/xilinx_tcf/Digilent/210292A8B16CA
set_property PROGRAM.FILE {C:/Users/SET253-17U.HCCMAIN/Desktop/vivado/simpleRing/simpleRing.runs/impl_1/simpleRing.bit} [get_hw_devices xc7a100t_0]
current_hw_device [get_hw_devices xc7a100t_0]
refresh_hw_device -update_hw_probes false [lindex [get_hw_devices xc7a100t_0] 0]
INFO: [Labtools 27-1434] Device xc7a100t (JTAG device index = 0) is programmed with a design that has no supported debug core(s) in it.
WARNING: [Labtools 27-3361] The debug hub core was not detected.
Resolution: 
1. Make sure the clock connected to the debug hub (dbg_hub) core is a free running clock and is active.
2. Make sure the BSCAN_SWITCH_USER_MASK device property in Vivado Hardware Manager reflects the user scan chain setting in the design and refresh the device.  To determine the user scan chain setting in the design, open the implemented design and use 'get_property C_USER_SCAN_CHAIN [get_debug_cores dbg_hub]'.
For more details on setting the scan chain property, consult the Vivado Debug and Programming User Guide (UG908).
set_property PROBES.FILE {} [get_hw_devices xc7a100t_0]
set_property FULL_PROBES.FILE {} [get_hw_devices xc7a100t_0]
set_property PROGRAM.FILE {C:/Users/SET253-17U.HCCMAIN/Desktop/vivado/simpleRing/simpleRing.runs/impl_1/simpleRing.bit} [get_hw_devices xc7a100t_0]
program_hw_devices [get_hw_devices xc7a100t_0]
INFO: [Labtools 27-3164] End of startup status: HIGH
refresh_hw_device [lindex [get_hw_devices xc7a100t_0] 0]
INFO: [Labtools 27-1434] Device xc7a100t (JTAG device index = 0) is programmed with a design that has no supported debug core(s) in it.
WARNING: [Labtools 27-3361] The debug hub core was not detected.
Resolution: 
1. Make sure the clock connected to the debug hub (dbg_hub) core is a free running clock and is active.
2. Make sure the BSCAN_SWITCH_USER_MASK device property in Vivado Hardware Manager reflects the user scan chain setting in the design and refresh the device.  To determine the user scan chain setting in the design, open the implemented design and use 'get_property C_USER_SCAN_CHAIN [get_debug_cores dbg_hub]'.
For more details on setting the scan chain property, consult the Vivado Debug and Programming User Guide (UG908).
reset_run synth_1
launch_runs synth_1 -jobs 4
[Wed Oct 17 17:08:38 2018] Launched synth_1...
Run output will be captured here: C:/Users/SET253-17U.HCCMAIN/Desktop/vivado/simpleRing/simpleRing.runs/synth_1/runme.log
launch_runs impl_1 -jobs 4
[Wed Oct 17 17:09:21 2018] Launched impl_1...
Run output will be captured here: C:/Users/SET253-17U.HCCMAIN/Desktop/vivado/simpleRing/simpleRing.runs/impl_1/runme.log
launch_runs impl_1 -to_step write_bitstream -jobs 4
[Wed Oct 17 17:10:48 2018] Launched impl_1...
Run output will be captured here: C:/Users/SET253-17U.HCCMAIN/Desktop/vivado/simpleRing/simpleRing.runs/impl_1/runme.log
set_property PROBES.FILE {} [get_hw_devices xc7a100t_0]
set_property FULL_PROBES.FILE {} [get_hw_devices xc7a100t_0]
set_property PROGRAM.FILE {C:/Users/SET253-17U.HCCMAIN/Desktop/vivado/simpleRing/simpleRing.runs/impl_1/simpleRing.bit} [get_hw_devices xc7a100t_0]
program_hw_devices [get_hw_devices xc7a100t_0]
INFO: [Labtools 27-3164] End of startup status: HIGH
refresh_hw_device [lindex [get_hw_devices xc7a100t_0] 0]
INFO: [Labtools 27-1434] Device xc7a100t (JTAG device index = 0) is programmed with a design that has no supported debug core(s) in it.
WARNING: [Labtools 27-3361] The debug hub core was not detected.
Resolution: 
1. Make sure the clock connected to the debug hub (dbg_hub) core is a free running clock and is active.
2. Make sure the BSCAN_SWITCH_USER_MASK device property in Vivado Hardware Manager reflects the user scan chain setting in the design and refresh the device.  To determine the user scan chain setting in the design, open the implemented design and use 'get_property C_USER_SCAN_CHAIN [get_debug_cores dbg_hub]'.
For more details on setting the scan chain property, consult the Vivado Debug and Programming User Guide (UG908).
reset_run synth_1
launch_runs synth_1 -jobs 4
[Wed Oct 17 17:12:56 2018] Launched synth_1...
Run output will be captured here: C:/Users/SET253-17U.HCCMAIN/Desktop/vivado/simpleRing/simpleRing.runs/synth_1/runme.log
launch_runs impl_1 -jobs 4
[Wed Oct 17 17:13:54 2018] Launched impl_1...
Run output will be captured here: C:/Users/SET253-17U.HCCMAIN/Desktop/vivado/simpleRing/simpleRing.runs/impl_1/runme.log
launch_runs impl_1 -to_step write_bitstream -jobs 4
[Wed Oct 17 17:15:22 2018] Launched impl_1...
Run output will be captured here: C:/Users/SET253-17U.HCCMAIN/Desktop/vivado/simpleRing/simpleRing.runs/impl_1/runme.log
set_property PROBES.FILE {} [get_hw_devices xc7a100t_0]
set_property FULL_PROBES.FILE {} [get_hw_devices xc7a100t_0]
set_property PROGRAM.FILE {C:/Users/SET253-17U.HCCMAIN/Desktop/vivado/simpleRing/simpleRing.runs/impl_1/simpleRing.bit} [get_hw_devices xc7a100t_0]
program_hw_devices [get_hw_devices xc7a100t_0]
INFO: [Labtools 27-3164] End of startup status: HIGH
refresh_hw_device [lindex [get_hw_devices xc7a100t_0] 0]
INFO: [Labtools 27-1434] Device xc7a100t (JTAG device index = 0) is programmed with a design that has no supported debug core(s) in it.
WARNING: [Labtools 27-3361] The debug hub core was not detected.
Resolution: 
1. Make sure the clock connected to the debug hub (dbg_hub) core is a free running clock and is active.
2. Make sure the BSCAN_SWITCH_USER_MASK device property in Vivado Hardware Manager reflects the user scan chain setting in the design and refresh the device.  To determine the user scan chain setting in the design, open the implemented design and use 'get_property C_USER_SCAN_CHAIN [get_debug_cores dbg_hub]'.
For more details on setting the scan chain property, consult the Vivado Debug and Programming User Guide (UG908).
close_hw
close_project
exit
INFO: [Common 17-206] Exiting Vivado at Wed Oct 17 17:18:06 2018...
