#-----------------------------------------------------------
# Vivado v2018.3 (64-bit)
# SW Build 2405991 on Thu Dec  6 23:38:27 MST 2018
# IP Build 2404404 on Fri Dec  7 01:43:56 MST 2018
# Start of session at: Wed Jan 23 09:34:28 2019
# Process ID: 10252
# Current directory: C:/Users/FoersterGame/Documents/GitHub/ENES246/-5MuxOfMux/mux7_7
# Command line: vivado.exe -gui_launcher_event rodinguilauncherevent11840 C:\Users\FoersterGame\Documents\GitHub\ENES246\-5MuxOfMux\mux7_7\mux7_7.xpr
# Log file: C:/Users/FoersterGame/Documents/GitHub/ENES246/-5MuxOfMux/mux7_7/vivado.log
# Journal file: C:/Users/FoersterGame/Documents/GitHub/ENES246/-5MuxOfMux/mux7_7\vivado.jou
#-----------------------------------------------------------
start_gui
open_project C:/Users/FoersterGame/Documents/GitHub/ENES246/-5MuxOfMux/mux7_7/mux7_7.xpr
INFO: [Project 1-313] Project file moved from 'C:/Users/Scott Foerster/Documents/GitHub/ENES246/-5MuxOfMux/mux7_7' since last save.
Scanning sources...
Finished scanning sources
WARNING: [filemgmt 56-2] IPUserFilesDir: Could not find the directory 'C:/Users/FoersterGame/Documents/GitHub/ENES246/-5MuxOfMux/mux7_7/mux7_7.ip_user_files', nor could it be found using path 'C:/Users/Scott Foerster/Documents/GitHub/ENES246/-5MuxOfMux/mux7_7/mux7_7.ip_user_files'.
CRITICAL WARNING: [Board 49-67] The board_part definition was not found for digilentinc.com:nexys4_ddr:part0:1.1. This can happen sometimes when you use custom board part. You can resolve this issue by setting 'board.repoPaths' parameter, pointing to the location of custom board files. Valid board_part values can be retrieved with the 'get_board_parts' Tcl command.
INFO: [IP_Flow 19-234] Refreshing IP repositories
INFO: [IP_Flow 19-1704] No user IP repositories specified
INFO: [IP_Flow 19-2313] Loaded Vivado IP repository 'C:/Xilinx/Vivado/2018.3/data/ip'.
update_compile_order -fileset sources_1
exit
INFO: [Common 17-206] Exiting Vivado at Wed Jan 23 09:36:50 2019...
