
*** Running vivado
    with args -log comboLockDone.vds -m64 -product Vivado -mode batch -messageDb vivado.pb -notrace -source comboLockDone.tcl


****** Vivado v2018.3 (64-bit)
  **** SW Build 2405991 on Thu Dec  6 23:38:27 MST 2018
  **** IP Build 2404404 on Fri Dec  7 01:43:56 MST 2018
    ** Copyright 1986-2018 Xilinx, Inc. All Rights Reserved.

source comboLockDone.tcl -notrace
Command: synth_design -top comboLockDone -part xc7a100tcsg324-1
Starting synth_design
Attempting to get a license for feature 'Synthesis' and/or device 'xc7a100t'
INFO: [Common 17-349] Got license for feature 'Synthesis' and/or device 'xc7a100t'
INFO: Launching helper process for spawning children vivado processes
INFO: Helper process launched with PID 8832 
---------------------------------------------------------------------------------
Starting RTL Elaboration : Time (s): cpu = 00:00:02 ; elapsed = 00:00:02 . Memory (MB): peak = 348.730 ; gain = 96.133
---------------------------------------------------------------------------------
INFO: [Synth 8-6157] synthesizing module 'comboLockDone' [C:/Users/FoersterGame/Documents/GitHub/ENES246/10Latches/7_ComboLock_Verilog/ComboLockDone/ComboLockDone.srcs/sources_1/new/comboLockDone.sv:2]
INFO: [Synth 8-6155] done synthesizing module 'comboLockDone' (1#1) [C:/Users/FoersterGame/Documents/GitHub/ENES246/10Latches/7_ComboLock_Verilog/ComboLockDone/ComboLockDone.srcs/sources_1/new/comboLockDone.sv:2]
---------------------------------------------------------------------------------
Finished RTL Elaboration : Time (s): cpu = 00:00:02 ; elapsed = 00:00:02 . Memory (MB): peak = 404.566 ; gain = 151.969
---------------------------------------------------------------------------------

Report Check Netlist: 
+------+------------------+-------+---------+-------+------------------+
|      |Item              |Errors |Warnings |Status |Description       |
+------+------------------+-------+---------+-------+------------------+
|1     |multi_driven_nets |      0|        0|Passed |Multi driven nets |
+------+------------------+-------+---------+-------+------------------+
---------------------------------------------------------------------------------
Start Handling Custom Attributes
---------------------------------------------------------------------------------
---------------------------------------------------------------------------------
Finished Handling Custom Attributes : Time (s): cpu = 00:00:02 ; elapsed = 00:00:02 . Memory (MB): peak = 404.566 ; gain = 151.969
---------------------------------------------------------------------------------
---------------------------------------------------------------------------------
Finished RTL Optimization Phase 1 : Time (s): cpu = 00:00:02 ; elapsed = 00:00:02 . Memory (MB): peak = 404.566 ; gain = 151.969
---------------------------------------------------------------------------------
INFO: [Device 21-403] Loading part xc7a100tcsg324-1
INFO: [Project 1-570] Preparing netlist for logic optimization

Processing XDC Constraints
Initializing timing engine
Parsing XDC File [C:/Users/FoersterGame/Documents/GitHub/ENES246/10Latches/7_ComboLock_Verilog/ComboLockDone/ComboLockDone.srcs/constrs_1/imports/ENES246/Nexys4DDR_Master.xdc]
WARNING: [Vivado 12-507] No nets matched 'y1'. [C:/Users/FoersterGame/Documents/GitHub/ENES246/10Latches/7_ComboLock_Verilog/ComboLockDone/ComboLockDone.srcs/constrs_1/imports/ENES246/Nexys4DDR_Master.xdc:17]
CRITICAL WARNING: [Common 17-55] 'set_property' expects at least one object. [C:/Users/FoersterGame/Documents/GitHub/ENES246/10Latches/7_ComboLock_Verilog/ComboLockDone/ComboLockDone.srcs/constrs_1/imports/ENES246/Nexys4DDR_Master.xdc:17]
Resolution: If [get_<value>] was used to populate the object, check to make sure this command returns at least one valid object.
WARNING: [Vivado 12-507] No nets matched 'y2'. [C:/Users/FoersterGame/Documents/GitHub/ENES246/10Latches/7_ComboLock_Verilog/ComboLockDone/ComboLockDone.srcs/constrs_1/imports/ENES246/Nexys4DDR_Master.xdc:23]
CRITICAL WARNING: [Common 17-55] 'set_property' expects at least one object. [C:/Users/FoersterGame/Documents/GitHub/ENES246/10Latches/7_ComboLock_Verilog/ComboLockDone/ComboLockDone.srcs/constrs_1/imports/ENES246/Nexys4DDR_Master.xdc:23]
Resolution: If [get_<value>] was used to populate the object, check to make sure this command returns at least one valid object.
WARNING: [Vivado 12-507] No nets matched 'y3'. [C:/Users/FoersterGame/Documents/GitHub/ENES246/10Latches/7_ComboLock_Verilog/ComboLockDone/ComboLockDone.srcs/constrs_1/imports/ENES246/Nexys4DDR_Master.xdc:31]
CRITICAL WARNING: [Common 17-55] 'set_property' expects at least one object. [C:/Users/FoersterGame/Documents/GitHub/ENES246/10Latches/7_ComboLock_Verilog/ComboLockDone/ComboLockDone.srcs/constrs_1/imports/ENES246/Nexys4DDR_Master.xdc:31]
Resolution: If [get_<value>] was used to populate the object, check to make sure this command returns at least one valid object.
WARNING: [Vivado 12-507] No nets matched 'y5'. [C:/Users/FoersterGame/Documents/GitHub/ENES246/10Latches/7_ComboLock_Verilog/ComboLockDone/ComboLockDone.srcs/constrs_1/imports/ENES246/Nexys4DDR_Master.xdc:40]
CRITICAL WARNING: [Common 17-55] 'set_property' expects at least one object. [C:/Users/FoersterGame/Documents/GitHub/ENES246/10Latches/7_ComboLock_Verilog/ComboLockDone/ComboLockDone.srcs/constrs_1/imports/ENES246/Nexys4DDR_Master.xdc:40]
Resolution: If [get_<value>] was used to populate the object, check to make sure this command returns at least one valid object.
WARNING: [Vivado 12-507] No nets matched 'Y33_i_n_0'. [C:/Users/FoersterGame/Documents/GitHub/ENES246/10Latches/7_ComboLock_Verilog/ComboLockDone/ComboLockDone.srcs/constrs_1/imports/ENES246/Nexys4DDR_Master.xdc:51]
CRITICAL WARNING: [Common 17-55] 'set_property' expects at least one object. [C:/Users/FoersterGame/Documents/GitHub/ENES246/10Latches/7_ComboLock_Verilog/ComboLockDone/ComboLockDone.srcs/constrs_1/imports/ENES246/Nexys4DDR_Master.xdc:51]
Resolution: If [get_<value>] was used to populate the object, check to make sure this command returns at least one valid object.
WARNING: [Vivado 12-507] No nets matched 'S_OBUF'. [C:/Users/FoersterGame/Documents/GitHub/ENES246/10Latches/7_ComboLock_Verilog/ComboLockDone/ComboLockDone.srcs/constrs_1/imports/ENES246/Nexys4DDR_Master.xdc:68]
CRITICAL WARNING: [Common 17-55] 'set_property' expects at least one object. [C:/Users/FoersterGame/Documents/GitHub/ENES246/10Latches/7_ComboLock_Verilog/ComboLockDone/ComboLockDone.srcs/constrs_1/imports/ENES246/Nexys4DDR_Master.xdc:68]
Resolution: If [get_<value>] was used to populate the object, check to make sure this command returns at least one valid object.
WARNING: [Vivado 12-507] No nets matched 'y1'. [C:/Users/FoersterGame/Documents/GitHub/ENES246/10Latches/7_ComboLock_Verilog/ComboLockDone/ComboLockDone.srcs/constrs_1/imports/ENES246/Nexys4DDR_Master.xdc:69]
CRITICAL WARNING: [Common 17-55] 'set_property' expects at least one object. [C:/Users/FoersterGame/Documents/GitHub/ENES246/10Latches/7_ComboLock_Verilog/ComboLockDone/ComboLockDone.srcs/constrs_1/imports/ENES246/Nexys4DDR_Master.xdc:69]
Resolution: If [get_<value>] was used to populate the object, check to make sure this command returns at least one valid object.
WARNING: [Vivado 12-507] No nets matched 'y2'. [C:/Users/FoersterGame/Documents/GitHub/ENES246/10Latches/7_ComboLock_Verilog/ComboLockDone/ComboLockDone.srcs/constrs_1/imports/ENES246/Nexys4DDR_Master.xdc:70]
CRITICAL WARNING: [Common 17-55] 'set_property' expects at least one object. [C:/Users/FoersterGame/Documents/GitHub/ENES246/10Latches/7_ComboLock_Verilog/ComboLockDone/ComboLockDone.srcs/constrs_1/imports/ENES246/Nexys4DDR_Master.xdc:70]
Resolution: If [get_<value>] was used to populate the object, check to make sure this command returns at least one valid object.
WARNING: [Vivado 12-507] No nets matched 'y3'. [C:/Users/FoersterGame/Documents/GitHub/ENES246/10Latches/7_ComboLock_Verilog/ComboLockDone/ComboLockDone.srcs/constrs_1/imports/ENES246/Nexys4DDR_Master.xdc:71]
CRITICAL WARNING: [Common 17-55] 'set_property' expects at least one object. [C:/Users/FoersterGame/Documents/GitHub/ENES246/10Latches/7_ComboLock_Verilog/ComboLockDone/ComboLockDone.srcs/constrs_1/imports/ENES246/Nexys4DDR_Master.xdc:71]
Resolution: If [get_<value>] was used to populate the object, check to make sure this command returns at least one valid object.
WARNING: [Vivado 12-507] No nets matched 'y4'. [C:/Users/FoersterGame/Documents/GitHub/ENES246/10Latches/7_ComboLock_Verilog/ComboLockDone/ComboLockDone.srcs/constrs_1/imports/ENES246/Nexys4DDR_Master.xdc:72]
CRITICAL WARNING: [Common 17-55] 'set_property' expects at least one object. [C:/Users/FoersterGame/Documents/GitHub/ENES246/10Latches/7_ComboLock_Verilog/ComboLockDone/ComboLockDone.srcs/constrs_1/imports/ENES246/Nexys4DDR_Master.xdc:72]
Resolution: If [get_<value>] was used to populate the object, check to make sure this command returns at least one valid object.
WARNING: [Vivado 12-507] No nets matched 'y5'. [C:/Users/FoersterGame/Documents/GitHub/ENES246/10Latches/7_ComboLock_Verilog/ComboLockDone/ComboLockDone.srcs/constrs_1/imports/ENES246/Nexys4DDR_Master.xdc:73]
CRITICAL WARNING: [Common 17-55] 'set_property' expects at least one object. [C:/Users/FoersterGame/Documents/GitHub/ENES246/10Latches/7_ComboLock_Verilog/ComboLockDone/ComboLockDone.srcs/constrs_1/imports/ENES246/Nexys4DDR_Master.xdc:73]
Resolution: If [get_<value>] was used to populate the object, check to make sure this command returns at least one valid object.
WARNING: [Vivado 12-584] No ports matched 's[0]]'. [C:/Users/FoersterGame/Documents/GitHub/ENES246/10Latches/7_ComboLock_Verilog/ComboLockDone/ComboLockDone.srcs/constrs_1/imports/ENES246/Nexys4DDR_Master.xdc:102]
CRITICAL WARNING: [Common 17-55] 'set_property' expects at least one object. [C:/Users/FoersterGame/Documents/GitHub/ENES246/10Latches/7_ComboLock_Verilog/ComboLockDone/ComboLockDone.srcs/constrs_1/imports/ENES246/Nexys4DDR_Master.xdc:102]
Resolution: If [get_<value>] was used to populate the object, check to make sure this command returns at least one valid object.
Finished Parsing XDC File [C:/Users/FoersterGame/Documents/GitHub/ENES246/10Latches/7_ComboLock_Verilog/ComboLockDone/ComboLockDone.srcs/constrs_1/imports/ENES246/Nexys4DDR_Master.xdc]
INFO: [Project 1-236] Implementation specific constraints were found while reading constraint file [C:/Users/FoersterGame/Documents/GitHub/ENES246/10Latches/7_ComboLock_Verilog/ComboLockDone/ComboLockDone.srcs/constrs_1/imports/ENES246/Nexys4DDR_Master.xdc]. These constraints will be ignored for synthesis but will be used in implementation. Impacted constraints are listed in the file [.Xil/comboLockDone_propImpl.xdc].
Resolution: To avoid this warning, move constraints listed in [.Xil/comboLockDone_propImpl.xdc] to another XDC file and exclude this new file from synthesis with the used_in_synthesis property (File Properties dialog in GUI) and re-run elaboration/synthesis.
Netlist sorting complete. Time (s): cpu = 00:00:00 ; elapsed = 00:00:00 . Memory (MB): peak = 716.402 ; gain = 0.000
Completed Processing XDC Constraints

Netlist sorting complete. Time (s): cpu = 00:00:00 ; elapsed = 00:00:00 . Memory (MB): peak = 716.402 ; gain = 0.000
INFO: [Project 1-111] Unisim Transformation Summary:
No Unisim elements were transformed.

Netlist sorting complete. Time (s): cpu = 00:00:00 ; elapsed = 00:00:00 . Memory (MB): peak = 716.402 ; gain = 0.000
Constraint Validation Runtime : Time (s): cpu = 00:00:00 ; elapsed = 00:00:00.005 . Memory (MB): peak = 716.402 ; gain = 0.000
---------------------------------------------------------------------------------
Finished Constraint Validation : Time (s): cpu = 00:00:08 ; elapsed = 00:00:08 . Memory (MB): peak = 716.402 ; gain = 463.805
---------------------------------------------------------------------------------
---------------------------------------------------------------------------------
Start Loading Part and Timing Information
---------------------------------------------------------------------------------
Loading part: xc7a100tcsg324-1
---------------------------------------------------------------------------------
Finished Loading Part and Timing Information : Time (s): cpu = 00:00:08 ; elapsed = 00:00:08 . Memory (MB): peak = 716.402 ; gain = 463.805
---------------------------------------------------------------------------------
---------------------------------------------------------------------------------
Start Applying 'set_property' XDC Constraints
---------------------------------------------------------------------------------
Applied set_property DONT_TOUCH = true for S. (constraint file  C:/Users/FoersterGame/Documents/GitHub/ENES246/10Latches/7_ComboLock_Verilog/ComboLockDone/ComboLockDone.srcs/constrs_1/imports/ENES246/Nexys4DDR_Master.xdc, line 13).
Applied set_property DONT_TOUCH = true for s1_2xAND. (constraint file  C:/Users/FoersterGame/Documents/GitHub/ENES246/10Latches/7_ComboLock_Verilog/ComboLockDone/ComboLockDone.srcs/constrs_1/imports/ENES246/Nexys4DDR_Master.xdc, line 14).
Applied set_property DONT_TOUCH = true for s2_2xAND. (constraint file  C:/Users/FoersterGame/Documents/GitHub/ENES246/10Latches/7_ComboLock_Verilog/ComboLockDone/ComboLockDone.srcs/constrs_1/imports/ENES246/Nexys4DDR_Master.xdc, line 15).
Applied set_property DONT_TOUCH = true for Y1. (constraint file  C:/Users/FoersterGame/Documents/GitHub/ENES246/10Latches/7_ComboLock_Verilog/ComboLockDone/ComboLockDone.srcs/constrs_1/imports/ENES246/Nexys4DDR_Master.xdc, line 16).
Applied set_property DONT_TOUCH = true for Y1_2xANDa. (constraint file  C:/Users/FoersterGame/Documents/GitHub/ENES246/10Latches/7_ComboLock_Verilog/ComboLockDone/ComboLockDone.srcs/constrs_1/imports/ENES246/Nexys4DDR_Master.xdc, line 18).
Applied set_property DONT_TOUCH = true for Y1_2xANDb. (constraint file  C:/Users/FoersterGame/Documents/GitHub/ENES246/10Latches/7_ComboLock_Verilog/ComboLockDone/ComboLockDone.srcs/constrs_1/imports/ENES246/Nexys4DDR_Master.xdc, line 19).
Applied set_property DONT_TOUCH = true for Y1_4xAND. (constraint file  C:/Users/FoersterGame/Documents/GitHub/ENES246/10Latches/7_ComboLock_Verilog/ComboLockDone/ComboLockDone.srcs/constrs_1/imports/ENES246/Nexys4DDR_Master.xdc, line 20).
Applied set_property DONT_TOUCH = true for Y1_4xAND0. (constraint file  C:/Users/FoersterGame/Documents/GitHub/ENES246/10Latches/7_ComboLock_Verilog/ComboLockDone/ComboLockDone.srcs/constrs_1/imports/ENES246/Nexys4DDR_Master.xdc, line 21).
Applied set_property DONT_TOUCH = true for Y2. (constraint file  C:/Users/FoersterGame/Documents/GitHub/ENES246/10Latches/7_ComboLock_Verilog/ComboLockDone/ComboLockDone.srcs/constrs_1/imports/ENES246/Nexys4DDR_Master.xdc, line 22).
Applied set_property DONT_TOUCH = true for Y2_3xANDa. (constraint file  C:/Users/FoersterGame/Documents/GitHub/ENES246/10Latches/7_ComboLock_Verilog/ComboLockDone/ComboLockDone.srcs/constrs_1/imports/ENES246/Nexys4DDR_Master.xdc, line 24).
Applied set_property DONT_TOUCH = true for Y2_3xANDa0. (constraint file  C:/Users/FoersterGame/Documents/GitHub/ENES246/10Latches/7_ComboLock_Verilog/ComboLockDone/ComboLockDone.srcs/constrs_1/imports/ENES246/Nexys4DDR_Master.xdc, line 25).
Applied set_property DONT_TOUCH = true for Y2_3xANDb. (constraint file  C:/Users/FoersterGame/Documents/GitHub/ENES246/10Latches/7_ComboLock_Verilog/ComboLockDone/ComboLockDone.srcs/constrs_1/imports/ENES246/Nexys4DDR_Master.xdc, line 26).
Applied set_property DONT_TOUCH = true for Y2_3xANDb0. (constraint file  C:/Users/FoersterGame/Documents/GitHub/ENES246/10Latches/7_ComboLock_Verilog/ComboLockDone/ComboLockDone.srcs/constrs_1/imports/ENES246/Nexys4DDR_Master.xdc, line 27).
Applied set_property DONT_TOUCH = true for Y2_3xANDc. (constraint file  C:/Users/FoersterGame/Documents/GitHub/ENES246/10Latches/7_ComboLock_Verilog/ComboLockDone/ComboLockDone.srcs/constrs_1/imports/ENES246/Nexys4DDR_Master.xdc, line 28).
Applied set_property DONT_TOUCH = true for Y2_3xANDc0. (constraint file  C:/Users/FoersterGame/Documents/GitHub/ENES246/10Latches/7_ComboLock_Verilog/ComboLockDone/ComboLockDone.srcs/constrs_1/imports/ENES246/Nexys4DDR_Master.xdc, line 29).
Applied set_property DONT_TOUCH = true for Y3. (constraint file  C:/Users/FoersterGame/Documents/GitHub/ENES246/10Latches/7_ComboLock_Verilog/ComboLockDone/ComboLockDone.srcs/constrs_1/imports/ENES246/Nexys4DDR_Master.xdc, line 30).
Applied set_property DONT_TOUCH = true for Y3_2xAND. (constraint file  C:/Users/FoersterGame/Documents/GitHub/ENES246/10Latches/7_ComboLock_Verilog/ComboLockDone/ComboLockDone.srcs/constrs_1/imports/ENES246/Nexys4DDR_Master.xdc, line 32).
Applied set_property DONT_TOUCH = true for Y4_2xANDa. (constraint file  C:/Users/FoersterGame/Documents/GitHub/ENES246/10Latches/7_ComboLock_Verilog/ComboLockDone/ComboLockDone.srcs/constrs_1/imports/ENES246/Nexys4DDR_Master.xdc, line 33).
Applied set_property DONT_TOUCH = true for Y4_4xANDa. (constraint file  C:/Users/FoersterGame/Documents/GitHub/ENES246/10Latches/7_ComboLock_Verilog/ComboLockDone/ComboLockDone.srcs/constrs_1/imports/ENES246/Nexys4DDR_Master.xdc, line 34).
Applied set_property DONT_TOUCH = true for Y4_4xANDa0. (constraint file  C:/Users/FoersterGame/Documents/GitHub/ENES246/10Latches/7_ComboLock_Verilog/ComboLockDone/ComboLockDone.srcs/constrs_1/imports/ENES246/Nexys4DDR_Master.xdc, line 35).
Applied set_property DONT_TOUCH = true for Y4_4xANDb. (constraint file  C:/Users/FoersterGame/Documents/GitHub/ENES246/10Latches/7_ComboLock_Verilog/ComboLockDone/ComboLockDone.srcs/constrs_1/imports/ENES246/Nexys4DDR_Master.xdc, line 36).
Applied set_property DONT_TOUCH = true for Y4_4xANDb0. (constraint file  C:/Users/FoersterGame/Documents/GitHub/ENES246/10Latches/7_ComboLock_Verilog/ComboLockDone/ComboLockDone.srcs/constrs_1/imports/ENES246/Nexys4DDR_Master.xdc, line 37).
Applied set_property DONT_TOUCH = true for Y4_4xANDb1. (constraint file  C:/Users/FoersterGame/Documents/GitHub/ENES246/10Latches/7_ComboLock_Verilog/ComboLockDone/ComboLockDone.srcs/constrs_1/imports/ENES246/Nexys4DDR_Master.xdc, line 38).
Applied set_property DONT_TOUCH = true for Y5. (constraint file  C:/Users/FoersterGame/Documents/GitHub/ENES246/10Latches/7_ComboLock_Verilog/ComboLockDone/ComboLockDone.srcs/constrs_1/imports/ENES246/Nexys4DDR_Master.xdc, line 39).
Applied set_property DONT_TOUCH = true for Y5_2xANDa. (constraint file  C:/Users/FoersterGame/Documents/GitHub/ENES246/10Latches/7_ComboLock_Verilog/ComboLockDone/ComboLockDone.srcs/constrs_1/imports/ENES246/Nexys4DDR_Master.xdc, line 41).
Applied set_property DONT_TOUCH = true for Y5_2xANDb. (constraint file  C:/Users/FoersterGame/Documents/GitHub/ENES246/10Latches/7_ComboLock_Verilog/ComboLockDone/ComboLockDone.srcs/constrs_1/imports/ENES246/Nexys4DDR_Master.xdc, line 43).
Applied set_property DONT_TOUCH = true for Y5_2xANDd. (constraint file  C:/Users/FoersterGame/Documents/GitHub/ENES246/10Latches/7_ComboLock_Verilog/ComboLockDone/ComboLockDone.srcs/constrs_1/imports/ENES246/Nexys4DDR_Master.xdc, line 44).
Applied set_property DONT_TOUCH = true for Y5_2xANDe. (constraint file  C:/Users/FoersterGame/Documents/GitHub/ENES246/10Latches/7_ComboLock_Verilog/ComboLockDone/ComboLockDone.srcs/constrs_1/imports/ENES246/Nexys4DDR_Master.xdc, line 45).
Applied set_property DONT_TOUCH = true for Y10. (constraint file  C:/Users/FoersterGame/Documents/GitHub/ENES246/10Latches/7_ComboLock_Verilog/ComboLockDone/ComboLockDone.srcs/constrs_1/imports/ENES246/Nexys4DDR_Master.xdc, line 46).
Applied set_property DONT_TOUCH = true for Y20. (constraint file  C:/Users/FoersterGame/Documents/GitHub/ENES246/10Latches/7_ComboLock_Verilog/ComboLockDone/ComboLockDone.srcs/constrs_1/imports/ENES246/Nexys4DDR_Master.xdc, line 47).
Applied set_property DONT_TOUCH = true for Y30. (constraint file  C:/Users/FoersterGame/Documents/GitHub/ENES246/10Latches/7_ComboLock_Verilog/ComboLockDone/ComboLockDone.srcs/constrs_1/imports/ENES246/Nexys4DDR_Master.xdc, line 48).
Applied set_property DONT_TOUCH = true for Y31. (constraint file  C:/Users/FoersterGame/Documents/GitHub/ENES246/10Latches/7_ComboLock_Verilog/ComboLockDone/ComboLockDone.srcs/constrs_1/imports/ENES246/Nexys4DDR_Master.xdc, line 49).
Applied set_property DONT_TOUCH = true for Y32. (constraint file  C:/Users/FoersterGame/Documents/GitHub/ENES246/10Latches/7_ComboLock_Verilog/ComboLockDone/ComboLockDone.srcs/constrs_1/imports/ENES246/Nexys4DDR_Master.xdc, line 50).
Applied set_property DONT_TOUCH = true for Y40. (constraint file  C:/Users/FoersterGame/Documents/GitHub/ENES246/10Latches/7_ComboLock_Verilog/ComboLockDone/ComboLockDone.srcs/constrs_1/imports/ENES246/Nexys4DDR_Master.xdc, line 52).
Applied set_property DONT_TOUCH = true for Y41. (constraint file  C:/Users/FoersterGame/Documents/GitHub/ENES246/10Latches/7_ComboLock_Verilog/ComboLockDone/ComboLockDone.srcs/constrs_1/imports/ENES246/Nexys4DDR_Master.xdc, line 53).
Applied set_property DONT_TOUCH = true for Y50. (constraint file  C:/Users/FoersterGame/Documents/GitHub/ENES246/10Latches/7_ComboLock_Verilog/ComboLockDone/ComboLockDone.srcs/constrs_1/imports/ENES246/Nexys4DDR_Master.xdc, line 54).
Applied set_property DONT_TOUCH = true for Y51. (constraint file  C:/Users/FoersterGame/Documents/GitHub/ENES246/10Latches/7_ComboLock_Verilog/ComboLockDone/ComboLockDone.srcs/constrs_1/imports/ENES246/Nexys4DDR_Master.xdc, line 55).
Applied set_property DONT_TOUCH = true for Y52. (constraint file  C:/Users/FoersterGame/Documents/GitHub/ENES246/10Latches/7_ComboLock_Verilog/ComboLockDone/ComboLockDone.srcs/constrs_1/imports/ENES246/Nexys4DDR_Master.xdc, line 56).
Applied set_property DONT_TOUCH = true for s[0]. (constraint file  C:/Users/FoersterGame/Documents/GitHub/ENES246/10Latches/7_ComboLock_Verilog/ComboLockDone/ComboLockDone.srcs/constrs_1/imports/ENES246/Nexys4DDR_Master.xdc, line 57).
Applied set_property DONT_TOUCH = true for s[1]. (constraint file  C:/Users/FoersterGame/Documents/GitHub/ENES246/10Latches/7_ComboLock_Verilog/ComboLockDone/ComboLockDone.srcs/constrs_1/imports/ENES246/Nexys4DDR_Master.xdc, line 58).
WARNING: set_property DONT_TOUCH could not find object (constraint file  C:/Users/FoersterGame/Documents/GitHub/ENES246/10Latches/7_ComboLock_Verilog/ComboLockDone/ComboLockDone.srcs/constrs_1/imports/ENES246/Nexys4DDR_Master.xdc, line 59).
WARNING: set_property DONT_TOUCH could not find object (constraint file  C:/Users/FoersterGame/Documents/GitHub/ENES246/10Latches/7_ComboLock_Verilog/ComboLockDone/ComboLockDone.srcs/constrs_1/imports/ENES246/Nexys4DDR_Master.xdc, line 60).
Applied set_property DONT_TOUCH = true for p_0_in. (constraint file  C:/Users/FoersterGame/Documents/GitHub/ENES246/10Latches/7_ComboLock_Verilog/ComboLockDone/ComboLockDone.srcs/constrs_1/imports/ENES246/Nexys4DDR_Master.xdc, line 61).
Applied set_property DONT_TOUCH = true for result[0]. (constraint file  C:/Users/FoersterGame/Documents/GitHub/ENES246/10Latches/7_ComboLock_Verilog/ComboLockDone/ComboLockDone.srcs/constrs_1/imports/ENES246/Nexys4DDR_Master.xdc, line 62).
---------------------------------------------------------------------------------
Finished applying 'set_property' XDC Constraints : Time (s): cpu = 00:00:08 ; elapsed = 00:00:08 . Memory (MB): peak = 716.402 ; gain = 463.805
---------------------------------------------------------------------------------
---------------------------------------------------------------------------------
Finished RTL Optimization Phase 2 : Time (s): cpu = 00:00:08 ; elapsed = 00:00:08 . Memory (MB): peak = 716.402 ; gain = 463.805
---------------------------------------------------------------------------------

Report RTL Partitions: 
+-+--------------+------------+----------+
| |RTL Partition |Replication |Instances |
+-+--------------+------------+----------+
+-+--------------+------------+----------+
---------------------------------------------------------------------------------
Start RTL Component Statistics 
---------------------------------------------------------------------------------
Detailed RTL Component Info : 
+---XORs : 
	   2 Input      4 Bit         XORs := 1     
---------------------------------------------------------------------------------
Finished RTL Component Statistics 
---------------------------------------------------------------------------------
---------------------------------------------------------------------------------
Start RTL Hierarchical Component Statistics 
---------------------------------------------------------------------------------
Hierarchical RTL Component report 
Module comboLockDone 
Detailed RTL Component Info : 
+---XORs : 
	   2 Input      4 Bit         XORs := 1     
---------------------------------------------------------------------------------
Finished RTL Hierarchical Component Statistics
---------------------------------------------------------------------------------
---------------------------------------------------------------------------------
Start Part Resource Summary
---------------------------------------------------------------------------------
Part Resources:
DSPs: 240 (col length:80)
BRAMs: 270 (col length: RAMB18 80 RAMB36 40)
---------------------------------------------------------------------------------
Finished Part Resource Summary
---------------------------------------------------------------------------------
---------------------------------------------------------------------------------
Start Cross Boundary and Area Optimization
---------------------------------------------------------------------------------
Warning: Parallel synthesis criteria is not met 
---------------------------------------------------------------------------------
Finished Cross Boundary and Area Optimization : Time (s): cpu = 00:00:09 ; elapsed = 00:00:09 . Memory (MB): peak = 716.402 ; gain = 463.805
---------------------------------------------------------------------------------

Report RTL Partitions: 
+-+--------------+------------+----------+
| |RTL Partition |Replication |Instances |
+-+--------------+------------+----------+
+-+--------------+------------+----------+
---------------------------------------------------------------------------------
Start Applying XDC Timing Constraints
---------------------------------------------------------------------------------
---------------------------------------------------------------------------------
Finished Applying XDC Timing Constraints : Time (s): cpu = 00:00:14 ; elapsed = 00:00:14 . Memory (MB): peak = 743.633 ; gain = 491.035
---------------------------------------------------------------------------------
---------------------------------------------------------------------------------
Start Timing Optimization
---------------------------------------------------------------------------------
---------------------------------------------------------------------------------
Finished Timing Optimization : Time (s): cpu = 00:00:14 ; elapsed = 00:00:14 . Memory (MB): peak = 743.707 ; gain = 491.109
---------------------------------------------------------------------------------

Report RTL Partitions: 
+-+--------------+------------+----------+
| |RTL Partition |Replication |Instances |
+-+--------------+------------+----------+
+-+--------------+------------+----------+
---------------------------------------------------------------------------------
Start Technology Mapping
---------------------------------------------------------------------------------
---------------------------------------------------------------------------------
Finished Technology Mapping : Time (s): cpu = 00:00:14 ; elapsed = 00:00:14 . Memory (MB): peak = 753.234 ; gain = 500.637
---------------------------------------------------------------------------------

Report RTL Partitions: 
+-+--------------+------------+----------+
| |RTL Partition |Replication |Instances |
+-+--------------+------------+----------+
+-+--------------+------------+----------+
---------------------------------------------------------------------------------
Start IO Insertion
---------------------------------------------------------------------------------
---------------------------------------------------------------------------------
Start Flattening Before IO Insertion
---------------------------------------------------------------------------------
---------------------------------------------------------------------------------
Finished Flattening Before IO Insertion
---------------------------------------------------------------------------------
---------------------------------------------------------------------------------
Start Final Netlist Cleanup
---------------------------------------------------------------------------------
---------------------------------------------------------------------------------
Finished Final Netlist Cleanup
---------------------------------------------------------------------------------
---------------------------------------------------------------------------------
Finished IO Insertion : Time (s): cpu = 00:00:15 ; elapsed = 00:00:15 . Memory (MB): peak = 753.234 ; gain = 500.637
---------------------------------------------------------------------------------

Report Check Netlist: 
+------+------------------+-------+---------+-------+------------------+
|      |Item              |Errors |Warnings |Status |Description       |
+------+------------------+-------+---------+-------+------------------+
|1     |multi_driven_nets |      0|        0|Passed |Multi driven nets |
+------+------------------+-------+---------+-------+------------------+
---------------------------------------------------------------------------------
Start Renaming Generated Instances
---------------------------------------------------------------------------------
---------------------------------------------------------------------------------
Finished Renaming Generated Instances : Time (s): cpu = 00:00:15 ; elapsed = 00:00:15 . Memory (MB): peak = 753.234 ; gain = 500.637
---------------------------------------------------------------------------------

Report RTL Partitions: 
+-+--------------+------------+----------+
| |RTL Partition |Replication |Instances |
+-+--------------+------------+----------+
+-+--------------+------------+----------+
---------------------------------------------------------------------------------
Start Rebuilding User Hierarchy
---------------------------------------------------------------------------------
---------------------------------------------------------------------------------
Finished Rebuilding User Hierarchy : Time (s): cpu = 00:00:15 ; elapsed = 00:00:15 . Memory (MB): peak = 753.234 ; gain = 500.637
---------------------------------------------------------------------------------
---------------------------------------------------------------------------------
Start Renaming Generated Ports
---------------------------------------------------------------------------------
---------------------------------------------------------------------------------
Finished Renaming Generated Ports : Time (s): cpu = 00:00:15 ; elapsed = 00:00:15 . Memory (MB): peak = 753.234 ; gain = 500.637
---------------------------------------------------------------------------------
---------------------------------------------------------------------------------
Start Handling Custom Attributes
---------------------------------------------------------------------------------
---------------------------------------------------------------------------------
Finished Handling Custom Attributes : Time (s): cpu = 00:00:15 ; elapsed = 00:00:15 . Memory (MB): peak = 753.234 ; gain = 500.637
---------------------------------------------------------------------------------
---------------------------------------------------------------------------------
Start Renaming Generated Nets
---------------------------------------------------------------------------------
---------------------------------------------------------------------------------
Finished Renaming Generated Nets : Time (s): cpu = 00:00:15 ; elapsed = 00:00:15 . Memory (MB): peak = 753.234 ; gain = 500.637
---------------------------------------------------------------------------------
---------------------------------------------------------------------------------
Start Writing Synthesis Report
---------------------------------------------------------------------------------

Report BlackBoxes: 
+-+--------------+----------+
| |BlackBox name |Instances |
+-+--------------+----------+
+-+--------------+----------+

Report Cell Usage: 
+------+-----+------+
|      |Cell |Count |
+------+-----+------+
|1     |LUT1 |     1|
|2     |LUT2 |    36|
|3     |LUT3 |     9|
|4     |LUT4 |     1|
|5     |IBUF |     5|
|6     |OBUF |     9|
+------+-----+------+

Report Instance Areas: 
+------+---------+-------+------+
|      |Instance |Module |Cells |
+------+---------+-------+------+
|1     |top      |       |    61|
+------+---------+-------+------+
---------------------------------------------------------------------------------
Finished Writing Synthesis Report : Time (s): cpu = 00:00:15 ; elapsed = 00:00:15 . Memory (MB): peak = 753.234 ; gain = 500.637
---------------------------------------------------------------------------------
Synthesis finished with 0 errors, 0 critical warnings and 0 warnings.
Synthesis Optimization Runtime : Time (s): cpu = 00:00:09 ; elapsed = 00:00:11 . Memory (MB): peak = 753.234 ; gain = 188.801
Synthesis Optimization Complete : Time (s): cpu = 00:00:15 ; elapsed = 00:00:15 . Memory (MB): peak = 753.234 ; gain = 500.637
INFO: [Project 1-571] Translating synthesized netlist
INFO: [Project 1-570] Preparing netlist for logic optimization
INFO: [Opt 31-138] Pushed 0 inverter(s) to 0 load pin(s).
Netlist sorting complete. Time (s): cpu = 00:00:00 ; elapsed = 00:00:00 . Memory (MB): peak = 767.391 ; gain = 0.000
INFO: [Project 1-111] Unisim Transformation Summary:
No Unisim elements were transformed.

INFO: [Common 17-83] Releasing license: Synthesis
12 Infos, 12 Warnings, 12 Critical Warnings and 0 Errors encountered.
synth_design completed successfully
synth_design: Time (s): cpu = 00:00:17 ; elapsed = 00:00:17 . Memory (MB): peak = 767.391 ; gain = 514.793
Netlist sorting complete. Time (s): cpu = 00:00:00 ; elapsed = 00:00:00 . Memory (MB): peak = 767.391 ; gain = 0.000
WARNING: [Constraints 18-5210] No constraints selected for write.
Resolution: This message can indicate that there are no constraints for the design, or it can indicate that the used_in flags are set such that the constraints are ignored. This later case is used when running synth_design to not write synthesis constraints to the resulting checkpoint. Instead, project constraints are read when the synthesized design is opened.
INFO: [Common 17-1381] The checkpoint 'C:/Users/FoersterGame/Documents/GitHub/ENES246/10Latches/7_ComboLock_Verilog/ComboLockDone/ComboLockDone.runs/synth_1/comboLockDone.dcp' has been generated.
INFO: [runtcl-4] Executing : report_utilization -file comboLockDone_utilization_synth.rpt -pb comboLockDone_utilization_synth.pb
INFO: [Common 17-206] Exiting Vivado at Mon Mar  4 10:37:15 2019...
