#-----------------------------------------------------------
# Vivado v2018.3 (64-bit)
# SW Build 2405991 on Thu Dec  6 23:38:27 MST 2018
# IP Build 2404404 on Fri Dec  7 01:43:56 MST 2018
# Start of session at: Thu Apr  4 23:46:47 2019
# Process ID: 6260
# Current directory: C:/Users/purpl_000/Documents/GitHub/Jordan-s-ENES246/12ControlPathDoesDonts/0_BeginEndLabels
# Command line: vivado.exe -gui_launcher_event rodinguilauncherevent7836 C:\Users\purpl_000\Documents\GitHub\Jordan-s-ENES246\12ControlPathDoesDonts\0_BeginEndLabels\BeginEndLabels.xpr
# Log file: C:/Users/purpl_000/Documents/GitHub/Jordan-s-ENES246/12ControlPathDoesDonts/0_BeginEndLabels/vivado.log
# Journal file: C:/Users/purpl_000/Documents/GitHub/Jordan-s-ENES246/12ControlPathDoesDonts/0_BeginEndLabels\vivado.jou
#-----------------------------------------------------------
start_gui
open_project C:/Users/purpl_000/Documents/GitHub/Jordan-s-ENES246/12ControlPathDoesDonts/0_BeginEndLabels/BeginEndLabels.xpr
INFO: [ProjectBase 1-489] The host OS only allows 260 characters in a normal path. The project is stored in a path with more than 80 characters. If you experience issues with IP, Block Designs, or files not being found, please consider moving the project to a location with a shorter path. Alternately consider using the OS subst command to map part of the path to a drive letter.
Current project path is 'C:/Users/purpl_000/Documents/GitHub/Jordan-s-ENES246/12ControlPathDoesDonts/0_BeginEndLabels'
INFO: [Project 1-313] Project file moved from 'C:/Users/SET253-17U.HCCMAIN/Documents/GitHub/ENES246/12ControlPathDoesDonts/3_BeginEndLabels' since last save.
Scanning sources...
Finished scanning sources
WARNING: [filemgmt 56-2] IPUserFilesDir: Could not find the directory 'C:/Users/purpl_000/Documents/GitHub/Jordan-s-ENES246/12ControlPathDoesDonts/0_BeginEndLabels/BeginEndLabels.ip_user_files', nor could it be found using path 'C:/Users/SET253-17U.HCCMAIN/Documents/GitHub/ENES246/12ControlPathDoesDonts/3_BeginEndLabels/BeginEndLabels.ip_user_files'.
INFO: [IP_Flow 19-234] Refreshing IP repositories
INFO: [IP_Flow 19-1704] No user IP repositories specified
INFO: [IP_Flow 19-2313] Loaded Vivado IP repository 'C:/Users/purpl_000/Desktop/Vivado/2018.3/data/ip'.
open_project: Time (s): cpu = 00:00:57 ; elapsed = 00:01:19 . Memory (MB): peak = 773.566 ; gain = 198.875
update_compile_order -fileset sources_1
