#-----------------------------------------------------------
# Vivado v2018.3 (64-bit)
# SW Build 2405991 on Thu Dec  6 23:38:27 MST 2018
# IP Build 2404404 on Fri Dec  7 01:43:56 MST 2018
# Start of session at: Sat Feb  2 20:31:33 2019
# Process ID: 10488
# Current directory: C:/Users/SET165-02U/Documents/GitHub/Jordan-s-ENES246/-1Buffers/HW1
# Command line: vivado.exe -gui_launcher_event rodinguilauncherevent2960 C:\Users\SET165-02U\Documents\GitHub\Jordan-s-ENES246\-1Buffers\HW1\hw1.xpr
# Log file: C:/Users/SET165-02U/Documents/GitHub/Jordan-s-ENES246/-1Buffers/HW1/vivado.log
# Journal file: C:/Users/SET165-02U/Documents/GitHub/Jordan-s-ENES246/-1Buffers/HW1\vivado.jou
#-----------------------------------------------------------
start_gui
open_project C:/Users/SET165-02U/Documents/GitHub/Jordan-s-ENES246/-1Buffers/HW1/hw1.xpr
INFO: [Project 1-313] Project file moved from 'C:/Users/SET253-INS1U/Documents/hw1' since last save.
Scanning sources...
Finished scanning sources
WARNING: [filemgmt 56-2] IPUserFilesDir: Could not find the directory 'C:/Users/SET165-02U/Documents/GitHub/Jordan-s-ENES246/-1Buffers/HW1/hw1.ip_user_files', nor could it be found using path 'C:/Users/SET253-INS1U/Documents/hw1/hw1.ip_user_files'.
INFO: [IP_Flow 19-234] Refreshing IP repositories
INFO: [IP_Flow 19-1704] No user IP repositories specified
INFO: [IP_Flow 19-2313] Loaded Vivado IP repository 'C:/Xilinx/Vivado/2018.3/data/ip'.
open_project: Time (s): cpu = 00:00:13 ; elapsed = 00:00:06 . Memory (MB): peak = 686.258 ; gain = 85.754
update_compile_order -fileset sources_1
exit
INFO: [Common 17-206] Exiting Vivado at Sat Feb  2 20:32:52 2019...
