#-----------------------------------------------------------
# Vivado v2018.3 (64-bit)
# SW Build 2405991 on Thu Dec  6 23:38:27 MST 2018
# IP Build 2404404 on Fri Dec  7 01:43:56 MST 2018
# Start of session at: Wed Feb 13 14:14:00 2019
# Process ID: 7132
# Current directory: C:/Users/SET253-17U.HCCMAIN/Documents/GitHub/ENES246/-5MuxOfMux/4m16x4MuxRTL
# Command line: vivado.exe -gui_launcher_event rodinguilauncherevent7048 C:\Users\SET253-17U.HCCMAIN\Documents\GitHub\ENES246\-5MuxOfMux\4m16x4MuxRTL\m16x4Mux.xpr
# Log file: C:/Users/SET253-17U.HCCMAIN/Documents/GitHub/ENES246/-5MuxOfMux/4m16x4MuxRTL/vivado.log
# Journal file: C:/Users/SET253-17U.HCCMAIN/Documents/GitHub/ENES246/-5MuxOfMux/4m16x4MuxRTL\vivado.jou
#-----------------------------------------------------------
start_gui
open_project C:/Users/SET253-17U.HCCMAIN/Documents/GitHub/ENES246/-5MuxOfMux/4m16x4MuxRTL/m16x4Mux.xpr
INFO: [Project 1-313] Project file moved from 'C:/Users/Scott Foerster/Documents/GitHub/ENES246/-5MuxOfMux/m16x4Mux' since last save.
Scanning sources...
Finished scanning sources
WARNING: [filemgmt 56-2] IPUserFilesDir: Could not find the directory 'C:/Users/SET253-17U.HCCMAIN/Documents/GitHub/ENES246/-5MuxOfMux/4m16x4MuxRTL/m16x4Mux.ip_user_files', nor could it be found using path 'C:/Users/Scott Foerster/Documents/GitHub/ENES246/-5MuxOfMux/m16x4Mux/m16x4Mux.ip_user_files'.
INFO: [IP_Flow 19-234] Refreshing IP repositories
INFO: [IP_Flow 19-1704] No user IP repositories specified
INFO: [IP_Flow 19-2313] Loaded Vivado IP repository 'C:/Xilinx/Vivado/2018.3/data/ip'.
open_project: Time (s): cpu = 00:00:13 ; elapsed = 00:00:06 . Memory (MB): peak = 729.305 ; gain = 139.258
