
*** Running vivado
    with args -log d4x7segDisplay.vds -m64 -product Vivado -mode batch -messageDb vivado.pb -notrace -source d4x7segDisplay.tcl


****** Vivado v2018.2 (64-bit)
  **** SW Build 2258646 on Thu Jun 14 20:03:12 MDT 2018
  **** IP Build 2256618 on Thu Jun 14 22:10:49 MDT 2018
    ** Copyright 1986-2018 Xilinx, Inc. All Rights Reserved.

source d4x7segDisplay.tcl -notrace
Command: synth_design -top d4x7segDisplay -part xc7a100tcsg324-1
Starting synth_design
Attempting to get a license for feature 'Synthesis' and/or device 'xc7a100t'
INFO: [Common 17-349] Got license for feature 'Synthesis' and/or device 'xc7a100t'
INFO: Launching helper process for spawning children vivado processes
INFO: Helper process launched with PID 10700 
---------------------------------------------------------------------------------
Starting RTL Elaboration : Time (s): cpu = 00:00:01 ; elapsed = 00:00:02 . Memory (MB): peak = 358.832 ; gain = 99.680
---------------------------------------------------------------------------------
INFO: [Synth 8-6157] synthesizing module 'd4x7segDisplay' [C:/Users/FoersterGame/Desktop/vivado/d4x7SegDisplay/d4x7SegDisplay.srcs/sources_1/new/d4x7segDisplay.v:13]
INFO: [Synth 8-6157] synthesizing module 'd2to4decoder' [C:/Users/FoersterGame/Desktop/vivado/d4x7SegDisplay/d4x7SegDisplay.srcs/sources_1/new/d4x7segDisplay.v:70]
INFO: [Synth 8-226] default block is never used [C:/Users/FoersterGame/Desktop/vivado/d4x7SegDisplay/d4x7SegDisplay.srcs/sources_1/new/d4x7segDisplay.v:77]
INFO: [Synth 8-6155] done synthesizing module 'd2to4decoder' (1#1) [C:/Users/FoersterGame/Desktop/vivado/d4x7SegDisplay/d4x7SegDisplay.srcs/sources_1/new/d4x7segDisplay.v:70]
INFO: [Synth 8-6157] synthesizing module 'd7segDisplay' [C:/Users/FoersterGame/Desktop/vivado/d4x7SegDisplay/d4x7SegDisplay.srcs/sources_1/new/d4x7segDisplay.v:45]
INFO: [Synth 8-6157] synthesizing module 'm16x4Mux' [C:/Users/FoersterGame/Desktop/vivado/d4x7SegDisplay/d4x7SegDisplay.srcs/sources_1/imports/new/m16x4Mux.v:3]
INFO: [Synth 8-6157] synthesizing module 'm4x2Mux' [C:/Users/FoersterGame/Desktop/vivado/d4x7SegDisplay/d4x7SegDisplay.srcs/sources_1/imports/new/m4x2Mux.v:3]
INFO: [Synth 8-6157] synthesizing module 'm2x1Mux' [C:/Users/FoersterGame/Desktop/vivado/d4x7SegDisplay/d4x7SegDisplay.srcs/sources_1/imports/new/m2x1mux.v:2]
INFO: [Synth 8-6155] done synthesizing module 'm2x1Mux' (2#1) [C:/Users/FoersterGame/Desktop/vivado/d4x7SegDisplay/d4x7SegDisplay.srcs/sources_1/imports/new/m2x1mux.v:2]
INFO: [Synth 8-6155] done synthesizing module 'm4x2Mux' (3#1) [C:/Users/FoersterGame/Desktop/vivado/d4x7SegDisplay/d4x7SegDisplay.srcs/sources_1/imports/new/m4x2Mux.v:3]
INFO: [Synth 8-6157] synthesizing module 'vcb' [C:/Users/FoersterGame/Desktop/vivado/d4x7SegDisplay/d4x7SegDisplay.srcs/sources_1/imports/new/vcb.v:3]
INFO: [Synth 8-6155] done synthesizing module 'vcb' (4#1) [C:/Users/FoersterGame/Desktop/vivado/d4x7SegDisplay/d4x7SegDisplay.srcs/sources_1/imports/new/vcb.v:3]
INFO: [Synth 8-6155] done synthesizing module 'm16x4Mux' (5#1) [C:/Users/FoersterGame/Desktop/vivado/d4x7SegDisplay/d4x7SegDisplay.srcs/sources_1/imports/new/m16x4Mux.v:3]
INFO: [Synth 8-6155] done synthesizing module 'd7segDisplay' (6#1) [C:/Users/FoersterGame/Desktop/vivado/d4x7SegDisplay/d4x7SegDisplay.srcs/sources_1/new/d4x7segDisplay.v:45]
INFO: [Synth 8-6155] done synthesizing module 'd4x7segDisplay' (7#1) [C:/Users/FoersterGame/Desktop/vivado/d4x7SegDisplay/d4x7SegDisplay.srcs/sources_1/new/d4x7segDisplay.v:13]
WARNING: [Synth 8-3917] design d4x7segDisplay has port outAnnode_selector[7] driven by constant 1
WARNING: [Synth 8-3917] design d4x7segDisplay has port outAnnode_selector[6] driven by constant 1
WARNING: [Synth 8-3917] design d4x7segDisplay has port outAnnode_selector[5] driven by constant 1
WARNING: [Synth 8-3917] design d4x7segDisplay has port outAnnode_selector[4] driven by constant 1
---------------------------------------------------------------------------------
Finished RTL Elaboration : Time (s): cpu = 00:00:02 ; elapsed = 00:00:02 . Memory (MB): peak = 413.906 ; gain = 154.754
---------------------------------------------------------------------------------

Report Check Netlist: 
+------+------------------+-------+---------+-------+------------------+
|      |Item              |Errors |Warnings |Status |Description       |
+------+------------------+-------+---------+-------+------------------+
|1     |multi_driven_nets |      0|        0|Passed |Multi driven nets |
+------+------------------+-------+---------+-------+------------------+
---------------------------------------------------------------------------------
Start Handling Custom Attributes
---------------------------------------------------------------------------------
---------------------------------------------------------------------------------
Finished Handling Custom Attributes : Time (s): cpu = 00:00:02 ; elapsed = 00:00:02 . Memory (MB): peak = 413.906 ; gain = 154.754
---------------------------------------------------------------------------------
---------------------------------------------------------------------------------
Finished RTL Optimization Phase 1 : Time (s): cpu = 00:00:02 ; elapsed = 00:00:02 . Memory (MB): peak = 413.906 ; gain = 154.754
---------------------------------------------------------------------------------
INFO: [Device 21-403] Loading part xc7a100tcsg324-1
INFO: [Project 1-570] Preparing netlist for logic optimization

Processing XDC Constraints
Initializing timing engine
Parsing XDC File [C:/Users/FoersterGame/Desktop/vivado/d4x7SegDisplay/d4x7SegDisplay.srcs/constrs_1/imports/CONSTANTS/Nexys4DDR_Master.xdc]
Finished Parsing XDC File [C:/Users/FoersterGame/Desktop/vivado/d4x7SegDisplay/d4x7SegDisplay.srcs/constrs_1/imports/CONSTANTS/Nexys4DDR_Master.xdc]
INFO: [Project 1-236] Implementation specific constraints were found while reading constraint file [C:/Users/FoersterGame/Desktop/vivado/d4x7SegDisplay/d4x7SegDisplay.srcs/constrs_1/imports/CONSTANTS/Nexys4DDR_Master.xdc]. These constraints will be ignored for synthesis but will be used in implementation. Impacted constraints are listed in the file [.Xil/d4x7segDisplay_propImpl.xdc].
Resolution: To avoid this warning, move constraints listed in [.Xil/d4x7segDisplay_propImpl.xdc] to another XDC file and exclude this new file from synthesis with the used_in_synthesis property (File Properties dialog in GUI) and re-run elaboration/synthesis.
Completed Processing XDC Constraints

INFO: [Project 1-111] Unisim Transformation Summary:
No Unisim elements were transformed.

Constraint Validation Runtime : Time (s): cpu = 00:00:00 ; elapsed = 00:00:00.002 . Memory (MB): peak = 758.824 ; gain = 0.000
---------------------------------------------------------------------------------
Finished Constraint Validation : Time (s): cpu = 00:00:08 ; elapsed = 00:00:10 . Memory (MB): peak = 758.824 ; gain = 499.672
---------------------------------------------------------------------------------
---------------------------------------------------------------------------------
Start Loading Part and Timing Information
---------------------------------------------------------------------------------
Loading part: xc7a100tcsg324-1
---------------------------------------------------------------------------------
Finished Loading Part and Timing Information : Time (s): cpu = 00:00:08 ; elapsed = 00:00:10 . Memory (MB): peak = 758.824 ; gain = 499.672
---------------------------------------------------------------------------------
---------------------------------------------------------------------------------
Start Applying 'set_property' XDC Constraints
---------------------------------------------------------------------------------
---------------------------------------------------------------------------------
Finished applying 'set_property' XDC Constraints : Time (s): cpu = 00:00:08 ; elapsed = 00:00:10 . Memory (MB): peak = 758.824 ; gain = 499.672
---------------------------------------------------------------------------------
---------------------------------------------------------------------------------
Finished RTL Optimization Phase 2 : Time (s): cpu = 00:00:08 ; elapsed = 00:00:10 . Memory (MB): peak = 758.824 ; gain = 499.672
---------------------------------------------------------------------------------

Report RTL Partitions: 
+-+--------------+------------+----------+
| |RTL Partition |Replication |Instances |
+-+--------------+------------+----------+
+-+--------------+------------+----------+
---------------------------------------------------------------------------------
Start RTL Component Statistics 
---------------------------------------------------------------------------------
Detailed RTL Component Info : 
+---Muxes : 
	   4 Input      4 Bit        Muxes := 2     
---------------------------------------------------------------------------------
Finished RTL Component Statistics 
---------------------------------------------------------------------------------
---------------------------------------------------------------------------------
Start RTL Hierarchical Component Statistics 
---------------------------------------------------------------------------------
Hierarchical RTL Component report 
Module d2to4decoder 
Detailed RTL Component Info : 
+---Muxes : 
	   4 Input      4 Bit        Muxes := 1     
---------------------------------------------------------------------------------
Finished RTL Hierarchical Component Statistics
---------------------------------------------------------------------------------
---------------------------------------------------------------------------------
Start Part Resource Summary
---------------------------------------------------------------------------------
Part Resources:
DSPs: 240 (col length:80)
BRAMs: 270 (col length: RAMB18 80 RAMB36 40)
---------------------------------------------------------------------------------
Finished Part Resource Summary
---------------------------------------------------------------------------------
---------------------------------------------------------------------------------
Start Cross Boundary and Area Optimization
---------------------------------------------------------------------------------
Warning: Parallel synthesis criteria is not met 
WARNING: [Synth 8-3917] design d4x7segDisplay has port outAnnode_selector[7] driven by constant 1
WARNING: [Synth 8-3917] design d4x7segDisplay has port outAnnode_selector[6] driven by constant 1
WARNING: [Synth 8-3917] design d4x7segDisplay has port outAnnode_selector[5] driven by constant 1
WARNING: [Synth 8-3917] design d4x7segDisplay has port outAnnode_selector[4] driven by constant 1
---------------------------------------------------------------------------------
Finished Cross Boundary and Area Optimization : Time (s): cpu = 00:00:08 ; elapsed = 00:00:10 . Memory (MB): peak = 758.824 ; gain = 499.672
---------------------------------------------------------------------------------

Report RTL Partitions: 
+-+--------------+------------+----------+
| |RTL Partition |Replication |Instances |
+-+--------------+------------+----------+
+-+--------------+------------+----------+
---------------------------------------------------------------------------------
Start Applying XDC Timing Constraints
---------------------------------------------------------------------------------
---------------------------------------------------------------------------------
Finished Applying XDC Timing Constraints : Time (s): cpu = 00:00:14 ; elapsed = 00:00:17 . Memory (MB): peak = 758.824 ; gain = 499.672
---------------------------------------------------------------------------------
---------------------------------------------------------------------------------
Start Timing Optimization
---------------------------------------------------------------------------------
---------------------------------------------------------------------------------
Finished Timing Optimization : Time (s): cpu = 00:00:14 ; elapsed = 00:00:17 . Memory (MB): peak = 758.824 ; gain = 499.672
---------------------------------------------------------------------------------

Report RTL Partitions: 
+-+--------------+------------+----------+
| |RTL Partition |Replication |Instances |
+-+--------------+------------+----------+
+-+--------------+------------+----------+
---------------------------------------------------------------------------------
Start Technology Mapping
---------------------------------------------------------------------------------
---------------------------------------------------------------------------------
Finished Technology Mapping : Time (s): cpu = 00:00:14 ; elapsed = 00:00:17 . Memory (MB): peak = 758.824 ; gain = 499.672
---------------------------------------------------------------------------------

Report RTL Partitions: 
+-+--------------+------------+----------+
| |RTL Partition |Replication |Instances |
+-+--------------+------------+----------+
+-+--------------+------------+----------+
---------------------------------------------------------------------------------
Start IO Insertion
---------------------------------------------------------------------------------
---------------------------------------------------------------------------------
Start Flattening Before IO Insertion
---------------------------------------------------------------------------------
---------------------------------------------------------------------------------
Finished Flattening Before IO Insertion
---------------------------------------------------------------------------------
---------------------------------------------------------------------------------
Start Final Netlist Cleanup
---------------------------------------------------------------------------------
---------------------------------------------------------------------------------
Finished Final Netlist Cleanup
---------------------------------------------------------------------------------
---------------------------------------------------------------------------------
Finished IO Insertion : Time (s): cpu = 00:00:15 ; elapsed = 00:00:18 . Memory (MB): peak = 758.824 ; gain = 499.672
---------------------------------------------------------------------------------

Report Check Netlist: 
+------+------------------+-------+---------+-------+------------------+
|      |Item              |Errors |Warnings |Status |Description       |
+------+------------------+-------+---------+-------+------------------+
|1     |multi_driven_nets |      0|        0|Passed |Multi driven nets |
+------+------------------+-------+---------+-------+------------------+
---------------------------------------------------------------------------------
Start Renaming Generated Instances
---------------------------------------------------------------------------------
---------------------------------------------------------------------------------
Finished Renaming Generated Instances : Time (s): cpu = 00:00:15 ; elapsed = 00:00:18 . Memory (MB): peak = 758.824 ; gain = 499.672
---------------------------------------------------------------------------------

Report RTL Partitions: 
+-+--------------+------------+----------+
| |RTL Partition |Replication |Instances |
+-+--------------+------------+----------+
+-+--------------+------------+----------+
---------------------------------------------------------------------------------
Start Rebuilding User Hierarchy
---------------------------------------------------------------------------------
---------------------------------------------------------------------------------
Finished Rebuilding User Hierarchy : Time (s): cpu = 00:00:15 ; elapsed = 00:00:18 . Memory (MB): peak = 758.824 ; gain = 499.672
---------------------------------------------------------------------------------
---------------------------------------------------------------------------------
Start Renaming Generated Ports
---------------------------------------------------------------------------------
---------------------------------------------------------------------------------
Finished Renaming Generated Ports : Time (s): cpu = 00:00:15 ; elapsed = 00:00:18 . Memory (MB): peak = 758.824 ; gain = 499.672
---------------------------------------------------------------------------------
---------------------------------------------------------------------------------
Start Handling Custom Attributes
---------------------------------------------------------------------------------
---------------------------------------------------------------------------------
Finished Handling Custom Attributes : Time (s): cpu = 00:00:15 ; elapsed = 00:00:18 . Memory (MB): peak = 758.824 ; gain = 499.672
---------------------------------------------------------------------------------
---------------------------------------------------------------------------------
Start Renaming Generated Nets
---------------------------------------------------------------------------------
---------------------------------------------------------------------------------
Finished Renaming Generated Nets : Time (s): cpu = 00:00:15 ; elapsed = 00:00:18 . Memory (MB): peak = 758.824 ; gain = 499.672
---------------------------------------------------------------------------------
---------------------------------------------------------------------------------
Start Writing Synthesis Report
---------------------------------------------------------------------------------

Report BlackBoxes: 
+-+--------------+----------+
| |BlackBox name |Instances |
+-+--------------+----------+
+-+--------------+----------+

Report Cell Usage: 
+------+------+------+
|      |Cell  |Count |
+------+------+------+
|1     |LUT1  |     8|
|2     |LUT2  |    28|
|3     |LUT4  |    29|
|4     |LUT6  |     8|
|5     |IBUF  |    16|
|6     |OBUF  |     8|
|7     |OBUFT |     8|
+------+------+------+

Report Instance Areas: 
+------+-----------+---------------+------+
|      |Instance   |Module         |Cells |
+------+-----------+---------------+------+
|1     |top        |               |   105|
|2     |  d1       |d2to4decoder   |    28|
|3     |  u0       |d7segDisplay   |    21|
|4     |    i1     |m16x4Mux_19    |     3|
|5     |      m5   |m4x2Mux_38     |     3|
|6     |        I3 |m2x1Mux_39     |     3|
|7     |    i2     |m16x4Mux_20    |     3|
|8     |      m5   |m4x2Mux_36     |     3|
|9     |        I3 |m2x1Mux_37     |     3|
|10    |    i3     |m16x4Mux_21    |     3|
|11    |      m5   |m4x2Mux_34     |     3|
|12    |        I3 |m2x1Mux_35     |     3|
|13    |    i4     |m16x4Mux_22    |     3|
|14    |      m5   |m4x2Mux_32     |     3|
|15    |        I3 |m2x1Mux_33     |     3|
|16    |    i5     |m16x4Mux_23    |     3|
|17    |      m5   |m4x2Mux_30     |     3|
|18    |        I3 |m2x1Mux_31     |     3|
|19    |    i6     |m16x4Mux_24    |     3|
|20    |      m5   |m4x2Mux_28     |     3|
|21    |        I3 |m2x1Mux_29     |     3|
|22    |    i7     |m16x4Mux_25    |     3|
|23    |      m5   |m4x2Mux_26     |     3|
|24    |        I3 |m2x1Mux_27     |     3|
|25    |  u1       |d7segDisplay_0 |     7|
|26    |    i1     |m16x4Mux       |     1|
|27    |      m5   |m4x2Mux_17     |     1|
|28    |        I3 |m2x1Mux_18     |     1|
|29    |    i2     |m16x4Mux_1     |     1|
|30    |      m5   |m4x2Mux_15     |     1|
|31    |        I3 |m2x1Mux_16     |     1|
|32    |    i3     |m16x4Mux_2     |     1|
|33    |      m5   |m4x2Mux_13     |     1|
|34    |        I3 |m2x1Mux_14     |     1|
|35    |    i4     |m16x4Mux_3     |     1|
|36    |      m5   |m4x2Mux_11     |     1|
|37    |        I3 |m2x1Mux_12     |     1|
|38    |    i5     |m16x4Mux_4     |     1|
|39    |      m5   |m4x2Mux_9      |     1|
|40    |        I3 |m2x1Mux_10     |     1|
|41    |    i6     |m16x4Mux_5     |     1|
|42    |      m5   |m4x2Mux_7      |     1|
|43    |        I3 |m2x1Mux_8      |     1|
|44    |    i7     |m16x4Mux_6     |     1|
|45    |      m5   |m4x2Mux        |     1|
|46    |        I3 |m2x1Mux        |     1|
+------+-----------+---------------+------+
---------------------------------------------------------------------------------
Finished Writing Synthesis Report : Time (s): cpu = 00:00:15 ; elapsed = 00:00:18 . Memory (MB): peak = 758.824 ; gain = 499.672
---------------------------------------------------------------------------------
Synthesis finished with 0 errors, 0 critical warnings and 4 warnings.
Synthesis Optimization Runtime : Time (s): cpu = 00:00:09 ; elapsed = 00:00:12 . Memory (MB): peak = 758.824 ; gain = 154.754
Synthesis Optimization Complete : Time (s): cpu = 00:00:15 ; elapsed = 00:00:18 . Memory (MB): peak = 758.824 ; gain = 499.672
INFO: [Project 1-571] Translating synthesized netlist
INFO: [Netlist 29-17] Analyzing 16 Unisim elements for replacement
INFO: [Netlist 29-28] Unisim Transformation completed in 0 CPU seconds
INFO: [Project 1-570] Preparing netlist for logic optimization
INFO: [Opt 31-138] Pushed 0 inverter(s) to 0 load pin(s).
INFO: [Project 1-111] Unisim Transformation Summary:
No Unisim elements were transformed.

INFO: [Common 17-83] Releasing license: Synthesis
27 Infos, 8 Warnings, 0 Critical Warnings and 0 Errors encountered.
synth_design completed successfully
synth_design: Time (s): cpu = 00:00:17 ; elapsed = 00:00:20 . Memory (MB): peak = 772.707 ; gain = 526.566
WARNING: [Constraints 18-5210] No constraint will be written out.
INFO: [Common 17-1381] The checkpoint 'C:/Users/FoersterGame/Desktop/vivado/d4x7SegDisplay/d4x7SegDisplay.runs/synth_1/d4x7segDisplay.dcp' has been generated.
INFO: [runtcl-4] Executing : report_utilization -file d4x7segDisplay_utilization_synth.rpt -pb d4x7segDisplay_utilization_synth.pb
report_utilization: Time (s): cpu = 00:00:00 ; elapsed = 00:00:00.030 . Memory (MB): peak = 772.707 ; gain = 0.000
INFO: [Common 17-206] Exiting Vivado at Tue Oct 16 05:10:34 2018...
