#-----------------------------------------------------------
# Vivado v2018.3 (64-bit)
# SW Build 2405991 on Thu Dec  6 23:38:27 MST 2018
# IP Build 2404404 on Fri Dec  7 01:43:56 MST 2018
# Start of session at: Tue Mar 26 05:37:56 2019
# Process ID: 12108
# Current directory: C:/Users/FoersterGame/Documents/GitHub/ENES246/13Debounce_Shift/4_UniversalShiftRegister/project2/cliff_classic
# Command line: vivado.exe -gui_launcher_event rodinguilauncherevent7004 C:\Users\FoersterGame\Documents\GitHub\ENES246\13Debounce_Shift\4_UniversalShiftRegister\project2\cliff_classic\cliff_classic.xpr
# Log file: C:/Users/FoersterGame/Documents/GitHub/ENES246/13Debounce_Shift/4_UniversalShiftRegister/project2/cliff_classic/vivado.log
# Journal file: C:/Users/FoersterGame/Documents/GitHub/ENES246/13Debounce_Shift/4_UniversalShiftRegister/project2/cliff_classic\vivado.jou
#-----------------------------------------------------------
start_gui
open_project C:/Users/FoersterGame/Documents/GitHub/ENES246/13Debounce_Shift/4_UniversalShiftRegister/project2/cliff_classic/cliff_classic.xpr
INFO: [ProjectBase 1-489] The host OS only allows 260 characters in a normal path. The project is stored in a path with more than 80 characters. If you experience issues with IP, Block Designs, or files not being found, please consider moving the project to a location with a shorter path. Alternately consider using the OS subst command to map part of the path to a drive letter.
Current project path is 'C:/Users/FoersterGame/Documents/GitHub/ENES246/13Debounce_Shift/4_UniversalShiftRegister/project2/cliff_classic'
INFO: [Project 1-313] Project file moved from 'C:/Users/SET253-11U/Documents/GitHub/ENES246/13Debounce_Shift/4_UniversalShiftRegister/project2/cliff_classic' since last save.
Scanning sources...
Finished scanning sources
WARNING: [filemgmt 56-2] IPUserFilesDir: Could not find the directory 'C:/Users/FoersterGame/Documents/GitHub/ENES246/13Debounce_Shift/4_UniversalShiftRegister/project2/cliff_classic/cliff_classic.ip_user_files', nor could it be found using path 'C:/Users/SET253-11U/Documents/GitHub/ENES246/13Debounce_Shift/4_UniversalShiftRegister/project2/cliff_classic/cliff_classic.ip_user_files'.
INFO: [IP_Flow 19-234] Refreshing IP repositories
INFO: [IP_Flow 19-1704] No user IP repositories specified
INFO: [IP_Flow 19-2313] Loaded Vivado IP repository 'C:/Xilinx/Vivado/2018.3/data/ip'.
update_compile_order -fileset sources_1
import_files
INFO: [filemgmt 20-334] All file(s) are already imported in fileset: 'constrs_1'
INFO: [filemgmt 20-348] Importing the appropriate files for fileset: 'constrs_1'
INFO: [filemgmt 20-348] Importing the appropriate files for fileset: 'sources_1'
reset_run synth_1
launch_runs impl_1 -to_step write_bitstream -jobs 4
[Tue Mar 26 05:39:16 2019] Launched synth_1...
Run output will be captured here: C:/Users/FoersterGame/Documents/GitHub/ENES246/13Debounce_Shift/4_UniversalShiftRegister/project2/cliff_classic/cliff_classic.runs/synth_1/runme.log
[Tue Mar 26 05:39:16 2019] Launched impl_1...
Run output will be captured here: C:/Users/FoersterGame/Documents/GitHub/ENES246/13Debounce_Shift/4_UniversalShiftRegister/project2/cliff_classic/cliff_classic.runs/impl_1/runme.log
exit
INFO: [Common 17-206] Exiting Vivado at Tue Mar 26 05:41:48 2019...
