#-----------------------------------------------------------
# Vivado v2018.3 (64-bit)
# SW Build 2405991 on Thu Dec  6 23:38:27 MST 2018
# IP Build 2404404 on Fri Dec  7 01:43:56 MST 2018
# Start of session at: Sat Feb  2 17:44:12 2019
# Process ID: 1484
# Current directory: C:/Users/SET165-02U/Documents/GitHub/Jordan-s-ENES246/-1Buffers/multipleLEDs
# Command line: vivado.exe -gui_launcher_event rodinguilauncherevent6196 C:\Users\SET165-02U\Documents\GitHub\Jordan-s-ENES246\-1Buffers\multipleLEDs\buffers.xpr
# Log file: C:/Users/SET165-02U/Documents/GitHub/Jordan-s-ENES246/-1Buffers/multipleLEDs/vivado.log
# Journal file: C:/Users/SET165-02U/Documents/GitHub/Jordan-s-ENES246/-1Buffers/multipleLEDs\vivado.jou
#-----------------------------------------------------------
start_gui
open_project C:/Users/SET165-02U/Documents/GitHub/Jordan-s-ENES246/-1Buffers/multipleLEDs/buffers.xpr
INFO: [Project 1-313] Project file moved from 'C:/Users/FoersterGame/Documents/GitHub/ENES246/-1Buffers/multipleLEDs' since last save.
Scanning sources...
Finished scanning sources
INFO: [IP_Flow 19-234] Refreshing IP repositories
INFO: [IP_Flow 19-1704] No user IP repositories specified
INFO: [IP_Flow 19-2313] Loaded Vivado IP repository 'C:/Xilinx/Vivado/2018.3/data/ip'.
open_project: Time (s): cpu = 00:00:12 ; elapsed = 00:00:06 . Memory (MB): peak = 757.934 ; gain = 149.496
update_compile_order -fileset sources_1
synth_design -rtl -name rtl_1
Command: synth_design -rtl -name rtl_1
Starting synth_design
Using part: xc7a100tcsg324-1
Top: switchLED
---------------------------------------------------------------------------------
Starting RTL Elaboration : Time (s): cpu = 00:00:03 ; elapsed = 00:00:02 . Memory (MB): peak = 815.023 ; gain = 51.953
---------------------------------------------------------------------------------
INFO: [Synth 8-6157] synthesizing module 'switchLED' [C:/Users/SET165-02U/Documents/GitHub/Jordan-s-ENES246/-1Buffers/multipleLEDs/buffers.srcs/sources_1/imports/RTL/Lab1-1Buffers.v:12]
INFO: [Synth 8-6155] done synthesizing module 'switchLED' (1#1) [C:/Users/SET165-02U/Documents/GitHub/Jordan-s-ENES246/-1Buffers/multipleLEDs/buffers.srcs/sources_1/imports/RTL/Lab1-1Buffers.v:12]
WARNING: [Synth 8-3330] design switchLED has an empty top module
WARNING: [Synth 8-3917] design switchLED has port LED[15] driven by constant 0
WARNING: [Synth 8-3917] design switchLED has port LED[14] driven by constant 0
WARNING: [Synth 8-3917] design switchLED has port LED[13] driven by constant 0
WARNING: [Synth 8-3917] design switchLED has port LED[12] driven by constant 0
WARNING: [Synth 8-3917] design switchLED has port LED[11] driven by constant 0
WARNING: [Synth 8-3917] design switchLED has port LED[10] driven by constant 0
WARNING: [Synth 8-3917] design switchLED has port LED[9] driven by constant 0
WARNING: [Synth 8-3917] design switchLED has port LED[8] driven by constant 0
WARNING: [Synth 8-3917] design switchLED has port LED[7] driven by constant 0
WARNING: [Synth 8-3917] design switchLED has port LED[6] driven by constant 0
WARNING: [Synth 8-3917] design switchLED has port LED[5] driven by constant 0
WARNING: [Synth 8-3917] design switchLED has port LED[4] driven by constant 0
WARNING: [Synth 8-3917] design switchLED has port LED[3] driven by constant 0
WARNING: [Synth 8-3917] design switchLED has port LED[2] driven by constant 0
WARNING: [Synth 8-3917] design switchLED has port LED[1] driven by constant 0
---------------------------------------------------------------------------------
Finished RTL Elaboration : Time (s): cpu = 00:00:04 ; elapsed = 00:00:03 . Memory (MB): peak = 864.219 ; gain = 101.148
---------------------------------------------------------------------------------

Report Check Netlist: 
+------+------------------+-------+---------+-------+------------------+
|      |Item              |Errors |Warnings |Status |Description       |
+------+------------------+-------+---------+-------+------------------+
|1     |multi_driven_nets |      0|        0|Passed |Multi driven nets |
+------+------------------+-------+---------+-------+------------------+
---------------------------------------------------------------------------------
Start Handling Custom Attributes
---------------------------------------------------------------------------------
---------------------------------------------------------------------------------
Finished Handling Custom Attributes : Time (s): cpu = 00:00:05 ; elapsed = 00:00:03 . Memory (MB): peak = 864.219 ; gain = 101.148
---------------------------------------------------------------------------------
---------------------------------------------------------------------------------
Finished RTL Optimization Phase 1 : Time (s): cpu = 00:00:05 ; elapsed = 00:00:03 . Memory (MB): peak = 864.219 ; gain = 101.148
---------------------------------------------------------------------------------
INFO: [Device 21-403] Loading part xc7a100tcsg324-1
INFO: [Project 1-570] Preparing netlist for logic optimization
INFO: [Opt 31-140] Inserted 1 IBUFs to IO ports without IO buffers.
INFO: [Opt 31-141] Inserted 16 OBUFs to IO ports without IO buffers.

Processing XDC Constraints
Initializing timing engine
Parsing XDC File [C:/Users/SET165-02U/Documents/GitHub/Jordan-s-ENES246/-1Buffers/multipleLEDs/buffers.srcs/constrs_1/imports/Vivado_RTL/buffers.xdc]
Finished Parsing XDC File [C:/Users/SET165-02U/Documents/GitHub/Jordan-s-ENES246/-1Buffers/multipleLEDs/buffers.srcs/constrs_1/imports/Vivado_RTL/buffers.xdc]
Completed Processing XDC Constraints

INFO: [Opt 31-138] Pushed 0 inverter(s) to 0 load pin(s).
Netlist sorting complete. Time (s): cpu = 00:00:00 ; elapsed = 00:00:00 . Memory (MB): peak = 1152.656 ; gain = 0.000
INFO: [Project 1-111] Unisim Transformation Summary:
No Unisim elements were transformed.

RTL Elaboration Complete:  : Time (s): cpu = 00:00:22 ; elapsed = 00:00:14 . Memory (MB): peak = 1208.531 ; gain = 445.461
8 Infos, 16 Warnings, 0 Critical Warnings and 0 Errors encountered.
synth_design completed successfully
synth_design: Time (s): cpu = 00:00:22 ; elapsed = 00:00:14 . Memory (MB): peak = 1208.531 ; gain = 445.461
reset_run synth_1
launch_runs synth_1 -jobs 2
[Sat Feb  2 17:46:27 2019] Launched synth_1...
Run output will be captured here: C:/Users/SET165-02U/Documents/GitHub/Jordan-s-ENES246/-1Buffers/multipleLEDs/buffers.runs/synth_1/runme.log
close_design
open_run synth_1 -name synth_1
Design is defaulting to impl run constrset: constrs_1
Design is defaulting to synth run part: xc7a100tcsg324-1
INFO: [Project 1-479] Netlist was created with Vivado 2018.3
INFO: [Project 1-570] Preparing netlist for logic optimization
Parsing XDC File [C:/Users/SET165-02U/Documents/GitHub/Jordan-s-ENES246/-1Buffers/multipleLEDs/buffers.srcs/constrs_1/imports/Vivado_RTL/buffers.xdc]
Finished Parsing XDC File [C:/Users/SET165-02U/Documents/GitHub/Jordan-s-ENES246/-1Buffers/multipleLEDs/buffers.srcs/constrs_1/imports/Vivado_RTL/buffers.xdc]
INFO: [Opt 31-138] Pushed 0 inverter(s) to 0 load pin(s).
Netlist sorting complete. Time (s): cpu = 00:00:00 ; elapsed = 00:00:00 . Memory (MB): peak = 1213.938 ; gain = 0.000
INFO: [Project 1-111] Unisim Transformation Summary:
No Unisim elements were transformed.

launch_runs impl_1 -jobs 2
Netlist sorting complete. Time (s): cpu = 00:00:00 ; elapsed = 00:00:00 . Memory (MB): peak = 1696.941 ; gain = 0.000
INFO: [Timing 38-480] Writing timing data to binary archive.
Writing placer database...
Writing XDEF routing.
Writing XDEF routing logical nets.
Writing XDEF routing special nets.
Write XDEF Complete: Time (s): cpu = 00:00:00 ; elapsed = 00:00:00.048 . Memory (MB): peak = 1696.941 ; gain = 0.000
Netlist sorting complete. Time (s): cpu = 00:00:00 ; elapsed = 00:00:00 . Memory (MB): peak = 1696.941 ; gain = 0.000
[Sat Feb  2 17:55:28 2019] Launched impl_1...
Run output will be captured here: C:/Users/SET165-02U/Documents/GitHub/Jordan-s-ENES246/-1Buffers/multipleLEDs/buffers.runs/impl_1/runme.log
close_design
open_run impl_1
INFO: [Project 1-479] Netlist was created with Vivado 2018.3
INFO: [Project 1-570] Preparing netlist for logic optimization
INFO: [Timing 38-478] Restoring timing data from binary archive.
INFO: [Timing 38-479] Binary timing data restore complete.
INFO: [Project 1-856] Restoring constraints from binary archive.
INFO: [Project 1-853] Binary constraint restore complete.
Reading XDEF placement.
Reading placer database...
Reading XDEF routing.
Read XDEF File: Time (s): cpu = 00:00:00 ; elapsed = 00:00:00.043 . Memory (MB): peak = 1746.383 ; gain = 0.000
Restored from archive | CPU: 0.000000 secs | Memory: 0.000000 MB |
Finished XDEF File Restore: Time (s): cpu = 00:00:00 ; elapsed = 00:00:00.043 . Memory (MB): peak = 1746.383 ; gain = 0.000
Netlist sorting complete. Time (s): cpu = 00:00:00 ; elapsed = 00:00:00 . Memory (MB): peak = 1746.383 ; gain = 0.000
INFO: [Project 1-111] Unisim Transformation Summary:
No Unisim elements were transformed.

WARNING: [Timing 38-313] There are no user specified timing constraints. Timing constraints are needed for proper timing analysis.
launch_runs impl_1 -to_step write_bitstream -jobs 2
[Sat Feb  2 18:04:36 2019] Launched impl_1...
Run output will be captured here: C:/Users/SET165-02U/Documents/GitHub/Jordan-s-ENES246/-1Buffers/multipleLEDs/buffers.runs/impl_1/runme.log
open_hw
connect_hw_server
INFO: [Labtools 27-2285] Connecting to hw_server url TCP:localhost:3121
INFO: [Labtools 27-2222] Launching hw_server...
INFO: [Labtools 27-2221] Launch Output:

****** Xilinx hw_server v2018.3
  **** Build date : Dec  7 2018-00:40:27
    ** Copyright 1986-2018 Xilinx, Inc. All Rights Reserved.


open_hw_target
INFO: [Labtoolstcl 44-466] Opening hw_target localhost:3121/xilinx_tcf/Digilent/210292A8B159A
set_property PROGRAM.FILE {C:/Users/SET165-02U/Documents/GitHub/Jordan-s-ENES246/-1Buffers/multipleLEDs/buffers.runs/impl_1/switchLED.bit} [get_hw_devices xc7a100t_0]
current_hw_device [get_hw_devices xc7a100t_0]
refresh_hw_device -update_hw_probes false [lindex [get_hw_devices xc7a100t_0] 0]
INFO: [Labtools 27-1434] Device xc7a100t (JTAG device index = 0) is programmed with a design that has no supported debug core(s) in it.
set_property PROBES.FILE {} [get_hw_devices xc7a100t_0]
set_property FULL_PROBES.FILE {} [get_hw_devices xc7a100t_0]
set_property PROGRAM.FILE {C:/Users/SET165-02U/Documents/GitHub/Jordan-s-ENES246/-1Buffers/multipleLEDs/buffers.runs/impl_1/switchLED.bit} [get_hw_devices xc7a100t_0]
program_hw_devices [get_hw_devices xc7a100t_0]
INFO: [Labtools 27-3164] End of startup status: HIGH
refresh_hw_device [lindex [get_hw_devices xc7a100t_0] 0]
INFO: [Labtools 27-1434] Device xc7a100t (JTAG device index = 0) is programmed with a design that has no supported debug core(s) in it.
set_property PROBES.FILE {} [get_hw_devices xc7a100t_0]
set_property FULL_PROBES.FILE {} [get_hw_devices xc7a100t_0]
set_property PROGRAM.FILE {C:/Users/SET165-02U/Documents/GitHub/Jordan-s-ENES246/-1Buffers/multipleLEDs/buffers.runs/impl_1/switchLED.bit} [get_hw_devices xc7a100t_0]
program_hw_devices [get_hw_devices xc7a100t_0]
INFO: [Labtools 27-3164] End of startup status: HIGH
refresh_hw_device [lindex [get_hw_devices xc7a100t_0] 0]
INFO: [Labtools 27-1434] Device xc7a100t (JTAG device index = 0) is programmed with a design that has no supported debug core(s) in it.
reset_run synth_1
launch_runs synth_1 -jobs 2
[Sat Feb  2 18:11:28 2019] Launched synth_1...
Run output will be captured here: C:/Users/SET165-02U/Documents/GitHub/Jordan-s-ENES246/-1Buffers/multipleLEDs/buffers.runs/synth_1/runme.log
launch_runs impl_1 -jobs 2
[Sat Feb  2 18:14:04 2019] Launched impl_1...
Run output will be captured here: C:/Users/SET165-02U/Documents/GitHub/Jordan-s-ENES246/-1Buffers/multipleLEDs/buffers.runs/impl_1/runme.log
launch_runs impl_1 -to_step write_bitstream -jobs 2
[Sat Feb  2 18:18:04 2019] Launched impl_1...
Run output will be captured here: C:/Users/SET165-02U/Documents/GitHub/Jordan-s-ENES246/-1Buffers/multipleLEDs/buffers.runs/impl_1/runme.log
set_property PROBES.FILE {} [get_hw_devices xc7a100t_0]
set_property FULL_PROBES.FILE {} [get_hw_devices xc7a100t_0]
set_property PROGRAM.FILE {C:/Users/SET165-02U/Documents/GitHub/Jordan-s-ENES246/-1Buffers/multipleLEDs/buffers.runs/impl_1/switchLED.bit} [get_hw_devices xc7a100t_0]
program_hw_devices [get_hw_devices xc7a100t_0]
INFO: [Labtools 27-3164] End of startup status: HIGH
refresh_hw_device [lindex [get_hw_devices xc7a100t_0] 0]
INFO: [Labtools 27-1434] Device xc7a100t (JTAG device index = 0) is programmed with a design that has no supported debug core(s) in it.
ERROR: [Labtoolstcl 44-513] HW Target shutdown. Closing target: localhost:3121/xilinx_tcf/Digilent/210292A8B159A
INFO: [Labtoolstcl 44-466] Opening hw_target localhost:3121/xilinx_tcf/Digilent/210292A8B159A
INFO: [Labtools 27-1435] Device xc7a100t (JTAG device index = 0) is not programmed (DONE status = 0).
WARNING: [Labtoolstcl 44-129] No matching hw_ila_data was found.
refresh_hw_device [lindex [get_hw_devices xc7a100t_0] 0]
INFO: [Labtools 27-1435] Device xc7a100t (JTAG device index = 0) is not programmed (DONE status = 0).
set_property PROBES.FILE {} [get_hw_devices xc7a100t_0]
set_property FULL_PROBES.FILE {} [get_hw_devices xc7a100t_0]
set_property PROGRAM.FILE {C:/Users/SET165-02U/Documents/GitHub/Jordan-s-ENES246/-1Buffers/multipleLEDs/buffers.runs/impl_1/switchLED.bit} [get_hw_devices xc7a100t_0]
program_hw_devices [get_hw_devices xc7a100t_0]
INFO: [Labtools 27-3164] End of startup status: HIGH
refresh_hw_device [lindex [get_hw_devices xc7a100t_0] 0]
INFO: [Labtools 27-1434] Device xc7a100t (JTAG device index = 0) is programmed with a design that has no supported debug core(s) in it.
close_project
exit
INFO: [Common 17-206] Exiting Vivado at Sat Feb  2 18:22:23 2019...
