#-----------------------------------------------------------
# Vivado v2018.3 (64-bit)
# SW Build 2405991 on Thu Dec  6 23:38:27 MST 2018
# IP Build 2404404 on Fri Dec  7 01:43:56 MST 2018
# Start of session at: Mon Mar 25 15:51:56 2019
# Process ID: 5884
# Current directory: C:/Users/SET253-04U.HCCMAIN/Documents/GitHub/Jordan-s-ENES246/10Latches/4_EveryOtherAsynchronousSequential
# Command line: vivado.exe -gui_launcher_event rodinguilauncherevent6416 C:\Users\SET253-04U.HCCMAIN\Documents\GitHub\Jordan-s-ENES246\10Latches\4_EveryOtherAsynchronousSequential\everyOther.xpr
# Log file: C:/Users/SET253-04U.HCCMAIN/Documents/GitHub/Jordan-s-ENES246/10Latches/4_EveryOtherAsynchronousSequential/vivado.log
# Journal file: C:/Users/SET253-04U.HCCMAIN/Documents/GitHub/Jordan-s-ENES246/10Latches/4_EveryOtherAsynchronousSequential\vivado.jou
#-----------------------------------------------------------
start_gui
open_project C:/Users/SET253-04U.HCCMAIN/Documents/GitHub/Jordan-s-ENES246/10Latches/4_EveryOtherAsynchronousSequential/everyOther.xpr
INFO: [ProjectBase 1-489] The host OS only allows 260 characters in a normal path. The project is stored in a path with more than 80 characters. If you experience issues with IP, Block Designs, or files not being found, please consider moving the project to a location with a shorter path. Alternately consider using the OS subst command to map part of the path to a drive letter.
Current project path is 'C:/Users/SET253-04U.HCCMAIN/Documents/GitHub/Jordan-s-ENES246/10Latches/4_EveryOtherAsynchronousSequential'
INFO: [Project 1-313] Project file moved from 'C:/Users/FoersterGame/Documents/GitHub/ENES246/10Latches/4_EveryOtherAsynchronousSequential' since last save.
Scanning sources...
Finished scanning sources
WARNING: [filemgmt 56-2] IPUserFilesDir: Could not find the directory 'C:/Users/SET253-04U.HCCMAIN/Documents/GitHub/Jordan-s-ENES246/10Latches/4_EveryOtherAsynchronousSequential/everyOther.ip_user_files', nor could it be found using path 'C:/Users/FoersterGame/Documents/GitHub/ENES246/10Latches/4_EveryOtherAsynchronousSequential/everyOther.ip_user_files'.
INFO: [IP_Flow 19-234] Refreshing IP repositories
INFO: [IP_Flow 19-1704] No user IP repositories specified
INFO: [IP_Flow 19-2313] Loaded Vivado IP repository 'C:/Xilinx/Vivado/2018.3/data/ip'.
open_project: Time (s): cpu = 00:00:13 ; elapsed = 00:00:06 . Memory (MB): peak = 740.672 ; gain = 148.605
update_compile_order -fileset sources_1
synth_design -rtl -name rtl_1
Command: synth_design -rtl -name rtl_1
Starting synth_design
Using part: xc7a100tcsg324-1
Top: everyOther
---------------------------------------------------------------------------------
Starting RTL Elaboration : Time (s): cpu = 00:00:03 ; elapsed = 00:00:02 . Memory (MB): peak = 827.676 ; gain = 61.285
---------------------------------------------------------------------------------
INFO: [Synth 8-6157] synthesizing module 'everyOther' [C:/Users/SET253-04U.HCCMAIN/Documents/GitHub/Jordan-s-ENES246/10Latches/4_EveryOtherAsynchronousSequential/everyOther.srcs/sources_1/new/everyOther.sv:3]
INFO: [Synth 8-6155] done synthesizing module 'everyOther' (1#1) [C:/Users/SET253-04U.HCCMAIN/Documents/GitHub/Jordan-s-ENES246/10Latches/4_EveryOtherAsynchronousSequential/everyOther.srcs/sources_1/new/everyOther.sv:3]
---------------------------------------------------------------------------------
Finished RTL Elaboration : Time (s): cpu = 00:00:03 ; elapsed = 00:00:03 . Memory (MB): peak = 859.055 ; gain = 92.664
---------------------------------------------------------------------------------

Report Check Netlist: 
+------+------------------+-------+---------+-------+------------------+
|      |Item              |Errors |Warnings |Status |Description       |
+------+------------------+-------+---------+-------+------------------+
|1     |multi_driven_nets |      0|        0|Passed |Multi driven nets |
+------+------------------+-------+---------+-------+------------------+
---------------------------------------------------------------------------------
Start Handling Custom Attributes
---------------------------------------------------------------------------------
---------------------------------------------------------------------------------
Finished Handling Custom Attributes : Time (s): cpu = 00:00:04 ; elapsed = 00:00:03 . Memory (MB): peak = 859.055 ; gain = 92.664
---------------------------------------------------------------------------------
---------------------------------------------------------------------------------
Finished RTL Optimization Phase 1 : Time (s): cpu = 00:00:04 ; elapsed = 00:00:03 . Memory (MB): peak = 859.055 ; gain = 92.664
---------------------------------------------------------------------------------
INFO: [Device 21-403] Loading part xc7a100tcsg324-1
INFO: [Project 1-570] Preparing netlist for logic optimization

Processing XDC Constraints
Initializing timing engine
Parsing XDC File [C:/Users/SET253-04U.HCCMAIN/Documents/GitHub/Jordan-s-ENES246/10Latches/4_EveryOtherAsynchronousSequential/everyOther.srcs/constrs_1/imports/ENES246/Nexys4DDR_Master.xdc]
WARNING: [Vivado 12-507] No nets matched 'Y1'. [C:/Users/SET253-04U.HCCMAIN/Documents/GitHub/Jordan-s-ENES246/10Latches/4_EveryOtherAsynchronousSequential/everyOther.srcs/constrs_1/imports/ENES246/Nexys4DDR_Master.xdc:20]
CRITICAL WARNING: [Common 17-55] 'set_property' expects at least one object. [C:/Users/SET253-04U.HCCMAIN/Documents/GitHub/Jordan-s-ENES246/10Latches/4_EveryOtherAsynchronousSequential/everyOther.srcs/constrs_1/imports/ENES246/Nexys4DDR_Master.xdc:20]
Resolution: If [get_<value>] was used to populate the object, check to make sure this command returns at least one valid object.
WARNING: [Vivado 12-507] No nets matched 'Y2'. [C:/Users/SET253-04U.HCCMAIN/Documents/GitHub/Jordan-s-ENES246/10Latches/4_EveryOtherAsynchronousSequential/everyOther.srcs/constrs_1/imports/ENES246/Nexys4DDR_Master.xdc:21]
CRITICAL WARNING: [Common 17-55] 'set_property' expects at least one object. [C:/Users/SET253-04U.HCCMAIN/Documents/GitHub/Jordan-s-ENES246/10Latches/4_EveryOtherAsynchronousSequential/everyOther.srcs/constrs_1/imports/ENES246/Nexys4DDR_Master.xdc:21]
Resolution: If [get_<value>] was used to populate the object, check to make sure this command returns at least one valid object.
WARNING: [Vivado 12-507] No nets matched 'Y_OBUF_inst_i_2_n_0'. [C:/Users/SET253-04U.HCCMAIN/Documents/GitHub/Jordan-s-ENES246/10Latches/4_EveryOtherAsynchronousSequential/everyOther.srcs/constrs_1/imports/ENES246/Nexys4DDR_Master.xdc:22]
CRITICAL WARNING: [Common 17-55] 'set_property' expects at least one object. [C:/Users/SET253-04U.HCCMAIN/Documents/GitHub/Jordan-s-ENES246/10Latches/4_EveryOtherAsynchronousSequential/everyOther.srcs/constrs_1/imports/ENES246/Nexys4DDR_Master.xdc:22]
Resolution: If [get_<value>] was used to populate the object, check to make sure this command returns at least one valid object.
WARNING: [Vivado 12-507] No nets matched 'y2_OBUF'. [C:/Users/SET253-04U.HCCMAIN/Documents/GitHub/Jordan-s-ENES246/10Latches/4_EveryOtherAsynchronousSequential/everyOther.srcs/constrs_1/imports/ENES246/Nexys4DDR_Master.xdc:23]
CRITICAL WARNING: [Common 17-55] 'set_property' expects at least one object. [C:/Users/SET253-04U.HCCMAIN/Documents/GitHub/Jordan-s-ENES246/10Latches/4_EveryOtherAsynchronousSequential/everyOther.srcs/constrs_1/imports/ENES246/Nexys4DDR_Master.xdc:23]
Resolution: If [get_<value>] was used to populate the object, check to make sure this command returns at least one valid object.
WARNING: [Vivado 12-507] No nets matched 'Y_OBUF_inst_i_2_n_0'. [C:/Users/SET253-04U.HCCMAIN/Documents/GitHub/Jordan-s-ENES246/10Latches/4_EveryOtherAsynchronousSequential/everyOther.srcs/constrs_1/imports/ENES246/Nexys4DDR_Master.xdc:24]
CRITICAL WARNING: [Common 17-55] 'set_property' expects at least one object. [C:/Users/SET253-04U.HCCMAIN/Documents/GitHub/Jordan-s-ENES246/10Latches/4_EveryOtherAsynchronousSequential/everyOther.srcs/constrs_1/imports/ENES246/Nexys4DDR_Master.xdc:24]
Resolution: If [get_<value>] was used to populate the object, check to make sure this command returns at least one valid object.
WARNING: [Vivado 12-507] No nets matched 'y2_OBUF'. [C:/Users/SET253-04U.HCCMAIN/Documents/GitHub/Jordan-s-ENES246/10Latches/4_EveryOtherAsynchronousSequential/everyOther.srcs/constrs_1/imports/ENES246/Nexys4DDR_Master.xdc:25]
CRITICAL WARNING: [Common 17-55] 'set_property' expects at least one object. [C:/Users/SET253-04U.HCCMAIN/Documents/GitHub/Jordan-s-ENES246/10Latches/4_EveryOtherAsynchronousSequential/everyOther.srcs/constrs_1/imports/ENES246/Nexys4DDR_Master.xdc:25]
Resolution: If [get_<value>] was used to populate the object, check to make sure this command returns at least one valid object.
Finished Parsing XDC File [C:/Users/SET253-04U.HCCMAIN/Documents/GitHub/Jordan-s-ENES246/10Latches/4_EveryOtherAsynchronousSequential/everyOther.srcs/constrs_1/imports/ENES246/Nexys4DDR_Master.xdc]
Completed Processing XDC Constraints

INFO: [Opt 31-138] Pushed 0 inverter(s) to 0 load pin(s).
Netlist sorting complete. Time (s): cpu = 00:00:00 ; elapsed = 00:00:00 . Memory (MB): peak = 1139.395 ; gain = 0.000
INFO: [Project 1-111] Unisim Transformation Summary:
No Unisim elements were transformed.

RTL Elaboration Complete:  : Time (s): cpu = 00:00:18 ; elapsed = 00:00:13 . Memory (MB): peak = 1216.656 ; gain = 450.266
6 Infos, 6 Warnings, 6 Critical Warnings and 0 Errors encountered.
synth_design completed successfully
synth_design: Time (s): cpu = 00:00:18 ; elapsed = 00:00:13 . Memory (MB): peak = 1216.656 ; gain = 450.266
reset_run synth_1
launch_runs synth_1 -jobs 2
[Mon Mar 25 15:57:56 2019] Launched synth_1...
Run output will be captured here: C:/Users/SET253-04U.HCCMAIN/Documents/GitHub/Jordan-s-ENES246/10Latches/4_EveryOtherAsynchronousSequential/everyOther.runs/synth_1/runme.log
close_design
open_run synth_1 -name synth_1
Design is defaulting to impl run constrset: constrs_1
Design is defaulting to synth run part: xc7a100tcsg324-1
INFO: [Project 1-479] Netlist was created with Vivado 2018.3
INFO: [Project 1-570] Preparing netlist for logic optimization
Parsing XDC File [C:/Users/SET253-04U.HCCMAIN/Documents/GitHub/Jordan-s-ENES246/10Latches/4_EveryOtherAsynchronousSequential/everyOther.srcs/constrs_1/imports/ENES246/Nexys4DDR_Master.xdc]
WARNING: [Vivado 12-507] No nets matched 'Y1'. [C:/Users/SET253-04U.HCCMAIN/Documents/GitHub/Jordan-s-ENES246/10Latches/4_EveryOtherAsynchronousSequential/everyOther.srcs/constrs_1/imports/ENES246/Nexys4DDR_Master.xdc:20]
CRITICAL WARNING: [Common 17-55] 'set_property' expects at least one object. [C:/Users/SET253-04U.HCCMAIN/Documents/GitHub/Jordan-s-ENES246/10Latches/4_EveryOtherAsynchronousSequential/everyOther.srcs/constrs_1/imports/ENES246/Nexys4DDR_Master.xdc:20]
Resolution: If [get_<value>] was used to populate the object, check to make sure this command returns at least one valid object.
WARNING: [Vivado 12-507] No nets matched 'Y2'. [C:/Users/SET253-04U.HCCMAIN/Documents/GitHub/Jordan-s-ENES246/10Latches/4_EveryOtherAsynchronousSequential/everyOther.srcs/constrs_1/imports/ENES246/Nexys4DDR_Master.xdc:21]
CRITICAL WARNING: [Common 17-55] 'set_property' expects at least one object. [C:/Users/SET253-04U.HCCMAIN/Documents/GitHub/Jordan-s-ENES246/10Latches/4_EveryOtherAsynchronousSequential/everyOther.srcs/constrs_1/imports/ENES246/Nexys4DDR_Master.xdc:21]
Resolution: If [get_<value>] was used to populate the object, check to make sure this command returns at least one valid object.
WARNING: [Vivado 12-507] No nets matched 'Y_OBUF_inst_i_2_n_0'. [C:/Users/SET253-04U.HCCMAIN/Documents/GitHub/Jordan-s-ENES246/10Latches/4_EveryOtherAsynchronousSequential/everyOther.srcs/constrs_1/imports/ENES246/Nexys4DDR_Master.xdc:22]
CRITICAL WARNING: [Common 17-55] 'set_property' expects at least one object. [C:/Users/SET253-04U.HCCMAIN/Documents/GitHub/Jordan-s-ENES246/10Latches/4_EveryOtherAsynchronousSequential/everyOther.srcs/constrs_1/imports/ENES246/Nexys4DDR_Master.xdc:22]
Resolution: If [get_<value>] was used to populate the object, check to make sure this command returns at least one valid object.
WARNING: [Vivado 12-507] No nets matched 'Y_OBUF_inst_i_2_n_0'. [C:/Users/SET253-04U.HCCMAIN/Documents/GitHub/Jordan-s-ENES246/10Latches/4_EveryOtherAsynchronousSequential/everyOther.srcs/constrs_1/imports/ENES246/Nexys4DDR_Master.xdc:24]
CRITICAL WARNING: [Common 17-55] 'set_property' expects at least one object. [C:/Users/SET253-04U.HCCMAIN/Documents/GitHub/Jordan-s-ENES246/10Latches/4_EveryOtherAsynchronousSequential/everyOther.srcs/constrs_1/imports/ENES246/Nexys4DDR_Master.xdc:24]
Resolution: If [get_<value>] was used to populate the object, check to make sure this command returns at least one valid object.
Finished Parsing XDC File [C:/Users/SET253-04U.HCCMAIN/Documents/GitHub/Jordan-s-ENES246/10Latches/4_EveryOtherAsynchronousSequential/everyOther.srcs/constrs_1/imports/ENES246/Nexys4DDR_Master.xdc]
INFO: [Opt 31-138] Pushed 0 inverter(s) to 0 load pin(s).
Netlist sorting complete. Time (s): cpu = 00:00:00 ; elapsed = 00:00:00 . Memory (MB): peak = 1217.066 ; gain = 0.000
INFO: [Project 1-111] Unisim Transformation Summary:
No Unisim elements were transformed.

launch_runs impl_1 -jobs 2
Netlist sorting complete. Time (s): cpu = 00:00:00 ; elapsed = 00:00:00 . Memory (MB): peak = 1697.922 ; gain = 0.000
INFO: [Timing 38-480] Writing timing data to binary archive.
Writing placer database...
Writing XDEF routing.
Writing XDEF routing logical nets.
Writing XDEF routing special nets.
Write XDEF Complete: Time (s): cpu = 00:00:00 ; elapsed = 00:00:00.047 . Memory (MB): peak = 1697.922 ; gain = 0.000
Netlist sorting complete. Time (s): cpu = 00:00:00 ; elapsed = 00:00:00 . Memory (MB): peak = 1700.926 ; gain = 0.000
[Mon Mar 25 15:58:59 2019] Launched impl_1...
Run output will be captured here: C:/Users/SET253-04U.HCCMAIN/Documents/GitHub/Jordan-s-ENES246/10Latches/4_EveryOtherAsynchronousSequential/everyOther.runs/impl_1/runme.log
close_design
open_run impl_1
INFO: [Project 1-479] Netlist was created with Vivado 2018.3
INFO: [Project 1-570] Preparing netlist for logic optimization
INFO: [Timing 38-478] Restoring timing data from binary archive.
INFO: [Timing 38-479] Binary timing data restore complete.
INFO: [Project 1-856] Restoring constraints from binary archive.
INFO: [Project 1-853] Binary constraint restore complete.
Reading XDEF placement.
Reading placer database...
Reading XDEF routing.
Read XDEF File: Time (s): cpu = 00:00:00 ; elapsed = 00:00:00.044 . Memory (MB): peak = 1747.000 ; gain = 0.000
Restored from archive | CPU: 0.000000 secs | Memory: 0.000000 MB |
Finished XDEF File Restore: Time (s): cpu = 00:00:00 ; elapsed = 00:00:00.044 . Memory (MB): peak = 1747.000 ; gain = 0.000
Netlist sorting complete. Time (s): cpu = 00:00:00 ; elapsed = 00:00:00 . Memory (MB): peak = 1747.000 ; gain = 0.000
INFO: [Project 1-111] Unisim Transformation Summary:
No Unisim elements were transformed.

WARNING: [Timing 38-313] There are no user specified timing constraints. Timing constraints are needed for proper timing analysis.
launch_runs impl_1 -to_step write_bitstream -jobs 2
[Mon Mar 25 16:02:15 2019] Launched impl_1...
Run output will be captured here: C:/Users/SET253-04U.HCCMAIN/Documents/GitHub/Jordan-s-ENES246/10Latches/4_EveryOtherAsynchronousSequential/everyOther.runs/impl_1/runme.log
open_hw
connect_hw_server
INFO: [Labtools 27-2285] Connecting to hw_server url TCP:localhost:3121
open_hw_target
INFO: [Labtoolstcl 44-466] Opening hw_target localhost:3121/xilinx_tcf/Digilent/210292A8B159A
set_property PROGRAM.FILE {C:/Users/SET253-04U.HCCMAIN/Documents/GitHub/Jordan-s-ENES246/10Latches/4_EveryOtherAsynchronousSequential/everyOther.runs/impl_1/everyOther.bit} [get_hw_devices xc7a100t_0]
current_hw_device [get_hw_devices xc7a100t_0]
refresh_hw_device -update_hw_probes false [lindex [get_hw_devices xc7a100t_0] 0]
INFO: [Labtools 27-1434] Device xc7a100t (JTAG device index = 0) is programmed with a design that has no supported debug core(s) in it.
set_property PROBES.FILE {} [get_hw_devices xc7a100t_0]
set_property FULL_PROBES.FILE {} [get_hw_devices xc7a100t_0]
set_property PROGRAM.FILE {C:/Users/SET253-04U.HCCMAIN/Documents/GitHub/Jordan-s-ENES246/10Latches/4_EveryOtherAsynchronousSequential/everyOther.runs/impl_1/everyOther.bit} [get_hw_devices xc7a100t_0]
program_hw_devices [get_hw_devices xc7a100t_0]
INFO: [Labtools 27-3164] End of startup status: HIGH
refresh_hw_device [lindex [get_hw_devices xc7a100t_0] 0]
INFO: [Labtools 27-1434] Device xc7a100t (JTAG device index = 0) is programmed with a design that has no supported debug core(s) in it.
ERROR: [Labtoolstcl 44-513] HW Target shutdown. Closing target: localhost:3121/xilinx_tcf/Digilent/210292A8B159A
INFO: [Labtoolstcl 44-466] Opening hw_target localhost:3121/xilinx_tcf/Digilent/210292A8B159A
INFO: [Labtools 27-1435] Device xc7a100t (JTAG device index = 0) is not programmed (DONE status = 0).
WARNING: [Labtoolstcl 44-129] No matching hw_ila_data was found.
set_property PROBES.FILE {} [get_hw_devices xc7a100t_0]
set_property FULL_PROBES.FILE {} [get_hw_devices xc7a100t_0]
set_property PROGRAM.FILE {C:/Users/SET253-04U.HCCMAIN/Documents/GitHub/Jordan-s-ENES246/10Latches/4_EveryOtherAsynchronousSequential/everyOther.runs/impl_1/everyOther.bit} [get_hw_devices xc7a100t_0]
program_hw_devices [get_hw_devices xc7a100t_0]
INFO: [Labtools 27-3164] End of startup status: HIGH
refresh_hw_device [lindex [get_hw_devices xc7a100t_0] 0]
INFO: [Labtools 27-1434] Device xc7a100t (JTAG device index = 0) is programmed with a design that has no supported debug core(s) in it.
set_property PROBES.FILE {} [get_hw_devices xc7a100t_0]
set_property FULL_PROBES.FILE {} [get_hw_devices xc7a100t_0]
set_property PROGRAM.FILE {C:/Users/SET253-04U.HCCMAIN/Documents/GitHub/Jordan-s-ENES246/10Latches/4_EveryOtherAsynchronousSequential/everyOther.runs/impl_1/everyOther.bit} [get_hw_devices xc7a100t_0]
program_hw_devices [get_hw_devices xc7a100t_0]
INFO: [Labtools 27-3164] End of startup status: HIGH
refresh_hw_device [lindex [get_hw_devices xc7a100t_0] 0]
INFO: [Labtools 27-1434] Device xc7a100t (JTAG device index = 0) is programmed with a design that has no supported debug core(s) in it.
close_project
exit
INFO: [Common 17-206] Exiting Vivado at Mon Mar 25 16:46:02 2019...
